************************************************************
*                                                          *
*                     W E L C O M E to                     *
*              M A D G R A P H 5 _ a M C @ N L O           *
*                                                          *
*                                                          *
*                 *                       *                *
*                   *        * *        *                  *
*                     * * * * 5 * * * *                    *
*                   *        * *        *                  *
*                 *                       *                *
*                                                          *
*         VERSION 3.5.1                 2023-07-11         *
*                                                          *
*    The MadGraph5_aMC@NLO Development Team - Find us at   *
*              http://madgraph.phys.ucl.ac.be/             *
*                            and                           *
*            http://amcatnlo.web.cern.ch/amcatnlo/         *
*                                                          *
*               Type 'help' for in-line help.              *
*           Type 'tutorial' to learn how MG5 works         *
*    Type 'tutorial aMCatNLO' to learn how aMC@NLO works   *
*    Type 'tutorial MadLoop' to learn how MadLoop works    *
*                                                          *
************************************************************
load MG5 configuration from ../../../../srv/localstage/condor/dir_2773575/mg5amcnlo/input/mg5_configuration.txt 
fastjet-config does not seem to correspond to a valid fastjet-config executable (v3+). We will use fjcore instead.
 Please set the 'fastjet'variable to the full (absolute) /PATH/TO/fastjet-config (including fastjet-config).
 MG5_aMC> set fastjet /PATH/TO/fastjet-config

eMELA-config does not seem to correspond to a valid eMELA-config executable.
 Please set the 'fastjet'variable to the full (absolute) /PATH/TO/eMELA-config (including eMELA-config).
 MG5_aMC> set eMELA /PATH/TO/eMELA-config

lhapdf-config does not seem to correspond to a valid lhapdf-config executable. 
Please set the 'lhapdf' variable to the (absolute) /PATH/TO/lhapdf-config (including lhapdf-config).
Note that you can still compile and run aMC@NLO with the built-in PDFs
 MG5_aMC> set lhapdf /PATH/TO/lhapdf-config

None does not seem to correspond to a valid lhapdf-config executable. 
Please set the 'lhapdf' variable to the (absolute) /PATH/TO/lhapdf-config (including lhapdf-config).
Note that you can still compile and run aMC@NLO with the built-in PDFs
 MG5_aMC> set lhapdf /PATH/TO/lhapdf-config

Using default text editor "vi". Set another one in ./input/mg5_configuration.txt
Using default eps viewer "evince". Set another one in ./input/mg5_configuration.txt
Using default web browser "firefox". Set another one in ./input/mg5_configuration.txt
import /vols/cms/us322/events_4b/02_event_generation_4b/mg_processes/signal_supp_4/morphing_basis_vector_8/madminer/cards/mg_commands_0.dat
The import format was not given, so we guess it as command
launch /vols/cms/us322/events_4b/02_event_generation_4b/mg_processes/signal_supp_4/morphing_basis_vector_8
************************************************************
*                                                          *
*                      W E L C O M E to                    *
*             M A D G R A P H 5 _ a M C @ N L O            *
*                      M A D E V E N T                     *
*                                                          *
*                 *                       *                *
*                   *        * *        *                  *
*                     * * * * 5 * * * *                    *
*                   *        * *        *                  *
*                 *                       *                *
*                                                          *
*         VERSION 3.5.1                 2023-07-11         *
*                                                          *
*    The MadGraph5_aMC@NLO Development Team - Find us at   *
*    https://server06.fynu.ucl.ac.be/projects/madgraph     *
*                                                          *
*               Type 'help' for in-line help.              *
*                                                          *
************************************************************
INFO: load configuration from /vols/cms/us322/events_4b/02_event_generation_4b/mg_processes/signal_supp_4/morphing_basis_vector_8/Cards/me5_configuration.txt  
INFO: load configuration from /srv/localstage/condor/dir_2773575/mg5amcnlo/input/mg5_configuration.txt  
INFO: load configuration from /vols/cms/us322/events_4b/02_event_generation_4b/mg_processes/signal_supp_4/morphing_basis_vector_8/Cards/me5_configuration.txt  
Using default text editor "vi". Set another one in ./input/mg5_configuration.txt
generate_events run_01
stty: 'standard input': Inappropriate ioctl for device
The following switches determine which programs are run:
/===========================================================================\
| 1. Choose the shower/hadronization program   [1m  shower[0m = [32mPythia8[0m           |
| 2. Choose the detector simulation program    [1mdetector[0m = [01mNot Avail.[0m        |
| 3. Choose an analysis package (plot/convert) [1manalysis[0m = [01mNot Avail.[0m        |
| 4. Decay onshell particles                   [1m madspin[0m = [32mON[0m                |
| 5. Add weights to events for new hypp.       [1mreweight[0m = [32mON[0m                |
\===========================================================================/
Either type the switch number (1 to 5) to change its setting,
Set any switch explicitly (e.g. type 'shower=OFF' at the prompt)
Type 'help' for the list of all valid option
Type '0', 'auto', 'done' or just press enter when you are done.
[1;34mfound line : order=LO[0m
[1;34mThis answer is not valid for current question. Keep it for next question and use here default: 0[0m
Do you want to edit a card (press enter to bypass editing)?
/------------------------------------------------------------\
|  [31m1[0m. param         : [32mparam_card.dat[0m                         |
|  [31m2[0m. run           : [32mrun_card.dat[0m                           |
|  [31m3[0m. pythia8       : [32mpythia8_card.dat[0m                       |
|  [31m4[0m. madspin       : [32mmadspin_card.dat[0m                       |
|  [31m5[0m. reweight      : [32mreweight_card.dat[0m                      |
|  [31m6[0m. MadLoopParams : [32mMadLoopParams.dat[0m                      |
\------------------------------------------------------------/
 you can also
   - enter the path to a valid card or banner.
   - use the 'set' command to modify a parameter directly.
     The set option works only for param_card and run_card.
     Type 'help set' for more information on this command.
   - call an external program (ASperGE/MadWidth/...).
     Type 'help' for the list of available command
 [[4m0[0m, done, 1, param, 2, run, 3, pythia8, 4, enter path, ... ]
[1;34mfound line : order=LO[0m
[1;34mThis answer is not valid for current question. Keep it for next question and use here default: 0[0m
INFO: Update the dependent parameter of the param_card.dat 
[1;34mWARNING: update the strong coupling value (alpha_s) to the value from the pdf selected: 0.119 [0m
[1;34mWARNING: Unknow type of information in the card: dim64f4l,dim64f,dim64f2l [0m
Generating 25000 events with run name run_01
survey  run_01 
INFO: compile directory 
initMadLoop -r -f
Error: no DISPLAY environment variable specified
Initializing MadLoop loop-induced matrix elements (this can take some time)...
MadLoop initialization finished.
compile Source Directory
Using random number seed offset = 1054
INFO: Running Survey 
Creating Jobs
Working on SubProcesses
INFO:     P0_gg_hh  
INFO:  Idle: 1,  Running: 3,  Completed: 0 [ current time: 21h00 ] 
INFO:  Idle: 0,  Running: 3,  Completed: 1 [  14.5s  ] 
INFO: P0_gg_hh/G1 is at 0.1 +- 0.00289 pb. Now submitting iteration #2. 
INFO:  Idle: 0,  Running: 3,  Completed: 6 [  37.2s  ] 
INFO: P0_gg_hh/G1 is at 0.0969 +- 0.00126 pb. Now submitting iteration #3. 
INFO:  Idle: 0,  Running: 3,  Completed: 11 [  1m 21s  ] 
INFO: Survey finished for P0_gg_hh/G1 at 0.09581 +- 0.000615 pb 
INFO:  Idle: 0,  Running: 0,  Completed: 15 [  1m 22s  ] 
INFO: End survey 
refine 25000
Creating Jobs
INFO: Refine results to 25000 
INFO: Generating 25000.0 unweighted events. 
sum of cpu time of last step: 0 second
INFO: Effective Luminosity 300062.62394322094 pb^-1 
INFO: need to improve 1 channels 
- Current estimate of cross-section: 0.09581 +- 0.00061534
INFO:  Idle: 0,  Running: 16,  Completed: 0 [ current time: 21h02 ] 
INFO:  Idle: 0,  Running: 15,  Completed: 1 [  2m 21s  ] 
INFO: P0_gg_hh/G1 is at 2660/28543 (9.3%) event. Resubmit 40 job at iteration 1. 
INFO:  Idle: 23,  Running: 16,  Completed: 18 [  4m 43s  ] 
INFO:  Idle: 11,  Running: 16,  Completed: 30 [  4m 46s  ] 
INFO:  Idle: 7,  Running: 16,  Completed: 34 [  7m 3s  ] 
INFO:  Idle: 0,  Running: 9,  Completed: 48 [  7m 8s  ] 
INFO:  Idle: 0,  Running: 7,  Completed: 50 [  8m 14s  ] 
INFO:  Idle: 1,  Running: 0,  Completed: 57 [  8m 17s  ] 
INFO: P0_gg_hh/G1 is at 9440/28502 (33%) event. Resubmit 81 job at iteration 2. 
INFO:  Idle: 64,  Running: 16,  Completed: 59 [  10m 36s  ] 
INFO:  Idle: 51,  Running: 16,  Completed: 72 [  10m 39s  ] 
INFO:  Idle: 48,  Running: 16,  Completed: 75 [  12m 56s  ] 
INFO:  Idle: 37,  Running: 16,  Completed: 86 [  13m 1s  ] 
INFO:  Idle: 34,  Running: 16,  Completed: 89 [  13m 4s  ] 
INFO:  Idle: 33,  Running: 16,  Completed: 90 [  13m 7s  ] 
INFO:  Idle: 32,  Running: 16,  Completed: 91 [  15m 18s  ] 
INFO:  Idle: 22,  Running: 16,  Completed: 101 [  15m 21s  ] 
INFO:  Idle: 19,  Running: 16,  Completed: 104 [  15m 25s  ] 
INFO:  Idle: 17,  Running: 16,  Completed: 106 [  15m 32s  ] 
INFO:  Idle: 16,  Running: 16,  Completed: 107 [  17m 37s  ] 
INFO:  Idle: 11,  Running: 16,  Completed: 112 [  17m 42s  ] 
INFO:  Idle: 3,  Running: 16,  Completed: 120 [  17m 46s  ] 
INFO:  Idle: 1,  Running: 16,  Completed: 122 [  17m 57s  ] 
INFO:  Idle: 0,  Running: 16,  Completed: 123 [  19m 57s  ] 
INFO:  Idle: 0,  Running: 12,  Completed: 127 [  20m 0s  ] 
INFO:  Idle: 0,  Running: 7,  Completed: 132 [  20m 3s  ] 
INFO:  Idle: 1,  Running: 0,  Completed: 139 [  20m 12s  ] 
INFO: P0_gg_hh/G1 is at 22428/28513 ('79%') event. Resubmit 33 job at iteration 3. 
INFO:  Idle: 16,  Running: 16,  Completed: 141 [  22m 32s  ] 
INFO:  Idle: 5,  Running: 16,  Completed: 152 [  22m 37s  ] 
INFO:  Idle: 0,  Running: 16,  Completed: 157 [  24m 51s  ] 
INFO:  Idle: 0,  Running: 4,  Completed: 169 [  24m 54s  ] 
INFO:  Idle: 1,  Running: 0,  Completed: 173 [  25m 2s  ] 
INFO: found enough event for P0_gg_hh/G1 
INFO:  Idle: 0,  Running: 0,  Completed: 174 [  25m 2s  ] 
INFO: Combining runs 
sum of cpu time of last step: 0 second
INFO: finish refine 
refine 25000 --treshold=0.9
No need for second refine due to stability of cross-section
INFO: Combining Events 
 
 
 
  === Results Summary for run: run_01 tag: tag_1 ===

     Cumulative sequential time for this run: 25m57s
     Cross-section :   0.095 +- 4.444e-05 pb
     Nb of events :  25000
 
store_events
INFO: Storing parton level results 
INFO: End Parton 
reweight -from_cards
INFO: Extracting the banner ... 
INFO: process: p p > H H QED=2 QCD=2  
INFO: options: NP=2  
INFO: Running Reweighting 
change output default
change helicity False
launch --rwgt_name=sm
[1;31mError detected in "generate_events run_01"
write debug file /vols/cms/us322/events_4b/02_event_generation_4b/mg_processes/signal_supp_4/morphing_basis_vector_8/run_01_tag_1_debug.log 
If you need help with this issue please contact us on https://answers.launchpad.net/mg5amcnlo
str : Unable to evaluate mdl_sw2 = 1 - mdl_MW__exp__2/mdl_MZ__exp__2: raise error: name 'mdl_MW__exp__2' is not defined[0m
INFO: storing files of previous run 
gzipping output file: unweighted_events.lhe
INFO: Done 
INFO:  
[1;34mcommand not executed:         shower=Pythia8[0m
[1;34mcommand not executed:         detector=OFF[0m
[1;34mcommand not executed:         analysis=OFF[0m
[1;34mcommand not executed:         madspin=ON[0m
[1;34mcommand not executed:         reweight=ON[0m
[1;34mcommand not executed:         done[0m
[1;34mcommand not executed:         [0m
INFO: Original cross-section: 0.095 +- 4.4445e-05 pb 
INFO: Computed cross-section: 
quit
INFO:  
quit
