************************************************************
*                                                          *
*                     W E L C O M E to                     *
*              M A D G R A P H 5 _ a M C @ N L O           *
*                                                          *
*                                                          *
*                 *                       *                *
*                   *        * *        *                  *
*                     * * * * 5 * * * *                    *
*                   *        * *        *                  *
*                 *                       *                *
*                                                          *
*         VERSION 3.5.1                 2023-07-11         *
*                                                          *
*    The MadGraph5_aMC@NLO Development Team - Find us at   *
*              http://madgraph.phys.ucl.ac.be/             *
*                            and                           *
*            http://amcatnlo.web.cern.ch/amcatnlo/         *
*                                                          *
*               Type 'help' for in-line help.              *
*           Type 'tutorial' to learn how MG5 works         *
*    Type 'tutorial aMCatNLO' to learn how aMC@NLO works   *
*    Type 'tutorial MadLoop' to learn how MadLoop works    *
*                                                          *
************************************************************
load MG5 configuration from ../../../../srv/localstage/condor/dir_849207/mg5amcnlo/input/mg5_configuration.txt 
fastjet-config does not seem to correspond to a valid fastjet-config executable (v3+). We will use fjcore instead.
 Please set the 'fastjet'variable to the full (absolute) /PATH/TO/fastjet-config (including fastjet-config).
 MG5_aMC> set fastjet /PATH/TO/fastjet-config

eMELA-config does not seem to correspond to a valid eMELA-config executable.
 Please set the 'fastjet'variable to the full (absolute) /PATH/TO/eMELA-config (including eMELA-config).
 MG5_aMC> set eMELA /PATH/TO/eMELA-config

lhapdf-config does not seem to correspond to a valid lhapdf-config executable. 
Please set the 'lhapdf' variable to the (absolute) /PATH/TO/lhapdf-config (including lhapdf-config).
Note that you can still compile and run aMC@NLO with the built-in PDFs
 MG5_aMC> set lhapdf /PATH/TO/lhapdf-config

None does not seem to correspond to a valid lhapdf-config executable. 
Please set the 'lhapdf' variable to the (absolute) /PATH/TO/lhapdf-config (including lhapdf-config).
Note that you can still compile and run aMC@NLO with the built-in PDFs
 MG5_aMC> set lhapdf /PATH/TO/lhapdf-config

Using default text editor "vi". Set another one in ./input/mg5_configuration.txt
Using default eps viewer "evince". Set another one in ./input/mg5_configuration.txt
Using default web browser "firefox". Set another one in ./input/mg5_configuration.txt
import /vols/cms/us322/events_4b/02_event_generation_4b/mg_processes/signal_supp_12/morphing_basis_vector_5/madminer/cards/mg_commands_0.dat
The import format was not given, so we guess it as command
launch /vols/cms/us322/events_4b/02_event_generation_4b/mg_processes/signal_supp_12/morphing_basis_vector_5
************************************************************
*                                                          *
*                      W E L C O M E to                    *
*             M A D G R A P H 5 _ a M C @ N L O            *
*                      M A D E V E N T                     *
*                                                          *
*                 *                       *                *
*                   *        * *        *                  *
*                     * * * * 5 * * * *                    *
*                   *        * *        *                  *
*                 *                       *                *
*                                                          *
*         VERSION 3.5.1                 2023-07-11         *
*                                                          *
*    The MadGraph5_aMC@NLO Development Team - Find us at   *
*    https://server06.fynu.ucl.ac.be/projects/madgraph     *
*                                                          *
*               Type 'help' for in-line help.              *
*                                                          *
************************************************************
INFO: load configuration from /vols/cms/us322/events_4b/02_event_generation_4b/mg_processes/signal_supp_12/morphing_basis_vector_5/Cards/me5_configuration.txt  
INFO: load configuration from /srv/localstage/condor/dir_849207/mg5amcnlo/input/mg5_configuration.txt  
INFO: load configuration from /vols/cms/us322/events_4b/02_event_generation_4b/mg_processes/signal_supp_12/morphing_basis_vector_5/Cards/me5_configuration.txt  
Using default text editor "vi". Set another one in ./input/mg5_configuration.txt
generate_events run_01
stty: 'standard input': Inappropriate ioctl for device
The following switches determine which programs are run:
/===========================================================================\
| 1. Choose the shower/hadronization program   [1m  shower[0m = [32mPythia8[0m           |
| 2. Choose the detector simulation program    [1mdetector[0m = [01mNot Avail.[0m        |
| 3. Choose an analysis package (plot/convert) [1manalysis[0m = [01mNot Avail.[0m        |
| 4. Decay onshell particles                   [1m madspin[0m = [32mON[0m                |
| 5. Add weights to events for new hypp.       [1mreweight[0m = [32mON[0m                |
\===========================================================================/
Either type the switch number (1 to 5) to change its setting,
Set any switch explicitly (e.g. type 'shower=OFF' at the prompt)
Type 'help' for the list of all valid option
Type '0', 'auto', 'done' or just press enter when you are done.
[1;34mfound line : order=LO[0m
[1;34mThis answer is not valid for current question. Keep it for next question and use here default: 0[0m
Do you want to edit a card (press enter to bypass editing)?
/------------------------------------------------------------\
|  [31m1[0m. param         : [32mparam_card.dat[0m                         |
|  [31m2[0m. run           : [32mrun_card.dat[0m                           |
|  [31m3[0m. pythia8       : [32mpythia8_card.dat[0m                       |
|  [31m4[0m. madspin       : [32mmadspin_card.dat[0m                       |
|  [31m5[0m. reweight      : [32mreweight_card.dat[0m                      |
|  [31m6[0m. MadLoopParams : [32mMadLoopParams.dat[0m                      |
\------------------------------------------------------------/
 you can also
   - enter the path to a valid card or banner.
   - use the 'set' command to modify a parameter directly.
     The set option works only for param_card and run_card.
     Type 'help set' for more information on this command.
   - call an external program (ASperGE/MadWidth/...).
     Type 'help' for the list of available command
 [[4m0[0m, done, 1, param, 2, run, 3, pythia8, 4, enter path, ... ]
[1;34mfound line : order=LO[0m
[1;34mThis answer is not valid for current question. Keep it for next question and use here default: 0[0m
INFO: Update the dependent parameter of the param_card.dat 
[1;34mWARNING: update the strong coupling value (alpha_s) to the value from the pdf selected: 0.119 [0m
[1;34mWARNING: Unknow type of information in the card: dim64f,dim64f4l,dim64f2l [0m
Generating 25000 events with run name run_01
survey  run_01 
INFO: compile directory 
initMadLoop -r -f
Error: no DISPLAY environment variable specified
Initializing MadLoop loop-induced matrix elements (this can take some time)...
MadLoop initialization finished.
compile Source Directory
Using random number seed offset = 16291
INFO: Running Survey 
Creating Jobs
Working on SubProcesses
INFO:     P0_gg_hh  
INFO:  Idle: 1,  Running: 2,  Completed: 0 [ current time: 21h12 ] 
INFO:  Idle: 0,  Running: 2,  Completed: 1 [  16.7s  ] 
INFO: P0_gg_hh/G1 is at 0.184 +- 0.00426 pb. Now submitting iteration #2. 
INFO:  Idle: 0,  Running: 2,  Completed: 5 [  45.8s  ] 
INFO: P0_gg_hh/G1 is at 0.1847 +- 0.000354 pb. Now submitting iteration #3. 
INFO:  Idle: 0,  Running: 2,  Completed: 9 [  1m 42s  ] 
INFO: Survey finished for P0_gg_hh/G1 at 0.18507 +- 0.000179 pb 
INFO:  Idle: 0,  Running: 0,  Completed: 12 [  1m 43s  ] 
INFO: End survey 
refine 25000
Creating Jobs
INFO: Refine results to 25000 
INFO: Generating 25000.0 unweighted events. 
sum of cpu time of last step: 0 second
INFO: Effective Luminosity 155341.22224023342 pb^-1 
INFO: need to improve 1 channels 
- Current estimate of cross-section: 0.18507 +- 0.00017936
INFO:  Idle: 0,  Running: 12,  Completed: 0 [ current time: 21h14 ] 
INFO:  Idle: 0,  Running: 11,  Completed: 1 [  1m 15s  ] 
INFO: P0_gg_hh/G1 is at 8097/28806 (28%) event. Resubmit 11 job at iteration 1. 
INFO:  Idle: 0,  Running: 10,  Completed: 14 [  2m 25s  ] 
INFO: P0_gg_hh/G1 is at 15567/28810 (54%) event. Resubmit 20 job at iteration 2. 
INFO:  Idle: 7,  Running: 12,  Completed: 26 [  3m 43s  ] 
INFO:  Idle: 0,  Running: 8,  Completed: 37 [  3m 49s  ] 
INFO:  Idle: 0,  Running: 7,  Completed: 38 [  4m 35s  ] 
INFO: found enough event for P0_gg_hh/G1 
INFO:  Idle: 0,  Running: 0,  Completed: 46 [  4m 35s  ] 
INFO: Combining runs 
sum of cpu time of last step: 0 second
INFO: finish refine 
refine 25000 --treshold=0.9
No need for second refine due to stability of cross-section
INFO: Combining Events 
 
 
 
  === Results Summary for run: run_01 tag: tag_1 ===

     Cumulative sequential time for this run: 6m12s
     Cross-section :   0.1855 +- 5.834e-05 pb
     Nb of events :  25000
 
store_events
INFO: Storing parton level results 
INFO: End Parton 
reweight -from_cards
INFO: Extracting the banner ... 
INFO: process: p p > H H QED=2 QCD=2  
INFO: options: NP=2  
INFO: Running Reweighting 
change output default
change helicity False
launch --rwgt_name=sm
INFO: detected model: SMEFTatNLO-LO. Loading... 
INFO: generating the square matrix element for reweighting 
INFO: generate p p > H H   QED=2 QCD=2 NP=2   --no_warning=duplicate;define pert_QCD = -5 -4 -3 -2 -1 1 2 3 4 5 21;add process p p > H H    pert_QCD QED=2 QCD=3 NP=2    --no_warning=duplicate; 
INFO: RETRY with generate p p > H H   QED=2 QCD=2 NP=2  [virt=QCD] ; 
INFO: Done 9.499 
Do you want to edit a card (press enter to bypass editing)?
/------------------------------------------------------------\
|  [31m1[0m. param : [32mparam_card.dat[0m                                 |
|  [31m9[0m. plot  : [32mplot_card.dat[0m                                  |
\------------------------------------------------------------/
 you can also
   - enter the path to a valid card or banner.
   - use the 'set' command to modify a parameter directly.
     The set option works only for param_card and run_card.
     Type 'help set' for more information on this command.
   - call an external program (ASperGE/MadWidth/...).
     Type 'help' for the list of available command
 [[4m0[0m, done, 1, param, 9, plot, enter path]
>INFO: starts to compute weight for events with the following modification to the param_card: 
INFO: set param_card dim6 4 0.0 # orig: 2.704957
KEEP:set param_card dim6 5 0.0 # orig: -11.77089
KEEP:set param_card dim62f 19 0.0 # orig: -5.938309
KEEP: 
INFO: Event nb 0 current time: 21h20 
INFO: Event nb 10  0.18s  
INFO: Event nb 20  0.3s  
INFO: Event nb 30  0.43s  
INFO: Event nb 40  0.56s  
INFO: Event nb 50  1.1s  
INFO: Event nb 60  1.3s  
INFO: Event nb 70  1.4s  
INFO: Event nb 80  1.5s  
INFO: Event nb 90  1.6s  
INFO: Event nb 100  1.8s  
INFO: Event nb 200  3s  
INFO: Event nb 300  4.1s  
INFO: Event nb 400  5.3s  
INFO: Event nb 500  6.5s  
INFO: Event nb 600  7.7s  
INFO: Event nb 700  8.8s  
INFO: Event nb 800  10.1s  
INFO: Event nb 900  11.2s  
INFO: Event nb 1000  12.4s  
INFO: Event nb 2000  24.3s  
INFO: Event nb 3000  36.1s  
INFO: Event nb 4000  47.9s  
INFO: Event nb 5000  59.7s  
INFO: Event nb 6000  1m 11s  
INFO: Event nb 7000  1m 23s  
INFO: Event nb 8000  1m 35s  
INFO: Event nb 9000  1m 47s  
INFO: Event nb 10000  1m 58s  
INFO: reducing number of print status. Next status update in 10000 events 
INFO: Event nb 20000  3m 57s  
INFO: All event done  (nb_event: 25000)  4m 57s  
INFO: Event /vols/cms/us322/events_4b/02_event_generation_4b/mg_processes/signal_supp_12/morphing_basis_vector_5/Events/run_01/unweighted_events.lhe have now the additional weight 
INFO: new cross-section is : 0.0158461 pb (indicative error: 0.00126241 pb) 
launch --rwgt_name=morphing_basis_vector_1
Do you want to edit a card (press enter to bypass editing)?
/------------------------------------------------------------\
|  [31m1[0m. param : [32mparam_card.dat[0m                                 |
|  [31m9[0m. plot  : [32mplot_card.dat[0m                                  |
\------------------------------------------------------------/
 you can also
   - enter the path to a valid card or banner.
   - use the 'set' command to modify a parameter directly.
     The set option works only for param_card and run_card.
     Type 'help set' for more information on this command.
   - call an external program (ASperGE/MadWidth/...).
     Type 'help' for the list of available command
 [[4m0[0m, done, 1, param, 9, plot, enter path]
>INFO: starts to compute weight for events with the following modification to the param_card: 
INFO: set param_card dim6 4 -4.270762 # orig: 2.704957
KEEP:set param_card dim6 5 -9.635791 # orig: -11.77089
KEEP:set param_card dim62f 19 -5.011696 # orig: -5.938309
KEEP: 
INFO: Event nb 0 current time: 21h25 
INFO: Event nb 10  0.13s  
INFO: Event nb 20  0.27s  
INFO: Event nb 30  0.4s  
INFO: Event nb 40  0.53s  
INFO: Event nb 50  0.66s  
INFO: Event nb 60  0.79s  
INFO: Event nb 70  0.91s  
INFO: Event nb 80  1s  
INFO: Event nb 90  1.2s  
INFO: Event nb 100  1.3s  
INFO: Event nb 200  2.6s  
INFO: Event nb 300  4.5s  
INFO: Event nb 400  5.8s  
INFO: Event nb 500  7s  
INFO: Event nb 600  8.3s  
INFO: Event nb 700  9.5s  
INFO: Event nb 800  10.8s  
INFO: Event nb 900  12.1s  
INFO: Event nb 1000  13.5s  
INFO: Event nb 2000  26.1s  
INFO: Event nb 3000  38.7s  
INFO: Event nb 4000  51.6s  
INFO: Event nb 5000  1m 4s  
INFO: Event nb 6000  1m 17s  
INFO: Event nb 7000  1m 30s  
INFO: Event nb 8000  1m 42s  
INFO: Event nb 9000  1m 55s  
INFO: Event nb 10000  2m 8s  
INFO: reducing number of print status. Next status update in 10000 events 
INFO: Event nb 20000  4m 15s  
INFO: All event done  (nb_event: 25000)  5m 21s  
INFO: Event /vols/cms/us322/events_4b/02_event_generation_4b/mg_processes/signal_supp_12/morphing_basis_vector_5/Events/run_01/unweighted_events.lhe have now the additional weight 
INFO: new cross-section is : 0.0497628 pb (indicative error: 0.00110505 pb) 
launch --rwgt_name=morphing_basis_vector_2
Do you want to edit a card (press enter to bypass editing)?
/------------------------------------------------------------\
|  [31m1[0m. param : [32mparam_card.dat[0m                                 |
|  [31m9[0m. plot  : [32mplot_card.dat[0m                                  |
\------------------------------------------------------------/
 you can also
   - enter the path to a valid card or banner.
   - use the 'set' command to modify a parameter directly.
     The set option works only for param_card and run_card.
     Type 'help set' for more information on this command.
   - call an external program (ASperGE/MadWidth/...).
     Type 'help' for the list of available command
 [[4m0[0m, done, 1, param, 9, plot, enter path]
>INFO: starts to compute weight for events with the following modification to the param_card: 
INFO: set param_card dim6 4 -3.509851 # orig: 2.704957
KEEP:set param_card dim6 5 -14.88657 # orig: -11.77089
KEEP:set param_card dim62f 19 6.650933 # orig: -5.938309
KEEP: 
INFO: Event nb 0 current time: 21h30 
INFO: Event nb 10  0.53s  
INFO: Event nb 20  0.66s  
INFO: Event nb 30  0.98s  
INFO: Event nb 40  1.4s  
INFO: Event nb 50  1.8s  
INFO: Event nb 60  2.3s  
INFO: Event nb 70  2.7s  
INFO: Event nb 80  3.8s  
INFO: Event nb 90  4.7s  
INFO: Event nb 100  4.8s  
INFO: Event nb 200  6.2s  
INFO: Event nb 300  7.5s  
INFO: Event nb 400  8.8s  
INFO: Event nb 500  10.2s  
INFO: Event nb 600  11.5s  
INFO: Event nb 700  12.8s  
INFO: Event nb 800  14.3s  
INFO: Event nb 900  15.6s  
INFO: Event nb 1000  17s  
INFO: Event nb 2000  30.2s  
INFO: Event nb 3000  43.4s  
INFO: Event nb 4000  56.5s  
INFO: Event nb 5000  1m 9s  
INFO: Event nb 6000  1m 22s  
INFO: Event nb 7000  1m 36s  
INFO: Event nb 8000  1m 49s  
INFO: Event nb 9000  2m 3s  
INFO: Event nb 10000  2m 16s  
INFO: reducing number of print status. Next status update in 10000 events 
INFO: Event nb 20000  4m 28s  
INFO: All event done  (nb_event: 25000)  5m 31s  
INFO: Event /vols/cms/us322/events_4b/02_event_generation_4b/mg_processes/signal_supp_12/morphing_basis_vector_5/Events/run_01/unweighted_events.lhe have now the additional weight 
INFO: new cross-section is : 0.0759253 pb (indicative error: 0.00330412 pb) 
launch --rwgt_name=morphing_basis_vector_3
Do you want to edit a card (press enter to bypass editing)?
/------------------------------------------------------------\
|  [31m1[0m. param : [32mparam_card.dat[0m                                 |
|  [31m9[0m. plot  : [32mplot_card.dat[0m                                  |
\------------------------------------------------------------/
 you can also
   - enter the path to a valid card or banner.
   - use the 'set' command to modify a parameter directly.
     The set option works only for param_card and run_card.
     Type 'help set' for more information on this command.
   - call an external program (ASperGE/MadWidth/...).
     Type 'help' for the list of available command
 [[4m0[0m, done, 1, param, 9, plot, enter path]
>INFO: starts to compute weight for events with the following modification to the param_card: 
INFO: set param_card dim6 4 -4.70413 # orig: 2.704957
KEEP:set param_card dim6 5 -2.237588 # orig: -11.77089
KEEP:set param_card dim62f 19 4.219889 # orig: -5.938309
KEEP: 
INFO: Event nb 0  0.058s  
INFO: Event nb 10  0.37s  
INFO: Event nb 20  0.5s  
INFO: Event nb 30  0.62s  
INFO: Event nb 40  0.74s  
INFO: Event nb 50  0.86s  
INFO: Event nb 60  0.99s  
INFO: Event nb 70  1.1s  
INFO: Event nb 80  1.2s  
INFO: Event nb 90  1.4s  
INFO: Event nb 100  1.5s  
INFO: Event nb 200  2.7s  
INFO: Event nb 300  3.9s  
INFO: Event nb 400  5.2s  
INFO: Event nb 500  6.4s  
INFO: Event nb 600  7.6s  
INFO: Event nb 700  8.8s  
INFO: Event nb 800  10.1s  
INFO: Event nb 900  11.3s  
INFO: Event nb 1000  12.6s  
INFO: Event nb 2000  24.9s  
INFO: Event nb 3000  37.1s  
INFO: Event nb 4000  49.3s  
INFO: Event nb 5000  1m 1s  
INFO: Event nb 6000  1m 13s  
INFO: Event nb 7000  1m 26s  
INFO: Event nb 8000  1m 38s  
INFO: Event nb 9000  1m 50s  
INFO: Event nb 10000  2m 2s  
INFO: reducing number of print status. Next status update in 10000 events 
INFO: Event nb 20000  4m 4s  
INFO: All event done  (nb_event: 25000)  5m 5s  
INFO: Event /vols/cms/us322/events_4b/02_event_generation_4b/mg_processes/signal_supp_12/morphing_basis_vector_5/Events/run_01/unweighted_events.lhe have now the additional weight 
INFO: new cross-section is : 0.0485831 pb (indicative error: 0.00455329 pb) 
launch --rwgt_name=morphing_basis_vector_4
Do you want to edit a card (press enter to bypass editing)?
/------------------------------------------------------------\
|  [31m1[0m. param : [32mparam_card.dat[0m                                 |
|  [31m9[0m. plot  : [32mplot_card.dat[0m                                  |
\------------------------------------------------------------/
 you can also
   - enter the path to a valid card or banner.
   - use the 'set' command to modify a parameter directly.
     The set option works only for param_card and run_card.
     Type 'help set' for more information on this command.
   - call an external program (ASperGE/MadWidth/...).
     Type 'help' for the list of available command
 [[4m0[0m, done, 1, param, 9, plot, enter path]
>INFO: starts to compute weight for events with the following modification to the param_card: 
INFO: set param_card dim6 4 0.1140347 # orig: 2.704957
KEEP:set param_card dim6 5 4.567852 # orig: -11.77089
KEEP:set param_card dim62f 19 5.437451 # orig: -5.938309
KEEP: 
INFO: Event nb 0 current time: 21h40 
INFO: Event nb 10  0.12s  
INFO: Event nb 20  0.24s  
INFO: Event nb 30  0.36s  
INFO: Event nb 40  0.48s  
INFO: Event nb 50  0.61s  
INFO: Event nb 60  0.73s  
INFO: Event nb 70  0.85s  
INFO: Event nb 80  0.98s  
INFO: Event nb 90  1.1s  
INFO: Event nb 100  1.8s  
INFO: Event nb 200  3s  
INFO: Event nb 300  4.2s  
INFO: Event nb 400  5.4s  
INFO: Event nb 500  6.6s  
INFO: Event nb 600  7.8s  
INFO: Event nb 700  9.1s  
INFO: Event nb 800  10.3s  
INFO: Event nb 900  11.5s  
INFO: Event nb 1000  12.7s  
INFO: Event nb 2000  24.9s  
INFO: Event nb 3000  37s  
INFO: Event nb 4000  49.1s  
INFO: Event nb 5000  1m 1s  
INFO: Event nb 6000  1m 13s  
INFO: Event nb 7000  1m 25s  
INFO: Event nb 8000  1m 37s  
INFO: Event nb 9000  1m 49s  
INFO: Event nb 10000  2m 1s  
INFO: reducing number of print status. Next status update in 10000 events 
INFO: Event nb 20000  4m 3s  
INFO: All event done  (nb_event: 25000)  5m 4s  
INFO: Event /vols/cms/us322/events_4b/02_event_generation_4b/mg_processes/signal_supp_12/morphing_basis_vector_5/Events/run_01/unweighted_events.lhe have now the additional weight 
INFO: new cross-section is : 0.119833 pb (indicative error: 0.00574565 pb) 
launch --rwgt_name=morphing_basis_vector_6
Do you want to edit a card (press enter to bypass editing)?
/------------------------------------------------------------\
|  [31m1[0m. param : [32mparam_card.dat[0m                                 |
|  [31m9[0m. plot  : [32mplot_card.dat[0m                                  |
\------------------------------------------------------------/
 you can also
   - enter the path to a valid card or banner.
   - use the 'set' command to modify a parameter directly.
     The set option works only for param_card and run_card.
     Type 'help set' for more information on this command.
   - call an external program (ASperGE/MadWidth/...).
     Type 'help' for the list of available command
 [[4m0[0m, done, 1, param, 9, plot, enter path]
>INFO: starts to compute weight for events with the following modification to the param_card: 
INFO: set param_card dim6 4 4.585811 # orig: 2.704957
KEEP:set param_card dim6 5 6.747472 # orig: -11.77089
KEEP:set param_card dim62f 19 -2.432281 # orig: -5.938309
KEEP: 
INFO: Event nb 0 current time: 21h46 
INFO: Event nb 10  0.12s  
INFO: Event nb 20  0.24s  
INFO: Event nb 30  0.36s  
INFO: Event nb 40  0.48s  
INFO: Event nb 50  0.61s  
INFO: Event nb 60  0.73s  
INFO: Event nb 70  0.85s  
INFO: Event nb 80  0.97s  
INFO: Event nb 90  1.1s  
INFO: Event nb 100  1.2s  
INFO: Event nb 200  2.4s  
INFO: Event nb 300  3.6s  
INFO: Event nb 400  4.9s  
INFO: Event nb 500  6.1s  
INFO: Event nb 600  7.3s  
INFO: Event nb 700  8.5s  
INFO: Event nb 800  9.8s  
INFO: Event nb 900  11s  
INFO: Event nb 1000  12.2s  
INFO: Event nb 2000  24.4s  
INFO: Event nb 3000  36.5s  
INFO: Event nb 4000  48.6s  
INFO: Event nb 5000  1m 0s  
INFO: Event nb 6000  1m 12s  
INFO: Event nb 7000  1m 25s  
INFO: Event nb 8000  1m 37s  
INFO: Event nb 9000  1m 49s  
INFO: Event nb 10000  2m 1s  
INFO: reducing number of print status. Next status update in 10000 events 
INFO: Event nb 20000  4m 3s  
INFO: All event done  (nb_event: 25000)  5m 3s  
INFO: Event /vols/cms/us322/events_4b/02_event_generation_4b/mg_processes/signal_supp_12/morphing_basis_vector_5/Events/run_01/unweighted_events.lhe have now the additional weight 
INFO: new cross-section is : 0.0496429 pb (indicative error: 0.00236285 pb) 
launch --rwgt_name=morphing_basis_vector_7
Do you want to edit a card (press enter to bypass editing)?
/------------------------------------------------------------\
|  [31m1[0m. param : [32mparam_card.dat[0m                                 |
|  [31m9[0m. plot  : [32mplot_card.dat[0m                                  |
\------------------------------------------------------------/
 you can also
   - enter the path to a valid card or banner.
   - use the 'set' command to modify a parameter directly.
     The set option works only for param_card and run_card.
     Type 'help set' for more information on this command.
   - call an external program (ASperGE/MadWidth/...).
     Type 'help' for the list of available command
 [[4m0[0m, done, 1, param, 9, plot, enter path]
>INFO: starts to compute weight for events with the following modification to the param_card: 
INFO: set param_card dim6 4 -1.246802 # orig: 2.704957
KEEP:set param_card dim6 5 -14.80999 # orig: -11.77089
KEEP:set param_card dim62f 19 0.4606651 # orig: -5.938309
KEEP: 
INFO: Event nb 0 current time: 21h51 
INFO: Event nb 10  0.12s  
INFO: Event nb 20  0.24s  
INFO: Event nb 30  0.36s  
INFO: Event nb 40  0.48s  
INFO: Event nb 50  0.61s  
INFO: Event nb 60  0.73s  
INFO: Event nb 70  0.85s  
INFO: Event nb 80  0.98s  
INFO: Event nb 90  1.1s  
INFO: Event nb 100  1.2s  
INFO: Event nb 200  2.5s  
INFO: Event nb 300  3.7s  
INFO: Event nb 400  4.9s  
INFO: Event nb 500  6.1s  
INFO: Event nb 600  7.3s  
INFO: Event nb 700  8.5s  
INFO: Event nb 800  9.8s  
INFO: Event nb 900  11s  
INFO: Event nb 1000  12.2s  
INFO: Event nb 2000  24.4s  
INFO: Event nb 3000  36.5s  
INFO: Event nb 4000  48.6s  
INFO: Event nb 5000  1m 0s  
INFO: Event nb 6000  1m 12s  
INFO: Event nb 7000  1m 25s  
INFO: Event nb 8000  1m 37s  
INFO: Event nb 9000  1m 49s  
INFO: Event nb 10000  2m 1s  
INFO: reducing number of print status. Next status update in 10000 events 
INFO: Event nb 20000  4m 3s  
INFO: All event done  (nb_event: 25000)  5m 3s  
INFO: Event /vols/cms/us322/events_4b/02_event_generation_4b/mg_processes/signal_supp_12/morphing_basis_vector_5/Events/run_01/unweighted_events.lhe have now the additional weight 
INFO: new cross-section is : 0.127658 pb (indicative error: 0.00440199 pb) 
launch --rwgt_name=morphing_basis_vector_8
Do you want to edit a card (press enter to bypass editing)?
/------------------------------------------------------------\
|  [31m1[0m. param : [32mparam_card.dat[0m                                 |
|  [31m9[0m. plot  : [32mplot_card.dat[0m                                  |
\------------------------------------------------------------/
 you can also
   - enter the path to a valid card or banner.
   - use the 'set' command to modify a parameter directly.
     The set option works only for param_card and run_card.
     Type 'help set' for more information on this command.
   - call an external program (ASperGE/MadWidth/...).
     Type 'help' for the list of available command
 [[4m0[0m, done, 1, param, 9, plot, enter path]
>INFO: starts to compute weight for events with the following modification to the param_card: 
INFO: set param_card dim6 4 -1.757994 # orig: 2.704957
KEEP:set param_card dim6 5 7.687006 # orig: -11.77089
KEEP:set param_card dim62f 19 -4.792287 # orig: -5.938309
KEEP: 
INFO: Event nb 0 current time: 21h56 
INFO: Event nb 10  0.12s  
INFO: Event nb 20  0.24s  
INFO: Event nb 30  0.36s  
INFO: Event nb 40  0.48s  
INFO: Event nb 50  0.61s  
INFO: Event nb 60  0.73s  
INFO: Event nb 70  0.85s  
INFO: Event nb 80  0.97s  
INFO: Event nb 90  1.1s  
INFO: Event nb 100  1.2s  
INFO: Event nb 200  2.4s  
INFO: Event nb 300  3.6s  
INFO: Event nb 400  4.9s  
INFO: Event nb 500  6.1s  
INFO: Event nb 600  7.3s  
INFO: Event nb 700  8.5s  
INFO: Event nb 800  9.7s  
INFO: Event nb 900  11s  
INFO: Event nb 1000  12.2s  
INFO: Event nb 2000  24.3s  
INFO: Event nb 3000  36.5s  
INFO: Event nb 4000  48.6s  
INFO: Event nb 5000  1m 0s  
INFO: Event nb 6000  1m 12s  
INFO: Event nb 7000  1m 25s  
INFO: Event nb 8000  1m 37s  
INFO: Event nb 9000  1m 49s  
INFO: Event nb 10000  2m 1s  
INFO: reducing number of print status. Next status update in 10000 events 
INFO: Event nb 20000  4m 3s  
INFO: All event done  (nb_event: 25000)  5m 4s  
INFO: Event /vols/cms/us322/events_4b/02_event_generation_4b/mg_processes/signal_supp_12/morphing_basis_vector_5/Events/run_01/unweighted_events.lhe have now the additional weight 
INFO: new cross-section is : 0.0950719 pb (indicative error: 0.00352538 pb) 
launch --rwgt_name=morphing_basis_vector_9
Do you want to edit a card (press enter to bypass editing)?
/------------------------------------------------------------\
|  [31m1[0m. param : [32mparam_card.dat[0m                                 |
|  [31m9[0m. plot  : [32mplot_card.dat[0m                                  |
\------------------------------------------------------------/
 you can also
   - enter the path to a valid card or banner.
   - use the 'set' command to modify a parameter directly.
     The set option works only for param_card and run_card.
     Type 'help set' for more information on this command.
   - call an external program (ASperGE/MadWidth/...).
     Type 'help' for the list of available command
 [[4m0[0m, done, 1, param, 9, plot, enter path]
>INFO: starts to compute weight for events with the following modification to the param_card: 
INFO: set param_card dim6 4 3.774042 # orig: 2.704957
KEEP:set param_card dim6 5 0.6799669 # orig: -11.77089
KEEP:set param_card dim62f 19 4.975328 # orig: -5.938309
KEEP: 
INFO: Event nb 0 current time: 22h01 
INFO: Event nb 10  0.35s  
INFO: Event nb 20  0.77s  
INFO: Event nb 30  1.7s  
INFO: Event nb 40  2.4s  
INFO: Event nb 50  3.5s  
INFO: Event nb 60  4.1s  
INFO: Event nb 70  4.7s  
INFO: Event nb 80  5.6s  
INFO: Event nb 90  6.3s  
INFO: Event nb 100  6.8s  
INFO: Event nb 200  8.5s  
INFO: Event nb 300  10.1s  
INFO: Event nb 400  11.8s  
INFO: Event nb 500  13.6s  
INFO: Event nb 600  15.6s  
INFO: Event nb 700  17.7s  
INFO: Event nb 800  19.6s  
INFO: Event nb 900  21.5s  
INFO: Event nb 1000  23.3s  
INFO: Event nb 2000  35.9s  
INFO: Event nb 3000  48.2s  
INFO: Event nb 4000  1m 0s  
INFO: Event nb 5000  1m 12s  
INFO: Event nb 6000  1m 24s  
INFO: Event nb 7000  1m 37s  
INFO: Event nb 8000  1m 49s  
INFO: Event nb 9000  2m 1s  
INFO: Event nb 10000  2m 13s  
INFO: reducing number of print status. Next status update in 10000 events 
INFO: Event nb 20000  4m 15s  
INFO: All event done  (nb_event: 25000)  5m 14s  
INFO: Event /vols/cms/us322/events_4b/02_event_generation_4b/mg_processes/signal_supp_12/morphing_basis_vector_5/Events/run_01/unweighted_events.lhe have now the additional weight 
INFO: new cross-section is : 0.0287596 pb (indicative error: 0.00240509 pb) 
INFO: Original cross-section: 0.18554 +- 5.8335e-05 pb (cross-section from sum of weights: 0.18554000000000576) 
INFO: Computed cross-section: 
INFO: morphing_basis_vector_1 : 0.04976281271636661 +- 0.0011050516591317606 pb 
INFO: morphing_basis_vector_2 : 0.07592532015920338 +- 0.003304116462173315 pb 
INFO: morphing_basis_vector_3 : 0.04858314236790823 +- 0.004553288016945577 pb 
INFO: morphing_basis_vector_4 : 0.11983343737222907 +- 0.005745651983614572 pb 
INFO: morphing_basis_vector_6 : 0.049642923754201936 +- 0.0023628516095921723 pb 
INFO: morphing_basis_vector_7 : 0.12765836107735365 +- 0.004401987227853622 pb 
INFO: morphing_basis_vector_8 : 0.09507186370913011 +- 0.003525383356183196 pb 
INFO: morphing_basis_vector_9 : 0.028759643723041076 +- 0.0024050885912937888 pb 
INFO: sm : 0.01584609526162302 +- 0.0012624106522142694 pb 
INFO: quit rwgt 
decay_events -from_cards
INFO: Running MadSpin 
INFO: This functionality allows for the decay of resonances 
INFO: in a .lhe file, keeping track of the spin correlation effets. 
INFO: BE AWARE OF THE CURRENT LIMITATIONS: 
INFO:   (1) Only a succession of 2 body decay are currently allowed 
************************************************************
*                                                          *
*           W E L C O M E  to  M A D S P I N               *
*                                                          *
************************************************************
INFO: Extracting the banner ... 
INFO: process: p p > H H QED=2 QCD=2  
INFO: options: NP=2  
INFO: detected model: SMEFTatNLO-LO. Loading... 
lhapdf-config does not seem to correspond to a valid lhapdf-config executable. 
Please set the 'lhapdf' variable to the (absolute) /PATH/TO/lhapdf-config (including lhapdf-config).
Note that you can still compile and run aMC@NLO with the built-in PDFs
 MG5_aMC> set lhapdf /PATH/TO/lhapdf-config

Set group_subprocesses to Auto
Note that you need to regenerate all processes
import model heft --bypass_check
[1;34mWARNING: No param_card defined for the new model. We will use the default one but this might completely wrong. [0m
INFO: detected model: heft. Loading... 
INFO: reload from .py file 
INFO: load particles 
INFO: load vertices 
INFO: Restrict model heft with file ../../../../srv/localstage/condor/dir_849207/mg5amcnlo/models/heft/restrict_default.dat . 
INFO: Run "set stdout_level DEBUG" before import for more information. 
[1;34mPass the definition of 'j' and 'p' to 4 flavour scheme.[0m
Kept definitions of multiparticles l+ / l- / vl / vl~ unchanged
Removed obsolete multiparticles all
Defined multiparticle all = g u c d s u~ c~ d~ s~ a ve vm vt e- m- ve~ vm~ vt~ e+ m+ t b t~ b~ z w+ h h1 w- tt- tt+
set spinmode None          # Use one of the madspin special mode
set max_weight_ps_point 400  # number of PS to estimate the maximum for each event
decay h > b b~
decay h > b b~
launch
INFO: Will use seed 850571768 
INFO: generate 25000 decay event for particle h 
INFO: Will use seed 386017711 
stty: 'standard input': Inappropriate ioctl for device
  0%|          | 0/691 [00:00<?, ?it/s]100%|██████████| 691/691 [00:00<00:00, 99371.32it/s]stty: 'standard input': Inappropriate ioctl for device

  0%|          | 0/691 [00:00<?, ?it/s]100%|██████████| 691/691 [00:00<00:00, 108646.88it/s]decaying event number 100 [0.07263636589050293 s]
decaying event number 200 [0.14446759223937988 s]
decaying event number 300 [0.21658945083618164 s]
decaying event number 400 [0.2883799076080322 s]
decaying event number 500 [0.35991954803466797 s]
decaying event number 600 [0.4316835403442383 s]
decaying event number 700 [0.5027484893798828 s]
decaying event number 800 [0.5741252899169922 s]
decaying event number 900 [0.6453464031219482 s]
decaying event number 1000 [0.7170627117156982 s]
decaying event number 2000 [1.4289400577545166 s]
decaying event number 3000 [2.1415841579437256 s]
decaying event number 4000 [2.8553144931793213 s]
decaying event number 5000 [3.570348024368286 s]
decaying event number 6000 [4.28532338142395 s]
decaying event number 7000 [4.9986412525177 s]
decaying event number 8000 [5.712027072906494 s]
decaying event number 9000 [6.42602801322937 s]
decaying event number 10000 [7.140536308288574 s]
decaying event number 20000 [14.287144660949707 s]
INFO: The decayed event file has been moved to the following location:  
INFO: /vols/cms/us322/events_4b/02_event_generation_4b/mg_processes/signal_supp_12/morphing_basis_vector_5/Events/run_01_decayed_1/unweighted_events.lhe.gz 
INFO: MadSpin Done 
INFO: [92mRunning Pythia8 [arXiv:1410.3012][0m 
Splitting .lhe event file for PY8 parallelization...
Submitting Pythia8 jobs...
Pythia8 shower jobs: 1 Idle, 11 Running, 0 Done [13 seconds]
Pythia8 shower jobs: 0 Idle, 11 Running, 1 Done [5m12s]
Pythia8 shower jobs: 0 Idle, 10 Running, 2 Done [5m18s]
Pythia8 shower jobs: 0 Idle, 9 Running, 3 Done [5m23s]
Pythia8 shower jobs: 0 Idle, 8 Running, 4 Done [5m28s]
Pythia8 shower jobs: 0 Idle, 7 Running, 5 Done [5m29s]
Pythia8 shower jobs: 0 Idle, 6 Running, 6 Done [5m31s]
Pythia8 shower jobs: 0 Idle, 5 Running, 7 Done [5m38s]
Pythia8 shower jobs: 0 Idle, 4 Running, 8 Done [5m38s]
Pythia8 shower jobs: 0 Idle, 3 Running, 9 Done [5m40s]
Pythia8 shower jobs: 0 Idle, 2 Running, 10 Done [5m40s]
Pythia8 shower jobs: 0 Idle, 1 Running, 11 Done [5m44s]
Pythia8 shower jobs: 0 Idle, 0 Running, 12 Done [5m46s]
Merging results from the split PY8 runs...
INFO: Pythia8 shower finished after 7m12s. 
  === Results Summary for run: run_01_decayed_1 tag: tag_1 ===

     Cross-section :   0.1688 +- 5.308e-05 pb
     Nb of events :  25000
 
INFO: storing files of previous run 
INFO: Storing Pythia8 files of previous run 
INFO: Done 
quit
INFO:  
more information in /vols/cms/us322/events_4b/02_event_generation_4b/mg_processes/signal_supp_12/morphing_basis_vector_5/index.html
order=LO
[1;34mCommand "order=LO" not recognized, please try again[0m
shower=Pythia8
[1;34mCommand "shower=Pythia8" not recognized, please try again[0m
detector=OFF
[1;34mCommand "detector=OFF" not recognized, please try again[0m
analysis=OFF
[1;34mCommand "analysis=OFF" not recognized, please try again[0m
madspin=ON
[1;34mCommand "madspin=ON" not recognized, please try again[0m
reweight=ON
[1;34mCommand "reweight=ON" not recognized, please try again[0m
done
[1;34mCommand "done" not recognized, please try again[0m
quit

 mdl_vev0 =    246.22056907348588     
 mdl_vev0__exp__2 =    60624.568634871226     
 mdl_dlam =   0.45759933651977336     
 mdl_ee0 =   0.31345063981313520     
 mdl_cw =   0.87538656571726847     
 mdl_muH =    68.165123028343629     
 mdl_sw =   0.48342358295983689     
 mdl_g1 =   0.35807111062562641     
 mdl_gw =   0.64839749416853931     
 mdl_lam =    6.9897490058211470E-002
 mdl_vev =    246.22056907348588     
 mdl_ee =   0.31345063981313520     
 mdl_ee__exp__2 =    9.8251303599263817E-002
 mdl_aEW =    7.8185903165226816E-003
 aEWM1 =    127.90029398096792     
 mdl_ee0__exp__2 =    9.8251303599263817E-002
 mdl_ee0__exp__3 =    3.0796933975663836E-002
 mdl_vev0__exp__3 =    14927015.789112596     
  Internal Params evaluated point by point
  ----------------------------------------
  
 mdl_sqrt__aS =   0.34496376621320685     
 mdl_G__exp__2 =    1.4953981031087418     
 mdl_G__exp__3 =    1.8286695702272273     
 mdl_G__exp__4 =    2.2362154867812229     
 mdl_MU_R__exp__2 =    8315.2513440000002     
  Couplings of SMEFTatNLO-LO
  ---------------------------------
  
        GC_11 =   0.00000E+00   0.12229E+01
 R2GC_1297_467 =  0.00000E+00   0.98798E-02
 R2GC_1298_468 =  0.00000E+00   0.17412E+00
 R2GC_618_1801 = -0.00000E+00  -0.92422E-02
 R2GC_631_1814 = -0.00000E+00  -0.22756E+01
      GC_1822 =   0.00000E+00   0.25987E-02
      GC_1842 =   0.00000E+00   0.53452E-01
       GC_322 =  -0.00000E+00  -0.19038E+03
       GC_420 =   0.00000E+00   0.60899E+02
       GC_422 =   0.00000E+00   0.37170E-02
       GC_431 =   0.00000E+00  -0.43558E+02
       GC_546 =  -0.00000E+00  -0.69856E+00
