************************************************************
*                                                          *
*                     W E L C O M E to                     *
*              M A D G R A P H 5 _ a M C @ N L O           *
*                                                          *
*                                                          *
*                 *                       *                *
*                   *        * *        *                  *
*                     * * * * 5 * * * *                    *
*                   *        * *        *                  *
*                 *                       *                *
*                                                          *
*         VERSION 3.5.1                 2023-07-11         *
*                                                          *
*    The MadGraph5_aMC@NLO Development Team - Find us at   *
*              http://madgraph.phys.ucl.ac.be/             *
*                            and                           *
*            http://amcatnlo.web.cern.ch/amcatnlo/         *
*                                                          *
*               Type 'help' for in-line help.              *
*           Type 'tutorial' to learn how MG5 works         *
*    Type 'tutorial aMCatNLO' to learn how aMC@NLO works   *
*    Type 'tutorial MadLoop' to learn how MadLoop works    *
*                                                          *
************************************************************
load MG5 configuration from ../../../../srv/localstage/condor/dir_3296403/mg5amcnlo/input/mg5_configuration.txt 
fastjet-config does not seem to correspond to a valid fastjet-config executable (v3+). We will use fjcore instead.
 Please set the 'fastjet'variable to the full (absolute) /PATH/TO/fastjet-config (including fastjet-config).
 MG5_aMC> set fastjet /PATH/TO/fastjet-config

eMELA-config does not seem to correspond to a valid eMELA-config executable.
 Please set the 'fastjet'variable to the full (absolute) /PATH/TO/eMELA-config (including eMELA-config).
 MG5_aMC> set eMELA /PATH/TO/eMELA-config

lhapdf-config does not seem to correspond to a valid lhapdf-config executable. 
Please set the 'lhapdf' variable to the (absolute) /PATH/TO/lhapdf-config (including lhapdf-config).
Note that you can still compile and run aMC@NLO with the built-in PDFs
 MG5_aMC> set lhapdf /PATH/TO/lhapdf-config

None does not seem to correspond to a valid lhapdf-config executable. 
Please set the 'lhapdf' variable to the (absolute) /PATH/TO/lhapdf-config (including lhapdf-config).
Note that you can still compile and run aMC@NLO with the built-in PDFs
 MG5_aMC> set lhapdf /PATH/TO/lhapdf-config

Using default text editor "vi". Set another one in ./input/mg5_configuration.txt
Using default eps viewer "evince". Set another one in ./input/mg5_configuration.txt
Using default web browser "firefox". Set another one in ./input/mg5_configuration.txt
import /vols/cms/us322/events_4b/02_event_generation_4b/mg_processes/signal_supp_6/morphing_basis_vector_1/madminer/cards/mg_commands_0.dat
The import format was not given, so we guess it as command
launch /vols/cms/us322/events_4b/02_event_generation_4b/mg_processes/signal_supp_6/morphing_basis_vector_1
************************************************************
*                                                          *
*                      W E L C O M E to                    *
*             M A D G R A P H 5 _ a M C @ N L O            *
*                      M A D E V E N T                     *
*                                                          *
*                 *                       *                *
*                   *        * *        *                  *
*                     * * * * 5 * * * *                    *
*                   *        * *        *                  *
*                 *                       *                *
*                                                          *
*         VERSION 3.5.1                 2023-07-11         *
*                                                          *
*    The MadGraph5_aMC@NLO Development Team - Find us at   *
*    https://server06.fynu.ucl.ac.be/projects/madgraph     *
*                                                          *
*               Type 'help' for in-line help.              *
*                                                          *
************************************************************
INFO: load configuration from /vols/cms/us322/events_4b/02_event_generation_4b/mg_processes/signal_supp_6/morphing_basis_vector_1/Cards/me5_configuration.txt  
INFO: load configuration from /srv/localstage/condor/dir_3296403/mg5amcnlo/input/mg5_configuration.txt  
INFO: load configuration from /vols/cms/us322/events_4b/02_event_generation_4b/mg_processes/signal_supp_6/morphing_basis_vector_1/Cards/me5_configuration.txt  
Using default text editor "vi". Set another one in ./input/mg5_configuration.txt
generate_events run_01
stty: 'standard input': Inappropriate ioctl for device
The following switches determine which programs are run:
/===========================================================================\
| 1. Choose the shower/hadronization program   [1m  shower[0m = [32mPythia8[0m           |
| 2. Choose the detector simulation program    [1mdetector[0m = [01mNot Avail.[0m        |
| 3. Choose an analysis package (plot/convert) [1manalysis[0m = [01mNot Avail.[0m        |
| 4. Decay onshell particles                   [1m madspin[0m = [32mON[0m                |
| 5. Add weights to events for new hypp.       [1mreweight[0m = [32mON[0m                |
\===========================================================================/
Either type the switch number (1 to 5) to change its setting,
Set any switch explicitly (e.g. type 'shower=OFF' at the prompt)
Type 'help' for the list of all valid option
Type '0', 'auto', 'done' or just press enter when you are done.
[1;34mfound line : order=LO[0m
[1;34mThis answer is not valid for current question. Keep it for next question and use here default: 0[0m
Do you want to edit a card (press enter to bypass editing)?
/------------------------------------------------------------\
|  [31m1[0m. param         : [32mparam_card.dat[0m                         |
|  [31m2[0m. run           : [32mrun_card.dat[0m                           |
|  [31m3[0m. pythia8       : [32mpythia8_card.dat[0m                       |
|  [31m4[0m. madspin       : [32mmadspin_card.dat[0m                       |
|  [31m5[0m. reweight      : [32mreweight_card.dat[0m                      |
|  [31m6[0m. MadLoopParams : [32mMadLoopParams.dat[0m                      |
\------------------------------------------------------------/
 you can also
   - enter the path to a valid card or banner.
   - use the 'set' command to modify a parameter directly.
     The set option works only for param_card and run_card.
     Type 'help set' for more information on this command.
   - call an external program (ASperGE/MadWidth/...).
     Type 'help' for the list of available command
 [[4m0[0m, done, 1, param, 2, run, 3, pythia8, 4, enter path, ... ]
[1;34mfound line : order=LO[0m
[1;34mThis answer is not valid for current question. Keep it for next question and use here default: 0[0m
INFO: Update the dependent parameter of the param_card.dat 
[1;34mWARNING: update the strong coupling value (alpha_s) to the value from the pdf selected: 0.119 [0m
[1;34mWARNING: Unknow type of information in the card: dim64f,dim64f2l,dim64f4l [0m
Generating 25000 events with run name run_01
survey  run_01 
INFO: compile directory 
initMadLoop -r -f
Error: no DISPLAY environment variable specified
Initializing MadLoop loop-induced matrix elements (this can take some time)...
MadLoop initialization finished.
compile Source Directory
Using random number seed offset = 28505
INFO: Running Survey 
Creating Jobs
Working on SubProcesses
INFO:     P0_gg_hh  
INFO:  Idle: 1,  Running: 2,  Completed: 0 [ current time: 21h11 ] 
INFO:  Idle: 0,  Running: 2,  Completed: 1 [  16.3s  ] 
INFO: P0_gg_hh/G1 is at 0.0491 +- 0.00129 pb. Now submitting iteration #2. 
INFO:  Idle: 0,  Running: 2,  Completed: 5 [  44.3s  ] 
INFO: P0_gg_hh/G1 is at 0.049052 +- 3.37e-05 pb. Now submitting iteration #3. 
INFO:  Idle: 0,  Running: 2,  Completed: 9 [  1m 38s  ] 
INFO: Survey finished for P0_gg_hh/G1 at 0.04967 +- 0.000233 pb 
INFO:  Idle: 0,  Running: 0,  Completed: 12 [  1m 38s  ] 
INFO: End survey 
refine 25000
Creating Jobs
INFO: Refine results to 25000 
INFO: Generating 25000.0 unweighted events. 
sum of cpu time of last step: 0 second
INFO: Effective Luminosity 578800.080531508 pb^-1 
INFO: need to improve 1 channels 
- Current estimate of cross-section: 0.04967 +- 0.00023338
INFO:  Idle: 0,  Running: 12,  Completed: 0 [ current time: 21h12 ] 
INFO:  Idle: 0,  Running: 11,  Completed: 1 [  1m 13s  ] 
INFO: P0_gg_hh/G1 is at 1787/28876 (6.2%) event. Resubmit 30 job at iteration 1. 
INFO:  Idle: 18,  Running: 12,  Completed: 13 [  1m 16s  ] 
INFO:  Idle: 17,  Running: 12,  Completed: 14 [  2m 28s  ] 
INFO:  Idle: 6,  Running: 12,  Completed: 25 [  2m 33s  ] 
INFO:  Idle: 5,  Running: 12,  Completed: 26 [  3m 40s  ] 
INFO:  Idle: 0,  Running: 7,  Completed: 36 [  3m 44s  ] 
INFO:  Idle: 0,  Running: 5,  Completed: 38 [  4m 18s  ] 
INFO: P0_gg_hh/G1 is at 4300/28799 (15%) event. Resubmit 75 job at iteration 2. 
INFO:  Idle: 62,  Running: 12,  Completed: 45 [  5m 32s  ] 
INFO:  Idle: 51,  Running: 12,  Completed: 56 [  5m 35s  ] 
INFO:  Idle: 50,  Running: 12,  Completed: 57 [  6m 44s  ] 
INFO:  Idle: 40,  Running: 12,  Completed: 67 [  6m 48s  ] 
INFO:  Idle: 38,  Running: 12,  Completed: 69 [  7m 57s  ] 
INFO:  Idle: 28,  Running: 12,  Completed: 79 [  8m 1s  ] 
INFO:  Idle: 26,  Running: 12,  Completed: 81 [  9m 10s  ] 
INFO:  Idle: 17,  Running: 12,  Completed: 90 [  9m 14s  ] 
INFO:  Idle: 14,  Running: 12,  Completed: 93 [  10m 23s  ] 
INFO:  Idle: 7,  Running: 12,  Completed: 100 [  10m 26s  ] 
INFO:  Idle: 2,  Running: 12,  Completed: 105 [  11m 36s  ] 
INFO:  Idle: 0,  Running: 7,  Completed: 112 [  11m 40s  ] 
INFO:  Idle: 0,  Running: 2,  Completed: 117 [  11m 57s  ] 
INFO: P0_gg_hh/G1 is at 9673/28730 ('34%') event. Resubmit 112 job at iteration 3. 
INFO:  Idle: 99,  Running: 12,  Completed: 121 [  13m 10s  ] 
INFO:  Idle: 87,  Running: 12,  Completed: 133 [  14m 23s  ] 
INFO:  Idle: 79,  Running: 12,  Completed: 141 [  14m 27s  ] 
INFO:  Idle: 75,  Running: 12,  Completed: 145 [  15m 35s  ] 
INFO:  Idle: 69,  Running: 12,  Completed: 151 [  15m 39s  ] 
INFO:  Idle: 64,  Running: 12,  Completed: 156 [  15m 44s  ] 
INFO:  Idle: 63,  Running: 12,  Completed: 157 [  16m 48s  ] 
INFO:  Idle: 57,  Running: 12,  Completed: 163 [  16m 52s  ] 
INFO:  Idle: 52,  Running: 12,  Completed: 168 [  17m 1s  ] 
INFO:  Idle: 51,  Running: 12,  Completed: 169 [  18m 0s  ] 
INFO:  Idle: 45,  Running: 12,  Completed: 175 [  18m 5s  ] 
INFO:  Idle: 42,  Running: 12,  Completed: 178 [  18m 8s  ] 
INFO:  Idle: 40,  Running: 12,  Completed: 180 [  18m 14s  ] 
INFO:  Idle: 39,  Running: 12,  Completed: 181 [  19m 13s  ] 
INFO:  Idle: 34,  Running: 12,  Completed: 186 [  19m 17s  ] 
INFO:  Idle: 31,  Running: 12,  Completed: 189 [  19m 21s  ] 
INFO:  Idle: 28,  Running: 12,  Completed: 192 [  19m 29s  ] 
INFO:  Idle: 27,  Running: 12,  Completed: 193 [  20m 25s  ] 
INFO:  Idle: 23,  Running: 12,  Completed: 197 [  20m 28s  ] 
INFO:  Idle: 20,  Running: 12,  Completed: 200 [  20m 32s  ] 
INFO:  Idle: 17,  Running: 12,  Completed: 203 [  20m 36s  ] 
INFO:  Idle: 16,  Running: 12,  Completed: 204 [  20m 41s  ] 
INFO:  Idle: 15,  Running: 12,  Completed: 205 [  21m 38s  ] 
INFO:  Idle: 13,  Running: 12,  Completed: 207 [  21m 41s  ] 
INFO:  Idle: 9,  Running: 12,  Completed: 211 [  21m 44s  ] 
INFO:  Idle: 5,  Running: 12,  Completed: 215 [  21m 49s  ] 
INFO:  Idle: 4,  Running: 12,  Completed: 216 [  21m 53s  ] 
INFO:  Idle: 3,  Running: 12,  Completed: 217 [  22m 51s  ] 
INFO:  Idle: 0,  Running: 12,  Completed: 220 [  22m 54s  ] 
INFO:  Idle: 0,  Running: 8,  Completed: 224 [  22m 57s  ] 
INFO:  Idle: 0,  Running: 4,  Completed: 228 [  23m 1s  ] 
INFO:  Idle: 0,  Running: 3,  Completed: 229 [  23m 20s  ] 
INFO: P0_gg_hh/G1 is at 24258/28763 ('84%') event. Resubmit 35 job at iteration 4. 
INFO:  Idle: 22,  Running: 12,  Completed: 234 [  24m 35s  ] 
INFO:  Idle: 11,  Running: 12,  Completed: 245 [  24m 38s  ] 
INFO:  Idle: 10,  Running: 12,  Completed: 246 [  25m 47s  ] 
INFO:  Idle: 0,  Running: 12,  Completed: 256 [  25m 51s  ] 
INFO:  Idle: 0,  Running: 11,  Completed: 257 [  25m 55s  ] 
INFO:  Idle: 0,  Running: 10,  Completed: 258 [  26m 54s  ] 
INFO: found enough event for P0_gg_hh/G1 
INFO:  Idle: 0,  Running: 0,  Completed: 269 [  26m 56s  ] 
INFO: Combining runs 
sum of cpu time of last step: 0 second
INFO: finish refine 
refine 25000 --treshold=0.9
No need for second refine due to stability of cross-section
INFO: Combining Events 
 
 
 
  === Results Summary for run: run_01 tag: tag_1 ===

     Cumulative sequential time for this run: 28m03s
     Cross-section :   0.04971 +- 4.616e-05 pb
     Nb of events :  25000
 
store_events
INFO: Storing parton level results 
INFO: End Parton 
reweight -from_cards
INFO: Extracting the banner ... 
INFO: process: p p > H H QED=2 QCD=2  
INFO: options: NP=2  
INFO: Running Reweighting 
change output default
change helicity False
launch --rwgt_name=sm
INFO: detected model: SMEFTatNLO-LO. Loading... 
INFO: generating the square matrix element for reweighting 
INFO: generate p p > H H   QED=2 QCD=2 NP=2   --no_warning=duplicate;define pert_QCD = -5 -4 -3 -2 -1 1 2 3 4 5 21;add process p p > H H    pert_QCD QED=2 QCD=3 NP=2    --no_warning=duplicate; 
INFO: RETRY with generate p p > H H   QED=2 QCD=2 NP=2  [virt=QCD] ; 
INFO: Done 8.987 
Do you want to edit a card (press enter to bypass editing)?
/------------------------------------------------------------\
|  [31m1[0m. param : [32mparam_card.dat[0m                                 |
|  [31m9[0m. plot  : [32mplot_card.dat[0m                                  |
\------------------------------------------------------------/
 you can also
   - enter the path to a valid card or banner.
   - use the 'set' command to modify a parameter directly.
     The set option works only for param_card and run_card.
     Type 'help set' for more information on this command.
   - call an external program (ASperGE/MadWidth/...).
     Type 'help' for the list of available command
 [[4m0[0m, done, 1, param, 9, plot, enter path]
>INFO: starts to compute weight for events with the following modification to the param_card: 
INFO: set param_card dim6 4 0.0 # orig: -4.270762
KEEP:set param_card dim6 5 0.0 # orig: -9.635791
KEEP:set param_card dim62f 19 0.0 # orig: -5.011696
KEEP: 
INFO: Event nb 0 current time: 21h41 
INFO: Event nb 10  0.17s  
INFO: Event nb 20  0.28s  
INFO: Event nb 30  0.39s  
INFO: Event nb 40  0.5s  
INFO: Event nb 50  0.61s  
INFO: Event nb 60  0.72s  
INFO: Event nb 70  0.84s  
INFO: Event nb 80  0.95s  
INFO: Event nb 90  1.1s  
INFO: Event nb 100  1.2s  
INFO: Event nb 200  2.3s  
INFO: Event nb 300  3.5s  
INFO: Event nb 400  4.6s  
INFO: Event nb 500  5.7s  
INFO: Event nb 600  6.9s  
INFO: Event nb 700  8s  
INFO: Event nb 800  9.2s  
INFO: Event nb 900  10.3s  
INFO: Event nb 1000  11.4s  
INFO: Event nb 2000  22.9s  
INFO: Event nb 3000  34.2s  
INFO: Event nb 4000  45.5s  
INFO: Event nb 5000  56.9s  
INFO: Event nb 6000  1m 8s  
INFO: Event nb 7000  1m 19s  
INFO: Event nb 8000  1m 31s  
INFO: Event nb 9000  1m 42s  
INFO: Event nb 10000  1m 53s  
INFO: reducing number of print status. Next status update in 10000 events 
INFO: Event nb 20000  3m 47s  
INFO: All event done  (nb_event: 25000)  4m 44s  
INFO: Event /vols/cms/us322/events_4b/02_event_generation_4b/mg_processes/signal_supp_6/morphing_basis_vector_1/Events/run_01/unweighted_events.lhe have now the additional weight 
INFO: new cross-section is : 0.0157326 pb (indicative error: 0.00177561 pb) 
launch --rwgt_name=morphing_basis_vector_2
Do you want to edit a card (press enter to bypass editing)?
/------------------------------------------------------------\
|  [31m1[0m. param : [32mparam_card.dat[0m                                 |
|  [31m9[0m. plot  : [32mplot_card.dat[0m                                  |
\------------------------------------------------------------/
 you can also
   - enter the path to a valid card or banner.
   - use the 'set' command to modify a parameter directly.
     The set option works only for param_card and run_card.
     Type 'help set' for more information on this command.
   - call an external program (ASperGE/MadWidth/...).
     Type 'help' for the list of available command
 [[4m0[0m, done, 1, param, 9, plot, enter path]
>INFO: starts to compute weight for events with the following modification to the param_card: 
INFO: set param_card dim6 4 -3.509851 # orig: -4.270762
KEEP:set param_card dim6 5 -14.88657 # orig: -9.635791
KEEP:set param_card dim62f 19 6.650933 # orig: -5.011696
KEEP: 
INFO: Event nb 0 current time: 21h45 
INFO: Event nb 10  0.12s  
INFO: Event nb 20  0.24s  
INFO: Event nb 30  0.36s  
INFO: Event nb 40  0.48s  
INFO: Event nb 50  0.6s  
INFO: Event nb 60  0.72s  
INFO: Event nb 70  0.84s  
INFO: Event nb 80  0.96s  
INFO: Event nb 90  1.1s  
INFO: Event nb 100  1.2s  
INFO: Event nb 200  2.4s  
INFO: Event nb 300  3.6s  
INFO: Event nb 400  4.9s  
INFO: Event nb 500  6.1s  
INFO: Event nb 600  7.3s  
INFO: Event nb 700  8.6s  
INFO: Event nb 800  9.8s  
INFO: Event nb 900  11s  
INFO: Event nb 1000  12.2s  
INFO: Event nb 2000  24.4s  
INFO: Event nb 3000  36.6s  
INFO: Event nb 4000  48.7s  
INFO: Event nb 5000  1m 0s  
INFO: Event nb 6000  1m 13s  
INFO: Event nb 7000  1m 25s  
INFO: Event nb 8000  1m 37s  
INFO: Event nb 9000  1m 49s  
INFO: Event nb 10000  2m 1s  
INFO: reducing number of print status. Next status update in 10000 events 
INFO: Event nb 20000  4m 3s  
INFO: All event done  (nb_event: 25000)  5m 4s  
INFO: Event /vols/cms/us322/events_4b/02_event_generation_4b/mg_processes/signal_supp_6/morphing_basis_vector_1/Events/run_01/unweighted_events.lhe have now the additional weight 
INFO: new cross-section is : 0.0756915 pb (indicative error: 0.00422498 pb) 
launch --rwgt_name=morphing_basis_vector_3
Do you want to edit a card (press enter to bypass editing)?
/------------------------------------------------------------\
|  [31m1[0m. param : [32mparam_card.dat[0m                                 |
|  [31m9[0m. plot  : [32mplot_card.dat[0m                                  |
\------------------------------------------------------------/
 you can also
   - enter the path to a valid card or banner.
   - use the 'set' command to modify a parameter directly.
     The set option works only for param_card and run_card.
     Type 'help set' for more information on this command.
   - call an external program (ASperGE/MadWidth/...).
     Type 'help' for the list of available command
 [[4m0[0m, done, 1, param, 9, plot, enter path]
>INFO: starts to compute weight for events with the following modification to the param_card: 
INFO: set param_card dim6 4 -4.70413 # orig: -4.270762
KEEP:set param_card dim6 5 -2.237588 # orig: -9.635791
KEEP:set param_card dim62f 19 4.219889 # orig: -5.011696
KEEP: 
INFO: Event nb 0 current time: 21h50 
INFO: Event nb 10  0.12s  
INFO: Event nb 20  0.24s  
INFO: Event nb 30  0.36s  
INFO: Event nb 40  0.48s  
INFO: Event nb 50  0.6s  
INFO: Event nb 60  0.72s  
INFO: Event nb 70  0.84s  
INFO: Event nb 80  0.96s  
INFO: Event nb 90  1.1s  
INFO: Event nb 100  1.2s  
INFO: Event nb 200  2.4s  
INFO: Event nb 300  3.6s  
INFO: Event nb 400  4.9s  
INFO: Event nb 500  6.1s  
INFO: Event nb 600  7.3s  
INFO: Event nb 700  8.6s  
INFO: Event nb 800  9.8s  
INFO: Event nb 900  11s  
INFO: Event nb 1000  12.2s  
INFO: Event nb 2000  24.5s  
INFO: Event nb 3000  36.6s  
INFO: Event nb 4000  48.8s  
INFO: Event nb 5000  1m 0s  
INFO: Event nb 6000  1m 13s  
INFO: Event nb 7000  1m 25s  
INFO: Event nb 8000  1m 37s  
INFO: Event nb 9000  1m 49s  
INFO: Event nb 10000  2m 1s  
INFO: reducing number of print status. Next status update in 10000 events 
INFO: Event nb 20000  4m 3s  
INFO: All event done  (nb_event: 25000)  5m 4s  
INFO: Event /vols/cms/us322/events_4b/02_event_generation_4b/mg_processes/signal_supp_6/morphing_basis_vector_1/Events/run_01/unweighted_events.lhe have now the additional weight 
INFO: new cross-section is : 0.0480368 pb (indicative error: 0.00737922 pb) 
launch --rwgt_name=morphing_basis_vector_4
Do you want to edit a card (press enter to bypass editing)?
/------------------------------------------------------------\
|  [31m1[0m. param : [32mparam_card.dat[0m                                 |
|  [31m9[0m. plot  : [32mplot_card.dat[0m                                  |
\------------------------------------------------------------/
 you can also
   - enter the path to a valid card or banner.
   - use the 'set' command to modify a parameter directly.
     The set option works only for param_card and run_card.
     Type 'help set' for more information on this command.
   - call an external program (ASperGE/MadWidth/...).
     Type 'help' for the list of available command
 [[4m0[0m, done, 1, param, 9, plot, enter path]
>INFO: starts to compute weight for events with the following modification to the param_card: 
INFO: set param_card dim6 4 0.1140347 # orig: -4.270762
KEEP:set param_card dim6 5 4.567852 # orig: -9.635791
KEEP:set param_card dim62f 19 5.437451 # orig: -5.011696
KEEP: 
INFO: Event nb 0 current time: 21h55 
INFO: Event nb 10  0.12s  
INFO: Event nb 20  0.24s  
INFO: Event nb 30  0.36s  
INFO: Event nb 40  0.48s  
INFO: Event nb 50  0.6s  
INFO: Event nb 60  0.72s  
INFO: Event nb 70  0.84s  
INFO: Event nb 80  0.96s  
INFO: Event nb 90  1.1s  
INFO: Event nb 100  1.2s  
INFO: Event nb 200  2.4s  
INFO: Event nb 300  3.6s  
INFO: Event nb 400  4.9s  
INFO: Event nb 500  6.1s  
INFO: Event nb 600  7.3s  
INFO: Event nb 700  8.5s  
INFO: Event nb 800  9.7s  
INFO: Event nb 900  10.9s  
INFO: Event nb 1000  12.2s  
INFO: Event nb 2000  24.4s  
INFO: Event nb 3000  36.5s  
INFO: Event nb 4000  48.6s  
INFO: Event nb 5000  1m 0s  
INFO: Event nb 6000  1m 12s  
INFO: Event nb 7000  1m 25s  
INFO: Event nb 8000  1m 37s  
INFO: Event nb 9000  1m 49s  
INFO: Event nb 10000  2m 1s  
INFO: reducing number of print status. Next status update in 10000 events 
INFO: Event nb 20000  4m 2s  
INFO: All event done  (nb_event: 25000)  5m 3s  
INFO: Event /vols/cms/us322/events_4b/02_event_generation_4b/mg_processes/signal_supp_6/morphing_basis_vector_1/Events/run_01/unweighted_events.lhe have now the additional weight 
INFO: new cross-section is : 0.119112 pb (indicative error: 0.00953122 pb) 
launch --rwgt_name=morphing_basis_vector_5
Do you want to edit a card (press enter to bypass editing)?
/------------------------------------------------------------\
|  [31m1[0m. param : [32mparam_card.dat[0m                                 |
|  [31m9[0m. plot  : [32mplot_card.dat[0m                                  |
\------------------------------------------------------------/
 you can also
   - enter the path to a valid card or banner.
   - use the 'set' command to modify a parameter directly.
     The set option works only for param_card and run_card.
     Type 'help set' for more information on this command.
   - call an external program (ASperGE/MadWidth/...).
     Type 'help' for the list of available command
 [[4m0[0m, done, 1, param, 9, plot, enter path]
>INFO: starts to compute weight for events with the following modification to the param_card: 
INFO: set param_card dim6 4 2.704957 # orig: -4.270762
KEEP:set param_card dim6 5 -11.77089 # orig: -9.635791
KEEP:set param_card dim62f 19 -5.938309 # orig: -5.011696
KEEP: 
INFO: Event nb 0 current time: 22h01 
INFO: Event nb 10  0.12s  
INFO: Event nb 20  0.24s  
INFO: Event nb 30  0.36s  
INFO: Event nb 40  0.48s  
INFO: Event nb 50  0.6s  
INFO: Event nb 60  0.72s  
INFO: Event nb 70  0.84s  
INFO: Event nb 80  0.96s  
INFO: Event nb 90  1.1s  
INFO: Event nb 100  1.2s  
INFO: Event nb 200  2.4s  
INFO: Event nb 300  3.6s  
INFO: Event nb 400  4.9s  
INFO: Event nb 500  6.1s  
INFO: Event nb 600  7.3s  
INFO: Event nb 700  8.5s  
INFO: Event nb 800  9.8s  
INFO: Event nb 900  11s  
INFO: Event nb 1000  12.2s  
INFO: Event nb 2000  24.4s  
INFO: Event nb 3000  36.5s  
INFO: Event nb 4000  48.6s  
INFO: Event nb 5000  1m 0s  
INFO: Event nb 6000  1m 13s  
INFO: Event nb 7000  1m 25s  
INFO: Event nb 8000  1m 37s  
INFO: Event nb 9000  1m 49s  
INFO: Event nb 10000  2m 1s  
INFO: reducing number of print status. Next status update in 10000 events 
INFO: Event nb 20000  4m 3s  
INFO: All event done  (nb_event: 25000)  5m 4s  
INFO: Event /vols/cms/us322/events_4b/02_event_generation_4b/mg_processes/signal_supp_6/morphing_basis_vector_1/Events/run_01/unweighted_events.lhe have now the additional weight 
INFO: new cross-section is : 0.184977 pb (indicative error: 0.00519288 pb) 
launch --rwgt_name=morphing_basis_vector_6
Do you want to edit a card (press enter to bypass editing)?
/------------------------------------------------------------\
|  [31m1[0m. param : [32mparam_card.dat[0m                                 |
|  [31m9[0m. plot  : [32mplot_card.dat[0m                                  |
\------------------------------------------------------------/
 you can also
   - enter the path to a valid card or banner.
   - use the 'set' command to modify a parameter directly.
     The set option works only for param_card and run_card.
     Type 'help set' for more information on this command.
   - call an external program (ASperGE/MadWidth/...).
     Type 'help' for the list of available command
 [[4m0[0m, done, 1, param, 9, plot, enter path]
>INFO: starts to compute weight for events with the following modification to the param_card: 
INFO: set param_card dim6 4 4.585811 # orig: -4.270762
KEEP:set param_card dim6 5 6.747472 # orig: -9.635791
KEEP:set param_card dim62f 19 -2.432281 # orig: -5.011696
KEEP: 
INFO: Event nb 0 current time: 22h06 
INFO: Event nb 10  0.12s  
INFO: Event nb 20  0.24s  
INFO: Event nb 30  0.36s  
INFO: Event nb 40  0.48s  
INFO: Event nb 50  0.6s  
INFO: Event nb 60  0.72s  
INFO: Event nb 70  0.84s  
INFO: Event nb 80  0.96s  
INFO: Event nb 90  1.1s  
INFO: Event nb 100  1.2s  
INFO: Event nb 200  2.4s  
INFO: Event nb 300  3.7s  
INFO: Event nb 400  4.9s  
INFO: Event nb 500  6.1s  
INFO: Event nb 600  7.3s  
INFO: Event nb 700  8.6s  
INFO: Event nb 800  9.8s  
INFO: Event nb 900  11s  
INFO: Event nb 1000  12.2s  
INFO: Event nb 2000  24.5s  
INFO: Event nb 3000  36.7s  
INFO: Event nb 4000  48.9s  
INFO: Event nb 5000  1m 1s  
INFO: Event nb 6000  1m 13s  
INFO: Event nb 7000  1m 25s  
INFO: Event nb 8000  1m 37s  
INFO: Event nb 9000  1m 50s  
INFO: Event nb 10000  2m 2s  
INFO: reducing number of print status. Next status update in 10000 events 
INFO: Event nb 20000  4m 3s  
INFO: All event done  (nb_event: 25000)  5m 3s  
INFO: Event /vols/cms/us322/events_4b/02_event_generation_4b/mg_processes/signal_supp_6/morphing_basis_vector_1/Events/run_01/unweighted_events.lhe have now the additional weight 
INFO: new cross-section is : 0.0494101 pb (indicative error: 0.00319461 pb) 
launch --rwgt_name=morphing_basis_vector_7
Do you want to edit a card (press enter to bypass editing)?
/------------------------------------------------------------\
|  [31m1[0m. param : [32mparam_card.dat[0m                                 |
|  [31m9[0m. plot  : [32mplot_card.dat[0m                                  |
\------------------------------------------------------------/
 you can also
   - enter the path to a valid card or banner.
   - use the 'set' command to modify a parameter directly.
     The set option works only for param_card and run_card.
     Type 'help set' for more information on this command.
   - call an external program (ASperGE/MadWidth/...).
     Type 'help' for the list of available command
 [[4m0[0m, done, 1, param, 9, plot, enter path]
>INFO: starts to compute weight for events with the following modification to the param_card: 
INFO: set param_card dim6 4 -1.246802 # orig: -4.270762
KEEP:set param_card dim6 5 -14.80999 # orig: -9.635791
KEEP:set param_card dim62f 19 0.4606651 # orig: -5.011696
KEEP: 
INFO: Event nb 0 current time: 22h11 
INFO: Event nb 10  0.12s  
INFO: Event nb 20  0.24s  
INFO: Event nb 30  0.36s  
INFO: Event nb 40  0.48s  
INFO: Event nb 50  0.61s  
INFO: Event nb 60  0.73s  
INFO: Event nb 70  0.85s  
INFO: Event nb 80  0.97s  
INFO: Event nb 90  1.1s  
INFO: Event nb 100  1.2s  
INFO: Event nb 200  2.4s  
INFO: Event nb 300  3.7s  
INFO: Event nb 400  4.9s  
INFO: Event nb 500  6.1s  
INFO: Event nb 600  7.3s  
INFO: Event nb 700  8.6s  
INFO: Event nb 800  9.8s  
INFO: Event nb 900  11s  
INFO: Event nb 1000  12.2s  
INFO: Event nb 2000  24.4s  
INFO: Event nb 3000  36.5s  
INFO: Event nb 4000  48.6s  
INFO: Event nb 5000  1m 1s  
INFO: Event nb 6000  1m 13s  
INFO: Event nb 7000  1m 26s  
INFO: Event nb 8000  1m 38s  
INFO: Event nb 9000  1m 51s  
INFO: Event nb 10000  2m 3s  
INFO: reducing number of print status. Next status update in 10000 events 
INFO: Event nb 20000  4m 5s  
INFO: All event done  (nb_event: 25000)  5m 6s  
INFO: Event /vols/cms/us322/events_4b/02_event_generation_4b/mg_processes/signal_supp_6/morphing_basis_vector_1/Events/run_01/unweighted_events.lhe have now the additional weight 
INFO: new cross-section is : 0.127632 pb (indicative error: 0.00244793 pb) 
launch --rwgt_name=morphing_basis_vector_8
Do you want to edit a card (press enter to bypass editing)?
/------------------------------------------------------------\
|  [31m1[0m. param : [32mparam_card.dat[0m                                 |
|  [31m9[0m. plot  : [32mplot_card.dat[0m                                  |
\------------------------------------------------------------/
 you can also
   - enter the path to a valid card or banner.
   - use the 'set' command to modify a parameter directly.
     The set option works only for param_card and run_card.
     Type 'help set' for more information on this command.
   - call an external program (ASperGE/MadWidth/...).
     Type 'help' for the list of available command
 [[4m0[0m, done, 1, param, 9, plot, enter path]
>INFO: starts to compute weight for events with the following modification to the param_card: 
INFO: set param_card dim6 4 -1.757994 # orig: -4.270762
KEEP:set param_card dim6 5 7.687006 # orig: -9.635791
KEEP:set param_card dim62f 19 -4.792287 # orig: -5.011696
KEEP: 
INFO: Event nb 0 current time: 22h16 
INFO: Event nb 10  0.12s  
INFO: Event nb 20  0.24s  
INFO: Event nb 30  0.41s  
INFO: Event nb 40  0.53s  
INFO: Event nb 50  0.67s  
INFO: Event nb 60  0.79s  
INFO: Event nb 70  0.91s  
INFO: Event nb 80  1.1s  
INFO: Event nb 90  1.2s  
INFO: Event nb 100  1.3s  
INFO: Event nb 200  2.6s  
INFO: Event nb 300  3.8s  
INFO: Event nb 400  5s  
INFO: Event nb 500  6.3s  
INFO: Event nb 600  7.6s  
INFO: Event nb 700  8.9s  
INFO: Event nb 800  10.2s  
INFO: Event nb 900  11.5s  
INFO: Event nb 1000  12.7s  
INFO: Event nb 2000  25.2s  
INFO: Event nb 3000  37.5s  
INFO: Event nb 4000  50.2s  
INFO: Event nb 5000  1m 2s  
INFO: Event nb 6000  1m 15s  
INFO: Event nb 7000  1m 28s  
INFO: Event nb 8000  1m 40s  
INFO: Event nb 9000  1m 52s  
INFO: Event nb 10000  2m 5s  
INFO: reducing number of print status. Next status update in 10000 events 
INFO: Event nb 20000  4m 7s  
INFO: All event done  (nb_event: 25000)  5m 8s  
INFO: Event /vols/cms/us322/events_4b/02_event_generation_4b/mg_processes/signal_supp_6/morphing_basis_vector_1/Events/run_01/unweighted_events.lhe have now the additional weight 
INFO: new cross-section is : 0.094805 pb (indicative error: 0.00449817 pb) 
launch --rwgt_name=morphing_basis_vector_9
Do you want to edit a card (press enter to bypass editing)?
/------------------------------------------------------------\
|  [31m1[0m. param : [32mparam_card.dat[0m                                 |
|  [31m9[0m. plot  : [32mplot_card.dat[0m                                  |
\------------------------------------------------------------/
 you can also
   - enter the path to a valid card or banner.
   - use the 'set' command to modify a parameter directly.
     The set option works only for param_card and run_card.
     Type 'help set' for more information on this command.
   - call an external program (ASperGE/MadWidth/...).
     Type 'help' for the list of available command
 [[4m0[0m, done, 1, param, 9, plot, enter path]
>INFO: starts to compute weight for events with the following modification to the param_card: 
INFO: set param_card dim6 4 3.774042 # orig: -4.270762
KEEP:set param_card dim6 5 0.6799669 # orig: -9.635791
KEEP:set param_card dim62f 19 4.975328 # orig: -5.011696
KEEP: 
INFO: Event nb 0 current time: 22h21 
INFO: Event nb 10  0.12s  
INFO: Event nb 20  0.24s  
INFO: Event nb 30  0.36s  
INFO: Event nb 40  0.47s  
INFO: Event nb 50  0.59s  
INFO: Event nb 60  0.71s  
INFO: Event nb 70  0.83s  
INFO: Event nb 80  0.95s  
INFO: Event nb 90  1.1s  
INFO: Event nb 100  1.2s  
INFO: Event nb 200  2.4s  
INFO: Event nb 300  3.6s  
INFO: Event nb 400  4.8s  
INFO: Event nb 500  6.1s  
INFO: Event nb 600  7.3s  
INFO: Event nb 700  8.5s  
INFO: Event nb 800  9.7s  
INFO: Event nb 900  10.9s  
INFO: Event nb 1000  12.1s  
INFO: Event nb 2000  24.3s  
INFO: Event nb 3000  36.1s  
INFO: Event nb 4000  48.1s  
INFO: Event nb 5000  1m 0s  
INFO: Event nb 6000  1m 12s  
INFO: Event nb 7000  1m 24s  
INFO: Event nb 8000  1m 36s  
INFO: Event nb 9000  1m 48s  
INFO: Event nb 10000  1m 59s  
INFO: reducing number of print status. Next status update in 10000 events 
INFO: Event nb 20000  3m 57s  
INFO: All event done  (nb_event: 25000)  4m 55s  
INFO: Event /vols/cms/us322/events_4b/02_event_generation_4b/mg_processes/signal_supp_6/morphing_basis_vector_1/Events/run_01/unweighted_events.lhe have now the additional weight 
INFO: new cross-section is : 0.0285106 pb (indicative error: 0.00361402 pb) 
INFO: Original cross-section: 0.049707 +- 4.616e-05 pb (cross-section from sum of weights: 0.04970699999999076) 
INFO: Computed cross-section: 
INFO: morphing_basis_vector_2 : 0.0756914890171623 +- 0.0042249784233801095 pb 
INFO: morphing_basis_vector_3 : 0.048036769456199974 +- 0.0073792237794208905 pb 
INFO: morphing_basis_vector_4 : 0.11911168566597619 +- 0.009531224198638439 pb 
INFO: morphing_basis_vector_5 : 0.18497679517906726 +- 0.005192884139014087 pb 
INFO: morphing_basis_vector_6 : 0.04941009758709831 +- 0.003194607258938923 pb 
INFO: morphing_basis_vector_7 : 0.12763184518690793 +- 0.0024479257399632574 pb 
INFO: morphing_basis_vector_8 : 0.09480502857643434 +- 0.004498172976772737 pb 
INFO: morphing_basis_vector_9 : 0.028510597910244836 +- 0.003614018401294678 pb 
INFO: sm : 0.015732583102292558 +- 0.0017756131760070766 pb 
INFO: quit rwgt 
decay_events -from_cards
INFO: Running MadSpin 
INFO: This functionality allows for the decay of resonances 
INFO: in a .lhe file, keeping track of the spin correlation effets. 
INFO: BE AWARE OF THE CURRENT LIMITATIONS: 
INFO:   (1) Only a succession of 2 body decay are currently allowed 
************************************************************
*                                                          *
*           W E L C O M E  to  M A D S P I N               *
*                                                          *
************************************************************
INFO: Extracting the banner ... 
INFO: process: p p > H H QED=2 QCD=2  
INFO: options: NP=2  
INFO: detected model: SMEFTatNLO-LO. Loading... 
lhapdf-config does not seem to correspond to a valid lhapdf-config executable. 
Please set the 'lhapdf' variable to the (absolute) /PATH/TO/lhapdf-config (including lhapdf-config).
Note that you can still compile and run aMC@NLO with the built-in PDFs
 MG5_aMC> set lhapdf /PATH/TO/lhapdf-config

Set group_subprocesses to Auto
Note that you need to regenerate all processes
import model heft --bypass_check
[1;34mWARNING: No param_card defined for the new model. We will use the default one but this might completely wrong. [0m
INFO: detected model: heft. Loading... 
INFO: reload from .py file 
INFO: load particles 
INFO: load vertices 
INFO: Restrict model heft with file ../../../../srv/localstage/condor/dir_3296403/mg5amcnlo/models/heft/restrict_default.dat . 
INFO: Run "set stdout_level DEBUG" before import for more information. 
[1;34mPass the definition of 'j' and 'p' to 4 flavour scheme.[0m
Kept definitions of multiparticles l+ / l- / vl / vl~ unchanged
Removed obsolete multiparticles all
Defined multiparticle all = g u c d s u~ c~ d~ s~ a ve vm vt e- m- ve~ vm~ vt~ e+ m+ t b t~ b~ z w+ h h1 w- tt- tt+
set spinmode None          # Use one of the madspin special mode
set max_weight_ps_point 400  # number of PS to estimate the maximum for each event
decay h > b b~
decay h > b b~
launch
INFO: Will use seed 100218316 
INFO: generate 25000 decay event for particle h 
INFO: Will use seed 1791589 
stty: 'standard input': Inappropriate ioctl for device
  0%|          | 0/691 [00:00<?, ?it/s]100%|██████████| 691/691 [00:00<00:00, 100630.67it/s]stty: 'standard input': Inappropriate ioctl for device

  0%|          | 0/691 [00:00<?, ?it/s]100%|██████████| 691/691 [00:00<00:00, 109174.82it/s]decaying event number 100 [0.07209277153015137 s]
decaying event number 200 [0.1429002285003662 s]
decaying event number 300 [0.21390390396118164 s]
decaying event number 400 [0.2848985195159912 s]
decaying event number 500 [0.3562624454498291 s]
decaying event number 600 [0.4272031784057617 s]
decaying event number 700 [0.49800539016723633 s]
decaying event number 800 [0.5688610076904297 s]
decaying event number 900 [0.6397321224212646 s]
decaying event number 1000 [0.7102344036102295 s]
decaying event number 2000 [1.4190442562103271 s]
decaying event number 3000 [2.126157283782959 s]
decaying event number 4000 [2.8327016830444336 s]
decaying event number 5000 [3.540931463241577 s]
decaying event number 6000 [4.249476909637451 s]
decaying event number 7000 [4.95890212059021 s]
decaying event number 8000 [5.667739391326904 s]
decaying event number 9000 [6.3763768672943115 s]
decaying event number 10000 [7.0846991539001465 s]
decaying event number 20000 [14.183656215667725 s]
INFO: The decayed event file has been moved to the following location:  
INFO: /vols/cms/us322/events_4b/02_event_generation_4b/mg_processes/signal_supp_6/morphing_basis_vector_1/Events/run_01_decayed_1/unweighted_events.lhe.gz 
INFO: MadSpin Done 
INFO: [92mRunning Pythia8 [arXiv:1410.3012][0m 
Splitting .lhe event file for PY8 parallelization...
Submitting Pythia8 jobs...
Pythia8 shower jobs: 1 Idle, 11 Running, 0 Done [12 seconds]
Pythia8 shower jobs: 0 Idle, 11 Running, 1 Done [5m01s]
Pythia8 shower jobs: 0 Idle, 10 Running, 2 Done [5m02s]
Pythia8 shower jobs: 0 Idle, 9 Running, 3 Done [5m02s]
Pythia8 shower jobs: 0 Idle, 8 Running, 4 Done [5m03s]
Pythia8 shower jobs: 0 Idle, 7 Running, 5 Done [5m03s]
Pythia8 shower jobs: 0 Idle, 6 Running, 6 Done [5m03s]
Pythia8 shower jobs: 0 Idle, 5 Running, 7 Done [5m03s]
Pythia8 shower jobs: 0 Idle, 4 Running, 8 Done [5m03s]
Pythia8 shower jobs: 0 Idle, 3 Running, 9 Done [5m03s]
Pythia8 shower jobs: 0 Idle, 2 Running, 10 Done [5m04s]
Pythia8 shower jobs: 0 Idle, 1 Running, 11 Done [5m04s]
Pythia8 shower jobs: 0 Idle, 0 Running, 12 Done [5m04s]
Merging results from the split PY8 runs...
INFO: Pythia8 shower finished after 5m39s. 
  === Results Summary for run: run_01_decayed_1 tag: tag_1 ===

     Cross-section :   0.04523 +- 4.2e-05 pb
     Nb of events :  25000
 
INFO: storing files of previous run 
INFO: Storing Pythia8 files of previous run 
INFO: Done 
quit
INFO:  
order=LO
[1;34mCommand "order=LO" not recognized, please try again[0m
shower=Pythia8
[1;34mCommand "shower=Pythia8" not recognized, please try again[0m
detector=OFF
[1;34mCommand "detector=OFF" not recognized, please try again[0m
analysis=OFF
[1;34mCommand "analysis=OFF" not recognized, please try again[0m
madspin=ON
[1;34mCommand "madspin=ON" not recognized, please try again[0m
reweight=ON
[1;34mCommand "reweight=ON" not recognized, please try again[0m
done
[1;34mCommand "done" not recognized, please try again[0m
quit

 mdl_vev0 =    246.22056907348588     
 mdl_vev0__exp__2 =    60624.568634871226     
 mdl_dlam =   0.45759933651977336     
 mdl_ee0 =   0.31345063981313520     
 mdl_cw =   0.87538656571726847     
 mdl_muH =    68.165123028343629     
 mdl_sw =   0.48342358295983689     
 mdl_g1 =   0.35807111062562641     
 mdl_gw =   0.64839749416853931     
 mdl_lam =    6.9897490058211470E-002
 mdl_vev =    246.22056907348588     
 mdl_ee =   0.31345063981313520     
 mdl_ee__exp__2 =    9.8251303599263817E-002
 mdl_aEW =    7.8185903165226816E-003
 aEWM1 =    127.90029398096792     
 mdl_ee0__exp__2 =    9.8251303599263817E-002
 mdl_ee0__exp__3 =    3.0796933975663836E-002
 mdl_vev0__exp__3 =    14927015.789112596     
  Internal Params evaluated point by point
  ----------------------------------------
  
 mdl_sqrt__aS =   0.34496376621320685     
 mdl_G__exp__2 =    1.4953981031087418     
 mdl_G__exp__3 =    1.8286695702272273     
 mdl_G__exp__4 =    2.2362154867812229     
 mdl_MU_R__exp__2 =    8315.2513440000002     
  Couplings of SMEFTatNLO-LO
  ---------------------------------
  
        GC_11 =   0.00000E+00   0.12229E+01
 R2GC_1297_467 =  0.00000E+00   0.98798E-02
 R2GC_1298_468 =  0.00000E+00   0.17412E+00
 R2GC_618_1801 = -0.00000E+00  -0.92422E-02
 R2GC_631_1814 = -0.00000E+00  -0.22756E+01
      GC_1822 =   0.00000E+00   0.25987E-02
      GC_1842 =   0.00000E+00   0.53452E-01
       GC_322 =  -0.00000E+00  -0.19038E+03
       GC_420 =   0.00000E+00   0.60899E+02
       GC_422 =   0.00000E+00   0.37170E-02
       GC_431 =   0.00000E+00  -0.43558E+02
       GC_546 =  -0.00000E+00  -0.69856E+00
