************************************************************
*                                                          *
*                     W E L C O M E to                     *
*              M A D G R A P H 5 _ a M C @ N L O           *
*                                                          *
*                                                          *
*                 *                       *                *
*                   *        * *        *                  *
*                     * * * * 5 * * * *                    *
*                   *        * *        *                  *
*                 *                       *                *
*                                                          *
*         VERSION 3.5.1                 2023-07-11         *
*                                                          *
*    The MadGraph5_aMC@NLO Development Team - Find us at   *
*              http://madgraph.phys.ucl.ac.be/             *
*                            and                           *
*            http://amcatnlo.web.cern.ch/amcatnlo/         *
*                                                          *
*               Type 'help' for in-line help.              *
*           Type 'tutorial' to learn how MG5 works         *
*    Type 'tutorial aMCatNLO' to learn how aMC@NLO works   *
*    Type 'tutorial MadLoop' to learn how MadLoop works    *
*                                                          *
************************************************************
load MG5 configuration from ../../../../srv/localstage/condor/dir_735042/mg5amcnlo/input/mg5_configuration.txt 
fastjet-config does not seem to correspond to a valid fastjet-config executable (v3+). We will use fjcore instead.
 Please set the 'fastjet'variable to the full (absolute) /PATH/TO/fastjet-config (including fastjet-config).
 MG5_aMC> set fastjet /PATH/TO/fastjet-config

eMELA-config does not seem to correspond to a valid eMELA-config executable.
 Please set the 'fastjet'variable to the full (absolute) /PATH/TO/eMELA-config (including eMELA-config).
 MG5_aMC> set eMELA /PATH/TO/eMELA-config

lhapdf-config does not seem to correspond to a valid lhapdf-config executable. 
Please set the 'lhapdf' variable to the (absolute) /PATH/TO/lhapdf-config (including lhapdf-config).
Note that you can still compile and run aMC@NLO with the built-in PDFs
 MG5_aMC> set lhapdf /PATH/TO/lhapdf-config

None does not seem to correspond to a valid lhapdf-config executable. 
Please set the 'lhapdf' variable to the (absolute) /PATH/TO/lhapdf-config (including lhapdf-config).
Note that you can still compile and run aMC@NLO with the built-in PDFs
 MG5_aMC> set lhapdf /PATH/TO/lhapdf-config

Using default text editor "vi". Set another one in ./input/mg5_configuration.txt
Using default eps viewer "evince". Set another one in ./input/mg5_configuration.txt
Using default web browser "firefox". Set another one in ./input/mg5_configuration.txt
import /vols/cms/us322/events_4b/02_event_generation_4b/mg_processes/signal_sm_16/madminer/cards/mg_commands_0.dat
The import format was not given, so we guess it as command
launch /vols/cms/us322/events_4b/02_event_generation_4b/mg_processes/signal_sm_16
************************************************************
*                                                          *
*                      W E L C O M E to                    *
*             M A D G R A P H 5 _ a M C @ N L O            *
*                      M A D E V E N T                     *
*                                                          *
*                 *                       *                *
*                   *        * *        *                  *
*                     * * * * 5 * * * *                    *
*                   *        * *        *                  *
*                 *                       *                *
*                                                          *
*         VERSION 3.5.1                 2023-07-11         *
*                                                          *
*    The MadGraph5_aMC@NLO Development Team - Find us at   *
*    https://server06.fynu.ucl.ac.be/projects/madgraph     *
*                                                          *
*               Type 'help' for in-line help.              *
*                                                          *
************************************************************
INFO: load configuration from /vols/cms/us322/events_4b/02_event_generation_4b/mg_processes/signal_sm_16/Cards/me5_configuration.txt  
INFO: load configuration from /srv/localstage/condor/dir_735042/mg5amcnlo/input/mg5_configuration.txt  
INFO: load configuration from /vols/cms/us322/events_4b/02_event_generation_4b/mg_processes/signal_sm_16/Cards/me5_configuration.txt  
Using default text editor "vi". Set another one in ./input/mg5_configuration.txt
generate_events run_01
stty: 'standard input': Inappropriate ioctl for device
The following switches determine which programs are run:
/===========================================================================\
| 1. Choose the shower/hadronization program   [1m  shower[0m = [32mPythia8[0m           |
| 2. Choose the detector simulation program    [1mdetector[0m = [01mNot Avail.[0m        |
| 3. Choose an analysis package (plot/convert) [1manalysis[0m = [01mNot Avail.[0m        |
| 4. Decay onshell particles                   [1m madspin[0m = [32mON[0m                |
| 5. Add weights to events for new hypp.       [1mreweight[0m = [32mON[0m                |
\===========================================================================/
Either type the switch number (1 to 5) to change its setting,
Set any switch explicitly (e.g. type 'shower=OFF' at the prompt)
Type 'help' for the list of all valid option
Type '0', 'auto', 'done' or just press enter when you are done.
[1;34mfound line : order=LO[0m
[1;34mThis answer is not valid for current question. Keep it for next question and use here default: 0[0m
Do you want to edit a card (press enter to bypass editing)?
/------------------------------------------------------------\
|  [31m1[0m. param         : [32mparam_card.dat[0m                         |
|  [31m2[0m. run           : [32mrun_card.dat[0m                           |
|  [31m3[0m. pythia8       : [32mpythia8_card.dat[0m                       |
|  [31m4[0m. madspin       : [32mmadspin_card.dat[0m                       |
|  [31m5[0m. reweight      : [32mreweight_card.dat[0m                      |
|  [31m6[0m. MadLoopParams : [32mMadLoopParams.dat[0m                      |
\------------------------------------------------------------/
 you can also
   - enter the path to a valid card or banner.
   - use the 'set' command to modify a parameter directly.
     The set option works only for param_card and run_card.
     Type 'help set' for more information on this command.
   - call an external program (ASperGE/MadWidth/...).
     Type 'help' for the list of available command
 [[4m0[0m, done, 1, param, 2, run, 3, pythia8, 4, enter path, ... ]
[1;34mfound line : order=LO[0m
[1;34mThis answer is not valid for current question. Keep it for next question and use here default: 0[0m
INFO: Update the dependent parameter of the param_card.dat 
[1;34mWARNING: update the strong coupling value (alpha_s) to the value from the pdf selected: 0.119 [0m
[1;34mWARNING: Unknow type of information in the card: dim64f4l,dim64f,dim64f2l [0m
Generating 25000 events with run name run_01
survey  run_01 
INFO: compile directory 
initMadLoop -r -f
Error: no DISPLAY environment variable specified
Initializing MadLoop loop-induced matrix elements (this can take some time)...
MadLoop initialization finished.
compile Source Directory
Using random number seed offset = 14816
INFO: Running Survey 
Creating Jobs
Working on SubProcesses
INFO:     P0_gg_hh  
INFO:  Idle: 1,  Running: 2,  Completed: 0 [ current time: 19h07 ] 
INFO:  Idle: 0,  Running: 2,  Completed: 1 [  15s  ] 
INFO: P0_gg_hh/G1 is at 0.0159 +- 0.000613 pb. Now submitting iteration #2. 
INFO:  Idle: 0,  Running: 2,  Completed: 5 [  41.4s  ] 
INFO: P0_gg_hh/G1 is at 0.01548 +- 0.000153 pb. Now submitting iteration #3. 
INFO:  Idle: 0,  Running: 2,  Completed: 9 [  1m 32s  ] 
INFO: Survey finished for P0_gg_hh/G1 at 0.0158 +- 0.000124 pb 
INFO:  Idle: 0,  Running: 0,  Completed: 12 [  1m 32s  ] 
INFO: End survey 
refine 25000
Creating Jobs
INFO: Refine results to 25000 
INFO: Generating 25000.0 unweighted events. 
sum of cpu time of last step: 0 second
INFO: Effective Luminosity 1819672.1311475409 pb^-1 
INFO: need to improve 1 channels 
- Current estimate of cross-section: 0.015799 +- 0.00012396
INFO:  Idle: 0,  Running: 12,  Completed: 0 [ current time: 19h08 ] 
INFO:  Idle: 0,  Running: 11,  Completed: 1 [  1m 5s  ] 
INFO: P0_gg_hh/G1 is at 2414/28876 (8.4%) event. Resubmit 30 job at iteration 1. 
INFO:  Idle: 17,  Running: 12,  Completed: 14 [  2m 12s  ] 
INFO:  Idle: 6,  Running: 12,  Completed: 25 [  2m 16s  ] 
INFO:  Idle: 5,  Running: 12,  Completed: 26 [  3m 19s  ] 
INFO:  Idle: 0,  Running: 8,  Completed: 35 [  3m 22s  ] 
INFO:  Idle: 0,  Running: 5,  Completed: 38 [  3m 54s  ] 
INFO: P0_gg_hh/G1 is at 8260/28832 (29%) event. Resubmit 75 job at iteration 2. 
INFO:  Idle: 62,  Running: 12,  Completed: 45 [  5m 2s  ] 
INFO:  Idle: 51,  Running: 12,  Completed: 56 [  5m 5s  ] 
INFO:  Idle: 50,  Running: 12,  Completed: 57 [  6m 8s  ] 
INFO:  Idle: 40,  Running: 12,  Completed: 67 [  6m 12s  ] 
INFO:  Idle: 38,  Running: 12,  Completed: 69 [  7m 15s  ] 
INFO:  Idle: 29,  Running: 12,  Completed: 78 [  7m 19s  ] 
INFO:  Idle: 26,  Running: 12,  Completed: 81 [  8m 22s  ] 
INFO:  Idle: 17,  Running: 12,  Completed: 90 [  8m 26s  ] 
INFO:  Idle: 14,  Running: 12,  Completed: 93 [  9m 30s  ] 
INFO:  Idle: 5,  Running: 12,  Completed: 102 [  9m 34s  ] 
INFO:  Idle: 2,  Running: 12,  Completed: 105 [  10m 36s  ] 
INFO:  Idle: 0,  Running: 5,  Completed: 114 [  10m 39s  ] 
INFO:  Idle: 0,  Running: 2,  Completed: 117 [  10m 54s  ] 
INFO: P0_gg_hh/G1 is at 24410/28832 ('85%') event. Resubmit 20 job at iteration 3. 
INFO:  Idle: 7,  Running: 12,  Completed: 121 [  12m 0s  ] 
INFO:  Idle: 0,  Running: 7,  Completed: 133 [  12m 45s  ] 
INFO: found enough event for P0_gg_hh/G1 
INFO:  Idle: 0,  Running: 0,  Completed: 141 [  12m 45s  ] 
INFO: Combining runs 
sum of cpu time of last step: 0 second
INFO: finish refine 
refine 25000 --treshold=0.9
No need for second refine due to stability of cross-section
INFO: Combining Events 
 
 
 
  === Results Summary for run: run_01 tag: tag_1 ===

     Cumulative sequential time for this run: 14m06s
     Cross-section :   0.01585 +- 1.368e-05 pb
     Nb of events :  25000
 
store_events
INFO: Storing parton level results 
INFO: End Parton 
reweight -from_cards
INFO: Extracting the banner ... 
INFO: process: p p > H H QED=2 QCD=2  
INFO: options: NP=2  
INFO: Running Reweighting 
change output default
change helicity False
launch --rwgt_name=morphing_basis_vector_1
INFO: detected model: SMEFTatNLO-LO. Loading... 
INFO: generating the square matrix element for reweighting 
INFO: generate p p > H H   QED=2 QCD=2 NP=2   --no_warning=duplicate;define pert_QCD = -5 -4 -3 -2 -1 1 2 3 4 5 21;add process p p > H H    pert_QCD QED=2 QCD=3 NP=2    --no_warning=duplicate; 
INFO: RETRY with generate p p > H H   QED=2 QCD=2 NP=2  [virt=QCD] ; 
INFO: Done 10.24 
Do you want to edit a card (press enter to bypass editing)?
/------------------------------------------------------------\
|  [31m1[0m. param : [32mparam_card.dat[0m                                 |
|  [31m9[0m. plot  : [32mplot_card.dat[0m                                  |
\------------------------------------------------------------/
 you can also
   - enter the path to a valid card or banner.
   - use the 'set' command to modify a parameter directly.
     The set option works only for param_card and run_card.
     Type 'help set' for more information on this command.
   - call an external program (ASperGE/MadWidth/...).
     Type 'help' for the list of available command
 [[4m0[0m, done, 1, param, 9, plot, enter path]
>INFO: starts to compute weight for events with the following modification to the param_card: 
INFO: set param_card dim6 4 -4.270762 # orig: 0.0
KEEP:set param_card dim6 5 -9.635791 # orig: 0.0
KEEP:set param_card dim62f 19 -5.011696 # orig: 0.0
KEEP: 
INFO: Event nb 0 current time: 19h22 
INFO: Event nb 10  0.16s  
INFO: Event nb 20  0.27s  
INFO: Event nb 30  0.38s  
INFO: Event nb 40  0.48s  
INFO: Event nb 50  0.59s  
INFO: Event nb 60  0.7s  
INFO: Event nb 70  0.81s  
INFO: Event nb 80  0.92s  
INFO: Event nb 90  1s  
INFO: Event nb 100  1.1s  
INFO: Event nb 200  2.2s  
INFO: Event nb 300  3.3s  
INFO: Event nb 400  4.4s  
INFO: Event nb 500  5.4s  
INFO: Event nb 600  6.5s  
INFO: Event nb 700  7.6s  
INFO: Event nb 800  8.7s  
INFO: Event nb 900  9.8s  
INFO: Event nb 1000  10.8s  
INFO: Event nb 2000  21.6s  
INFO: Event nb 3000  32.3s  
INFO: Event nb 4000  43.1s  
INFO: Event nb 5000  53.9s  
INFO: Event nb 6000  1m 4s  
INFO: Event nb 7000  1m 15s  
INFO: Event nb 8000  1m 26s  
INFO: Event nb 9000  1m 36s  
INFO: Event nb 10000  1m 47s  
INFO: reducing number of print status. Next status update in 10000 events 
INFO: Event nb 20000  3m 32s  
INFO: All event done  (nb_event: 25000)  4m 26s  
INFO: Event /vols/cms/us322/events_4b/02_event_generation_4b/mg_processes/signal_sm_16/Events/run_01/unweighted_events.lhe have now the additional weight 
INFO: new cross-section is : 0.0502673 pb (indicative error: 0.0214814 pb) 
launch --rwgt_name=morphing_basis_vector_2
Do you want to edit a card (press enter to bypass editing)?
/------------------------------------------------------------\
|  [31m1[0m. param : [32mparam_card.dat[0m                                 |
|  [31m9[0m. plot  : [32mplot_card.dat[0m                                  |
\------------------------------------------------------------/
 you can also
   - enter the path to a valid card or banner.
   - use the 'set' command to modify a parameter directly.
     The set option works only for param_card and run_card.
     Type 'help set' for more information on this command.
   - call an external program (ASperGE/MadWidth/...).
     Type 'help' for the list of available command
 [[4m0[0m, done, 1, param, 9, plot, enter path]
>INFO: starts to compute weight for events with the following modification to the param_card: 
INFO: set param_card dim6 4 -3.509851 # orig: 0.0
KEEP:set param_card dim6 5 -14.88657 # orig: 0.0
KEEP:set param_card dim62f 19 6.650933 # orig: 0.0
KEEP: 
INFO: Event nb 0 current time: 19h27 
INFO: Event nb 10  0.11s  
INFO: Event nb 20  0.22s  
INFO: Event nb 30  0.32s  
INFO: Event nb 40  0.43s  
INFO: Event nb 50  0.54s  
INFO: Event nb 60  0.65s  
INFO: Event nb 70  0.76s  
INFO: Event nb 80  0.86s  
INFO: Event nb 90  0.97s  
INFO: Event nb 100  1.1s  
INFO: Event nb 200  2.2s  
INFO: Event nb 300  3.2s  
INFO: Event nb 400  4.3s  
INFO: Event nb 500  5.4s  
INFO: Event nb 600  6.5s  
INFO: Event nb 700  7.5s  
INFO: Event nb 800  8.6s  
INFO: Event nb 900  9.7s  
INFO: Event nb 1000  10.8s  
INFO: Event nb 2000  21.6s  
INFO: Event nb 3000  32.3s  
INFO: Event nb 4000  43.1s  
INFO: Event nb 5000  53.8s  
INFO: Event nb 6000  1m 4s  
INFO: Event nb 7000  1m 14s  
INFO: Event nb 8000  1m 25s  
INFO: Event nb 9000  1m 36s  
INFO: Event nb 10000  1m 46s  
INFO: reducing number of print status. Next status update in 10000 events 
INFO: Event nb 20000  3m 29s  
INFO: All event done  (nb_event: 25000)  4m 22s  
INFO: Event /vols/cms/us322/events_4b/02_event_generation_4b/mg_processes/signal_sm_16/Events/run_01/unweighted_events.lhe have now the additional weight 
INFO: new cross-section is : 0.0767534 pb (indicative error: 0.0375744 pb) 
launch --rwgt_name=morphing_basis_vector_3
Do you want to edit a card (press enter to bypass editing)?
/------------------------------------------------------------\
|  [31m1[0m. param : [32mparam_card.dat[0m                                 |
|  [31m9[0m. plot  : [32mplot_card.dat[0m                                  |
\------------------------------------------------------------/
 you can also
   - enter the path to a valid card or banner.
   - use the 'set' command to modify a parameter directly.
     The set option works only for param_card and run_card.
     Type 'help set' for more information on this command.
   - call an external program (ASperGE/MadWidth/...).
     Type 'help' for the list of available command
 [[4m0[0m, done, 1, param, 9, plot, enter path]
>INFO: starts to compute weight for events with the following modification to the param_card: 
INFO: set param_card dim6 4 -4.70413 # orig: 0.0
KEEP:set param_card dim6 5 -2.237588 # orig: 0.0
KEEP:set param_card dim62f 19 4.219889 # orig: 0.0
KEEP: 
INFO: Event nb 0 current time: 19h31 
INFO: Event nb 10  0.11s  
INFO: Event nb 20  0.22s  
INFO: Event nb 30  0.32s  
INFO: Event nb 40  0.43s  
INFO: Event nb 50  0.54s  
INFO: Event nb 60  0.65s  
INFO: Event nb 70  0.76s  
INFO: Event nb 80  0.87s  
INFO: Event nb 90  0.98s  
INFO: Event nb 100  1.1s  
INFO: Event nb 200  2.2s  
INFO: Event nb 300  3.2s  
INFO: Event nb 400  4.3s  
INFO: Event nb 500  5.4s  
INFO: Event nb 600  6.5s  
INFO: Event nb 700  7.6s  
INFO: Event nb 800  8.7s  
INFO: Event nb 900  9.8s  
INFO: Event nb 1000  10.9s  
INFO: Event nb 2000  21.7s  
INFO: Event nb 3000  32.5s  
INFO: Event nb 4000  43.4s  
INFO: Event nb 5000  54.3s  
INFO: Event nb 6000  1m 5s  
INFO: Event nb 7000  1m 16s  
INFO: Event nb 8000  1m 26s  
INFO: Event nb 9000  1m 37s  
INFO: Event nb 10000  1m 48s  
INFO: reducing number of print status. Next status update in 10000 events 
INFO: Event nb 20000  3m 35s  
INFO: All event done  (nb_event: 25000)  4m 26s  
INFO: Event /vols/cms/us322/events_4b/02_event_generation_4b/mg_processes/signal_sm_16/Events/run_01/unweighted_events.lhe have now the additional weight 
INFO: new cross-section is : 0.0485746 pb (indicative error: 0.00256409 pb) 
launch --rwgt_name=morphing_basis_vector_4
Do you want to edit a card (press enter to bypass editing)?
/------------------------------------------------------------\
|  [31m1[0m. param : [32mparam_card.dat[0m                                 |
|  [31m9[0m. plot  : [32mplot_card.dat[0m                                  |
\------------------------------------------------------------/
 you can also
   - enter the path to a valid card or banner.
   - use the 'set' command to modify a parameter directly.
     The set option works only for param_card and run_card.
     Type 'help set' for more information on this command.
   - call an external program (ASperGE/MadWidth/...).
     Type 'help' for the list of available command
 [[4m0[0m, done, 1, param, 9, plot, enter path]
>INFO: starts to compute weight for events with the following modification to the param_card: 
INFO: set param_card dim6 4 0.1140347 # orig: 0.0
KEEP:set param_card dim6 5 4.567852 # orig: 0.0
KEEP:set param_card dim62f 19 5.437451 # orig: 0.0
KEEP: 
INFO: Event nb 0 current time: 19h36 
INFO: Event nb 10  0.1s  
INFO: Event nb 20  0.21s  
INFO: Event nb 30  0.31s  
INFO: Event nb 40  0.41s  
INFO: Event nb 50  0.52s  
INFO: Event nb 60  0.62s  
INFO: Event nb 70  0.72s  
INFO: Event nb 80  0.83s  
INFO: Event nb 90  0.93s  
INFO: Event nb 100  1s  
INFO: Event nb 200  2.1s  
INFO: Event nb 300  3.1s  
INFO: Event nb 400  4.2s  
INFO: Event nb 500  5.2s  
INFO: Event nb 600  6.3s  
INFO: Event nb 700  7.3s  
INFO: Event nb 800  8.4s  
INFO: Event nb 900  9.4s  
INFO: Event nb 1000  10.4s  
INFO: Event nb 2000  21.2s  
INFO: Event nb 3000  32s  
INFO: Event nb 4000  42.9s  
INFO: Event nb 5000  53.7s  
INFO: Event nb 6000  1m 4s  
INFO: Event nb 7000  1m 15s  
INFO: Event nb 8000  1m 26s  
INFO: Event nb 9000  1m 36s  
INFO: Event nb 10000  1m 47s  
INFO: reducing number of print status. Next status update in 10000 events 
INFO: Event nb 20000  3m 35s  
INFO: All event done  (nb_event: 25000)  4m 28s  
INFO: Event /vols/cms/us322/events_4b/02_event_generation_4b/mg_processes/signal_sm_16/Events/run_01/unweighted_events.lhe have now the additional weight 
INFO: new cross-section is : 0.120212 pb (indicative error: 0.0125929 pb) 
launch --rwgt_name=morphing_basis_vector_5
Do you want to edit a card (press enter to bypass editing)?
/------------------------------------------------------------\
|  [31m1[0m. param : [32mparam_card.dat[0m                                 |
|  [31m9[0m. plot  : [32mplot_card.dat[0m                                  |
\------------------------------------------------------------/
 you can also
   - enter the path to a valid card or banner.
   - use the 'set' command to modify a parameter directly.
     The set option works only for param_card and run_card.
     Type 'help set' for more information on this command.
   - call an external program (ASperGE/MadWidth/...).
     Type 'help' for the list of available command
 [[4m0[0m, done, 1, param, 9, plot, enter path]
>INFO: starts to compute weight for events with the following modification to the param_card: 
INFO: set param_card dim6 4 2.704957 # orig: 0.0
KEEP:set param_card dim6 5 -11.77089 # orig: 0.0
KEEP:set param_card dim62f 19 -5.938309 # orig: 0.0
KEEP: 
INFO: Event nb 0 current time: 19h40 
INFO: Event nb 10  0.1s  
INFO: Event nb 20  0.21s  
INFO: Event nb 30  0.31s  
INFO: Event nb 40  0.41s  
INFO: Event nb 50  0.52s  
INFO: Event nb 60  0.62s  
INFO: Event nb 70  0.73s  
INFO: Event nb 80  0.83s  
INFO: Event nb 90  0.93s  
INFO: Event nb 100  1s  
INFO: Event nb 200  2.1s  
INFO: Event nb 300  3.1s  
INFO: Event nb 400  4.2s  
INFO: Event nb 500  5.2s  
INFO: Event nb 600  6.3s  
INFO: Event nb 700  7.3s  
INFO: Event nb 800  8.3s  
INFO: Event nb 900  9.4s  
INFO: Event nb 1000  10.4s  
INFO: Event nb 2000  20.7s  
INFO: Event nb 3000  31.1s  
INFO: Event nb 4000  41.5s  
INFO: Event nb 5000  52.1s  
INFO: Event nb 6000  1m 3s  
INFO: Event nb 7000  1m 13s  
INFO: Event nb 8000  1m 24s  
INFO: Event nb 9000  1m 35s  
INFO: Event nb 10000  1m 46s  
INFO: reducing number of print status. Next status update in 10000 events 
INFO: Event nb 20000  3m 33s  
INFO: All event done  (nb_event: 25000)  4m 24s  
INFO: Event /vols/cms/us322/events_4b/02_event_generation_4b/mg_processes/signal_sm_16/Events/run_01/unweighted_events.lhe have now the additional weight 
INFO: new cross-section is : 0.18696 pb (indicative error: 0.061696 pb) 
launch --rwgt_name=morphing_basis_vector_6
Do you want to edit a card (press enter to bypass editing)?
/------------------------------------------------------------\
|  [31m1[0m. param : [32mparam_card.dat[0m                                 |
|  [31m9[0m. plot  : [32mplot_card.dat[0m                                  |
\------------------------------------------------------------/
 you can also
   - enter the path to a valid card or banner.
   - use the 'set' command to modify a parameter directly.
     The set option works only for param_card and run_card.
     Type 'help set' for more information on this command.
   - call an external program (ASperGE/MadWidth/...).
     Type 'help' for the list of available command
 [[4m0[0m, done, 1, param, 9, plot, enter path]
>INFO: starts to compute weight for events with the following modification to the param_card: 
INFO: set param_card dim6 4 4.585811 # orig: 0.0
KEEP:set param_card dim6 5 6.747472 # orig: 0.0
KEEP:set param_card dim62f 19 -2.432281 # orig: 0.0
KEEP: 
INFO: Event nb 0 current time: 19h44 
INFO: Event nb 10  0.1s  
INFO: Event nb 20  0.21s  
INFO: Event nb 30  0.31s  
INFO: Event nb 40  0.42s  
INFO: Event nb 50  0.6s  
INFO: Event nb 60  0.71s  
INFO: Event nb 70  0.82s  
INFO: Event nb 80  0.94s  
INFO: Event nb 90  1s  
INFO: Event nb 100  1.2s  
INFO: Event nb 200  2.2s  
INFO: Event nb 300  3.3s  
INFO: Event nb 400  4.4s  
INFO: Event nb 500  5.4s  
INFO: Event nb 600  6.5s  
INFO: Event nb 700  7.6s  
INFO: Event nb 800  8.6s  
INFO: Event nb 900  9.7s  
INFO: Event nb 1000  10.8s  
INFO: Event nb 2000  21.4s  
INFO: Event nb 3000  32.1s  
INFO: Event nb 4000  42.8s  
INFO: Event nb 5000  53.4s  
INFO: Event nb 6000  1m 4s  
INFO: Event nb 7000  1m 14s  
INFO: Event nb 8000  1m 25s  
INFO: Event nb 9000  1m 36s  
INFO: Event nb 10000  1m 46s  
INFO: reducing number of print status. Next status update in 10000 events 
INFO: Event nb 20000  3m 31s  
INFO: All event done  (nb_event: 25000)  4m 23s  
INFO: Event /vols/cms/us322/events_4b/02_event_generation_4b/mg_processes/signal_sm_16/Events/run_01/unweighted_events.lhe have now the additional weight 
INFO: new cross-section is : 0.0497701 pb (indicative error: 0.00612075 pb) 
launch --rwgt_name=morphing_basis_vector_7
Do you want to edit a card (press enter to bypass editing)?
/------------------------------------------------------------\
|  [31m1[0m. param : [32mparam_card.dat[0m                                 |
|  [31m9[0m. plot  : [32mplot_card.dat[0m                                  |
\------------------------------------------------------------/
 you can also
   - enter the path to a valid card or banner.
   - use the 'set' command to modify a parameter directly.
     The set option works only for param_card and run_card.
     Type 'help set' for more information on this command.
   - call an external program (ASperGE/MadWidth/...).
     Type 'help' for the list of available command
 [[4m0[0m, done, 1, param, 9, plot, enter path]
>INFO: starts to compute weight for events with the following modification to the param_card: 
INFO: set param_card dim6 4 -1.246802 # orig: 0.0
KEEP:set param_card dim6 5 -14.80999 # orig: 0.0
KEEP:set param_card dim62f 19 0.4606651 # orig: 0.0
KEEP: 
INFO: Event nb 0 current time: 19h49 
INFO: Event nb 10  0.1s  
INFO: Event nb 20  0.21s  
INFO: Event nb 30  0.31s  
INFO: Event nb 40  0.41s  
INFO: Event nb 50  0.52s  
INFO: Event nb 60  0.62s  
INFO: Event nb 70  0.72s  
INFO: Event nb 80  0.83s  
INFO: Event nb 90  0.93s  
INFO: Event nb 100  1s  
INFO: Event nb 200  2.1s  
INFO: Event nb 300  3.1s  
INFO: Event nb 400  4.1s  
INFO: Event nb 500  5.2s  
INFO: Event nb 600  6.2s  
INFO: Event nb 700  7.3s  
INFO: Event nb 800  8.3s  
INFO: Event nb 900  9.4s  
INFO: Event nb 1000  10.4s  
INFO: Event nb 2000  20.7s  
INFO: Event nb 3000  31.1s  
INFO: Event nb 4000  41.4s  
INFO: Event nb 5000  51.8s  
INFO: Event nb 6000  1m 2s  
INFO: Event nb 7000  1m 12s  
INFO: Event nb 8000  1m 22s  
INFO: Event nb 9000  1m 33s  
INFO: Event nb 10000  1m 43s  
INFO: reducing number of print status. Next status update in 10000 events 
INFO: Event nb 20000  3m 26s  
INFO: All event done  (nb_event: 25000)  4m 18s  
INFO: Event /vols/cms/us322/events_4b/02_event_generation_4b/mg_processes/signal_sm_16/Events/run_01/unweighted_events.lhe have now the additional weight 
INFO: new cross-section is : 0.129075 pb (indicative error: 0.0575027 pb) 
launch --rwgt_name=morphing_basis_vector_8
Do you want to edit a card (press enter to bypass editing)?
/------------------------------------------------------------\
|  [31m1[0m. param : [32mparam_card.dat[0m                                 |
|  [31m9[0m. plot  : [32mplot_card.dat[0m                                  |
\------------------------------------------------------------/
 you can also
   - enter the path to a valid card or banner.
   - use the 'set' command to modify a parameter directly.
     The set option works only for param_card and run_card.
     Type 'help set' for more information on this command.
   - call an external program (ASperGE/MadWidth/...).
     Type 'help' for the list of available command
 [[4m0[0m, done, 1, param, 9, plot, enter path]
>INFO: starts to compute weight for events with the following modification to the param_card: 
INFO: set param_card dim6 4 -1.757994 # orig: 0.0
KEEP:set param_card dim6 5 7.687006 # orig: 0.0
KEEP:set param_card dim62f 19 -4.792287 # orig: 0.0
KEEP: 
INFO: Event nb 0 current time: 19h53 
INFO: Event nb 10  0.11s  
INFO: Event nb 20  0.21s  
INFO: Event nb 30  0.31s  
INFO: Event nb 40  0.42s  
INFO: Event nb 50  0.52s  
INFO: Event nb 60  0.62s  
INFO: Event nb 70  0.73s  
INFO: Event nb 80  0.83s  
INFO: Event nb 90  0.94s  
INFO: Event nb 100  1s  
INFO: Event nb 200  2.1s  
INFO: Event nb 300  3.1s  
INFO: Event nb 400  4.2s  
INFO: Event nb 500  5.2s  
INFO: Event nb 600  6.2s  
INFO: Event nb 700  7.3s  
INFO: Event nb 800  8.3s  
INFO: Event nb 900  9.3s  
INFO: Event nb 1000  10.4s  
INFO: Event nb 2000  20.7s  
INFO: Event nb 3000  31.2s  
INFO: Event nb 4000  42.4s  
INFO: Event nb 5000  54.1s  
INFO: Event nb 6000  1m 5s  
INFO: Event nb 7000  1m 16s  
INFO: Event nb 8000  1m 27s  
INFO: Event nb 9000  1m 38s  
INFO: Event nb 10000  1m 49s  
INFO: reducing number of print status. Next status update in 10000 events 
INFO: Event nb 20000  3m 39s  
INFO: All event done  (nb_event: 25000)  4m 33s  
INFO: Event /vols/cms/us322/events_4b/02_event_generation_4b/mg_processes/signal_sm_16/Events/run_01/unweighted_events.lhe have now the additional weight 
INFO: new cross-section is : 0.0955949 pb (indicative error: 0.0193388 pb) 
launch --rwgt_name=morphing_basis_vector_9
Do you want to edit a card (press enter to bypass editing)?
/------------------------------------------------------------\
|  [31m1[0m. param : [32mparam_card.dat[0m                                 |
|  [31m9[0m. plot  : [32mplot_card.dat[0m                                  |
\------------------------------------------------------------/
 you can also
   - enter the path to a valid card or banner.
   - use the 'set' command to modify a parameter directly.
     The set option works only for param_card and run_card.
     Type 'help set' for more information on this command.
   - call an external program (ASperGE/MadWidth/...).
     Type 'help' for the list of available command
 [[4m0[0m, done, 1, param, 9, plot, enter path]
>INFO: starts to compute weight for events with the following modification to the param_card: 
INFO: set param_card dim6 4 3.774042 # orig: 0.0
KEEP:set param_card dim6 5 0.6799669 # orig: 0.0
KEEP:set param_card dim62f 19 4.975328 # orig: 0.0
KEEP: 
INFO: Event nb 0 current time: 19h58 
INFO: Event nb 10  0.11s  
INFO: Event nb 20  0.22s  
INFO: Event nb 30  0.33s  
INFO: Event nb 40  0.43s  
INFO: Event nb 50  0.54s  
INFO: Event nb 60  0.65s  
INFO: Event nb 70  0.77s  
INFO: Event nb 80  0.87s  
INFO: Event nb 90  0.98s  
INFO: Event nb 100  1.1s  
INFO: Event nb 200  2.2s  
INFO: Event nb 300  3.3s  
INFO: Event nb 400  4.4s  
INFO: Event nb 500  5.5s  
INFO: Event nb 600  6.7s  
INFO: Event nb 700  7.8s  
INFO: Event nb 800  8.9s  
INFO: Event nb 900  10s  
INFO: Event nb 1000  11.1s  
INFO: Event nb 2000  22.2s  
INFO: Event nb 3000  33.1s  
INFO: Event nb 4000  43.9s  
INFO: Event nb 5000  54.6s  
INFO: Event nb 6000  1m 5s  
INFO: Event nb 7000  1m 16s  
INFO: Event nb 8000  1m 27s  
INFO: Event nb 9000  1m 38s  
INFO: Event nb 10000  1m 49s  
INFO: reducing number of print status. Next status update in 10000 events 
INFO: Event nb 20000  3m 38s  
INFO: All event done  (nb_event: 25000)  4m 33s  
INFO: Event /vols/cms/us322/events_4b/02_event_generation_4b/mg_processes/signal_sm_16/Events/run_01/unweighted_events.lhe have now the additional weight 
INFO: new cross-section is : 0.0287739 pb (indicative error: 0.000554382 pb) 
INFO: Original cross-section: 0.015853 +- 1.3678e-05 pb (cross-section from sum of weights: 0.01585299999999623) 
INFO: Computed cross-section: 
INFO: morphing_basis_vector_1 : 0.05026728312995335 +- 0.021481411905797373 pb 
INFO: morphing_basis_vector_2 : 0.07675338132613285 +- 0.037574417432203834 pb 
INFO: morphing_basis_vector_3 : 0.04857464399508056 +- 0.002564091107405106 pb 
INFO: morphing_basis_vector_4 : 0.12021188793802647 +- 0.01259289037675919 pb 
INFO: morphing_basis_vector_5 : 0.18696029774784736 +- 0.061696033282780706 pb 
INFO: morphing_basis_vector_6 : 0.04977011840693678 +- 0.006120749309754794 pb 
INFO: morphing_basis_vector_7 : 0.129074658699712 +- 0.05750268073743399 pb 
INFO: morphing_basis_vector_8 : 0.0955949195958108 +- 0.01933877873398614 pb 
INFO: morphing_basis_vector_9 : 0.02877387748327072 +- 0.0005543816559208328 pb 
INFO: quit rwgt 
decay_events -from_cards
INFO: Running MadSpin 
INFO: This functionality allows for the decay of resonances 
INFO: in a .lhe file, keeping track of the spin correlation effets. 
INFO: BE AWARE OF THE CURRENT LIMITATIONS: 
INFO:   (1) Only a succession of 2 body decay are currently allowed 
************************************************************
*                                                          *
*           W E L C O M E  to  M A D S P I N               *
*                                                          *
************************************************************
INFO: Extracting the banner ... 
INFO: process: p p > H H QED=2 QCD=2  
INFO: options: NP=2  
INFO: detected model: SMEFTatNLO-LO. Loading... 
lhapdf-config does not seem to correspond to a valid lhapdf-config executable. 
Please set the 'lhapdf' variable to the (absolute) /PATH/TO/lhapdf-config (including lhapdf-config).
Note that you can still compile and run aMC@NLO with the built-in PDFs
 MG5_aMC> set lhapdf /PATH/TO/lhapdf-config

Set group_subprocesses to Auto
Note that you need to regenerate all processes
import model heft --bypass_check
[1;34mWARNING: No param_card defined for the new model. We will use the default one but this might completely wrong. [0m
INFO: detected model: heft. Loading... 
INFO: reload from .py file 
INFO: load particles 
INFO: load vertices 
INFO: Restrict model heft with file ../../../../srv/localstage/condor/dir_735042/mg5amcnlo/models/heft/restrict_default.dat . 
INFO: Run "set stdout_level DEBUG" before import for more information. 
[1;34mPass the definition of 'j' and 'p' to 4 flavour scheme.[0m
Kept definitions of multiparticles l+ / l- / vl / vl~ unchanged
Removed obsolete multiparticles all
Defined multiparticle all = g u c d s u~ c~ d~ s~ a ve vm vt e- m- ve~ vm~ vt~ e+ m+ t b t~ b~ z w+ h h1 w- tt- tt+
set spinmode None          # Use one of the madspin special mode
set max_weight_ps_point 400  # number of PS to estimate the maximum for each event
decay h > b b~
decay h > b b~
launch
INFO: Will use seed 188439533 
INFO: generate 25000 decay event for particle h 
INFO: Will use seed 419628924 
stty: 'standard input': Inappropriate ioctl for device
  0%|          | 0/691 [00:00<?, ?it/s]100%|██████████| 691/691 [00:00<00:00, 96757.16it/s]stty: 'standard input': Inappropriate ioctl for device

  0%|          | 0/691 [00:00<?, ?it/s]100%|██████████| 691/691 [00:00<00:00, 104653.14it/s]decaying event number 100 [0.0736851692199707 s]
decaying event number 200 [0.1456596851348877 s]
decaying event number 300 [0.2171316146850586 s]
decaying event number 400 [0.2882981300354004 s]
decaying event number 500 [0.3598179817199707 s]
decaying event number 600 [0.43236660957336426 s]
decaying event number 700 [0.5041942596435547 s]
decaying event number 800 [0.57546067237854 s]
decaying event number 900 [0.6457891464233398 s]
decaying event number 1000 [0.7169368267059326 s]
decaying event number 2000 [1.4291484355926514 s]
decaying event number 3000 [2.1733100414276123 s]
decaying event number 4000 [2.8831605911254883 s]
decaying event number 5000 [3.6028692722320557 s]
decaying event number 6000 [4.3188252449035645 s]
decaying event number 7000 [5.030080556869507 s]
decaying event number 8000 [5.743902921676636 s]
decaying event number 9000 [6.452771902084351 s]
decaying event number 10000 [7.164980173110962 s]
decaying event number 20000 [14.31330943107605 s]
INFO: The decayed event file has been moved to the following location:  
INFO: /vols/cms/us322/events_4b/02_event_generation_4b/mg_processes/signal_sm_16/Events/run_01_decayed_1/unweighted_events.lhe.gz 
INFO: MadSpin Done 
INFO: [92mRunning Pythia8 [arXiv:1410.3012][0m 
Splitting .lhe event file for PY8 parallelization...
Submitting Pythia8 jobs...
Pythia8 shower jobs: 1 Idle, 11 Running, 0 Done [13 seconds]
Pythia8 shower jobs: 0 Idle, 11 Running, 1 Done [5m06s]
Pythia8 shower jobs: 0 Idle, 10 Running, 2 Done [5m16s]
Pythia8 shower jobs: 0 Idle, 9 Running, 3 Done [5m17s]
Pythia8 shower jobs: 0 Idle, 8 Running, 4 Done [5m20s]
Pythia8 shower jobs: 0 Idle, 7 Running, 5 Done [5m22s]
Pythia8 shower jobs: 0 Idle, 6 Running, 6 Done [5m23s]
Pythia8 shower jobs: 0 Idle, 5 Running, 7 Done [5m24s]
Pythia8 shower jobs: 0 Idle, 4 Running, 8 Done [5m24s]
Pythia8 shower jobs: 0 Idle, 3 Running, 9 Done [5m24s]
Pythia8 shower jobs: 0 Idle, 2 Running, 10 Done [5m25s]
Pythia8 shower jobs: 0 Idle, 1 Running, 11 Done [5m25s]
Pythia8 shower jobs: 0 Idle, 0 Running, 12 Done [5m26s]
Merging results from the split PY8 runs...
INFO: Pythia8 shower finished after 6m29s. 
  === Results Summary for run: run_01_decayed_1 tag: tag_1 ===

     Cross-section :   0.01442 +- 1.245e-05 pb
     Nb of events :  25000
 
INFO: storing files of previous run 
INFO: Storing Pythia8 files of previous run 
INFO: Done 
quit
INFO:  
more information in /vols/cms/us322/events_4b/02_event_generation_4b/mg_processes/signal_sm_16/index.html
order=LO
[1;34mCommand "order=LO" not recognized, please try again[0m
shower=Pythia8
[1;34mCommand "shower=Pythia8" not recognized, please try again[0m
detector=OFF
[1;34mCommand "detector=OFF" not recognized, please try again[0m
analysis=OFF
[1;34mCommand "analysis=OFF" not recognized, please try again[0m
madspin=ON
[1;34mCommand "madspin=ON" not recognized, please try again[0m
reweight=ON
[1;34mCommand "reweight=ON" not recognized, please try again[0m
done
[1;34mCommand "done" not recognized, please try again[0m
quit

 mdl_vev0 =    246.22056907348588     
 mdl_vev0__exp__2 =    60624.568634871226     
 mdl_dlam =   0.45759933651977336     
 mdl_ee0 =   0.31345063981313520     
 mdl_cw =   0.87538656571726847     
 mdl_muH =    68.165123028343629     
 mdl_sw =   0.48342358295983689     
 mdl_g1 =   0.35807111062562641     
 mdl_gw =   0.64839749416853931     
 mdl_lam =    6.9897490058211470E-002
 mdl_vev =    246.22056907348588     
 mdl_ee =   0.31345063981313520     
 mdl_ee__exp__2 =    9.8251303599263817E-002
 mdl_aEW =    7.8185903165226816E-003
 aEWM1 =    127.90029398096792     
 mdl_ee0__exp__2 =    9.8251303599263817E-002
 mdl_ee0__exp__3 =    3.0796933975663836E-002
 mdl_vev0__exp__3 =    14927015.789112596     
  Internal Params evaluated point by point
  ----------------------------------------
  
 mdl_sqrt__aS =   0.34496376621320685     
 mdl_G__exp__2 =    1.4953981031087418     
 mdl_G__exp__3 =    1.8286695702272273     
 mdl_G__exp__4 =    2.2362154867812229     
 mdl_MU_R__exp__2 =    8315.2513440000002     
  Couplings of SMEFTatNLO-LO
  ---------------------------------
  
        GC_11 =   0.00000E+00   0.12229E+01
 R2GC_1297_467 =  0.00000E+00   0.98798E-02
 R2GC_1298_468 =  0.00000E+00   0.17412E+00
 R2GC_618_1801 = -0.00000E+00  -0.92422E-02
 R2GC_631_1814 = -0.00000E+00  -0.22756E+01
      GC_1822 =   0.00000E+00   0.25987E-02
      GC_1842 =   0.00000E+00   0.53452E-01
       GC_322 =  -0.00000E+00  -0.19038E+03
       GC_420 =   0.00000E+00   0.60899E+02
       GC_422 =   0.00000E+00   0.37170E-02
       GC_431 =   0.00000E+00  -0.43558E+02
       GC_546 =  -0.00000E+00  -0.69856E+00
