************************************************************
*                                                          *
*                     W E L C O M E to                     *
*              M A D G R A P H 5 _ a M C @ N L O           *
*                                                          *
*                                                          *
*                 *                       *                *
*                   *        * *        *                  *
*                     * * * * 5 * * * *                    *
*                   *        * *        *                  *
*                 *                       *                *
*                                                          *
*         VERSION 3.5.1                 2023-07-11         *
*                                                          *
*    The MadGraph5_aMC@NLO Development Team - Find us at   *
*              http://madgraph.phys.ucl.ac.be/             *
*                            and                           *
*            http://amcatnlo.web.cern.ch/amcatnlo/         *
*                                                          *
*               Type 'help' for in-line help.              *
*           Type 'tutorial' to learn how MG5 works         *
*    Type 'tutorial aMCatNLO' to learn how aMC@NLO works   *
*    Type 'tutorial MadLoop' to learn how MadLoop works    *
*                                                          *
************************************************************
load MG5 configuration from ../../../../srv/localstage/condor/dir_766242/mg5amcnlo/input/mg5_configuration.txt 
fastjet-config does not seem to correspond to a valid fastjet-config executable (v3+). We will use fjcore instead.
 Please set the 'fastjet'variable to the full (absolute) /PATH/TO/fastjet-config (including fastjet-config).
 MG5_aMC> set fastjet /PATH/TO/fastjet-config

eMELA-config does not seem to correspond to a valid eMELA-config executable.
 Please set the 'fastjet'variable to the full (absolute) /PATH/TO/eMELA-config (including eMELA-config).
 MG5_aMC> set eMELA /PATH/TO/eMELA-config

lhapdf-config does not seem to correspond to a valid lhapdf-config executable. 
Please set the 'lhapdf' variable to the (absolute) /PATH/TO/lhapdf-config (including lhapdf-config).
Note that you can still compile and run aMC@NLO with the built-in PDFs
 MG5_aMC> set lhapdf /PATH/TO/lhapdf-config

None does not seem to correspond to a valid lhapdf-config executable. 
Please set the 'lhapdf' variable to the (absolute) /PATH/TO/lhapdf-config (including lhapdf-config).
Note that you can still compile and run aMC@NLO with the built-in PDFs
 MG5_aMC> set lhapdf /PATH/TO/lhapdf-config

Using default text editor "vi". Set another one in ./input/mg5_configuration.txt
Using default eps viewer "evince". Set another one in ./input/mg5_configuration.txt
Using default web browser "firefox". Set another one in ./input/mg5_configuration.txt
import /vols/cms/us322/events_4b/02_event_generation_4b/mg_processes/signal_supp_13/morphing_basis_vector_5/madminer/cards/mg_commands_0.dat
The import format was not given, so we guess it as command
launch /vols/cms/us322/events_4b/02_event_generation_4b/mg_processes/signal_supp_13/morphing_basis_vector_5
************************************************************
*                                                          *
*                      W E L C O M E to                    *
*             M A D G R A P H 5 _ a M C @ N L O            *
*                      M A D E V E N T                     *
*                                                          *
*                 *                       *                *
*                   *        * *        *                  *
*                     * * * * 5 * * * *                    *
*                   *        * *        *                  *
*                 *                       *                *
*                                                          *
*         VERSION 3.5.1                 2023-07-11         *
*                                                          *
*    The MadGraph5_aMC@NLO Development Team - Find us at   *
*    https://server06.fynu.ucl.ac.be/projects/madgraph     *
*                                                          *
*               Type 'help' for in-line help.              *
*                                                          *
************************************************************
INFO: load configuration from /vols/cms/us322/events_4b/02_event_generation_4b/mg_processes/signal_supp_13/morphing_basis_vector_5/Cards/me5_configuration.txt  
INFO: load configuration from /srv/localstage/condor/dir_766242/mg5amcnlo/input/mg5_configuration.txt  
INFO: load configuration from /vols/cms/us322/events_4b/02_event_generation_4b/mg_processes/signal_supp_13/morphing_basis_vector_5/Cards/me5_configuration.txt  
Using default text editor "vi". Set another one in ./input/mg5_configuration.txt
generate_events run_01
stty: 'standard input': Inappropriate ioctl for device
The following switches determine which programs are run:
/===========================================================================\
| 1. Choose the shower/hadronization program   [1m  shower[0m = [32mPythia8[0m           |
| 2. Choose the detector simulation program    [1mdetector[0m = [01mNot Avail.[0m        |
| 3. Choose an analysis package (plot/convert) [1manalysis[0m = [01mNot Avail.[0m        |
| 4. Decay onshell particles                   [1m madspin[0m = [32mON[0m                |
| 5. Add weights to events for new hypp.       [1mreweight[0m = [32mON[0m                |
\===========================================================================/
Either type the switch number (1 to 5) to change its setting,
Set any switch explicitly (e.g. type 'shower=OFF' at the prompt)
Type 'help' for the list of all valid option
Type '0', 'auto', 'done' or just press enter when you are done.
[1;34mfound line : order=LO[0m
[1;34mThis answer is not valid for current question. Keep it for next question and use here default: 0[0m
Do you want to edit a card (press enter to bypass editing)?
/------------------------------------------------------------\
|  [31m1[0m. param         : [32mparam_card.dat[0m                         |
|  [31m2[0m. run           : [32mrun_card.dat[0m                           |
|  [31m3[0m. pythia8       : [32mpythia8_card.dat[0m                       |
|  [31m4[0m. madspin       : [32mmadspin_card.dat[0m                       |
|  [31m5[0m. reweight      : [32mreweight_card.dat[0m                      |
|  [31m6[0m. MadLoopParams : [32mMadLoopParams.dat[0m                      |
\------------------------------------------------------------/
 you can also
   - enter the path to a valid card or banner.
   - use the 'set' command to modify a parameter directly.
     The set option works only for param_card and run_card.
     Type 'help set' for more information on this command.
   - call an external program (ASperGE/MadWidth/...).
     Type 'help' for the list of available command
 [[4m0[0m, done, 1, param, 2, run, 3, pythia8, 4, enter path, ... ]
[1;34mfound line : order=LO[0m
[1;34mThis answer is not valid for current question. Keep it for next question and use here default: 0[0m
INFO: Update the dependent parameter of the param_card.dat 
[1;34mWARNING: update the strong coupling value (alpha_s) to the value from the pdf selected: 0.119 [0m
[1;34mWARNING: Unknow type of information in the card: dim64f,dim64f2l,dim64f4l [0m
Generating 25000 events with run name run_01
survey  run_01 
INFO: compile directory 
initMadLoop -r -f
Error: no DISPLAY environment variable specified
Initializing MadLoop loop-induced matrix elements (this can take some time)...
MadLoop initialization finished.
compile Source Directory
Using random number seed offset = 3953
INFO: Running Survey 
Creating Jobs
Working on SubProcesses
INFO:     P0_gg_hh  
INFO:  Idle: 1,  Running: 2,  Completed: 0 [ current time: 21h15 ] 
INFO:  Idle: 0,  Running: 2,  Completed: 1 [  15.8s  ] 
INFO: P0_gg_hh/G1 is at 0.193 +- 0.00434 pb. Now submitting iteration #2. 
INFO:  Idle: 0,  Running: 2,  Completed: 5 [  43.1s  ] 
INFO: P0_gg_hh/G1 is at 0.186 +- 0.00256 pb. Now submitting iteration #3. 
INFO:  Idle: 0,  Running: 2,  Completed: 9 [  1m 36s  ] 
INFO: Survey finished for P0_gg_hh/G1 at 0.1853 +- 0.000935 pb 
INFO:  Idle: 0,  Running: 0,  Completed: 12 [  1m 37s  ] 
INFO: End survey 
refine 25000
Creating Jobs
INFO: Refine results to 25000 
INFO: Generating 25000.0 unweighted events. 
sum of cpu time of last step: 0 second
INFO: Effective Luminosity 155165.1554404145 pb^-1 
INFO: need to improve 1 channels 
- Current estimate of cross-section: 0.18528 +- 0.00093487
INFO:  Idle: 0,  Running: 12,  Completed: 0 [ current time: 21h16 ] 
INFO:  Idle: 0,  Running: 11,  Completed: 1 [  1m 12s  ] 
INFO: P0_gg_hh/G1 is at 7898/28856 (27%) event. Resubmit 11 job at iteration 1. 
INFO:  Idle: 0,  Running: 10,  Completed: 14 [  2m 20s  ] 
INFO: P0_gg_hh/G1 is at 15235/28896 (53%) event. Resubmit 21 job at iteration 2. 
INFO:  Idle: 8,  Running: 12,  Completed: 26 [  3m 33s  ] 
INFO:  Idle: 0,  Running: 8,  Completed: 38 [  4m 29s  ] 
INFO: found enough event for P0_gg_hh/G1 
INFO:  Idle: 0,  Running: 0,  Completed: 47 [  4m 29s  ] 
INFO: Combining runs 
sum of cpu time of last step: 0 second
INFO: finish refine 
refine 25000 --treshold=0.9
No need for second refine due to stability of cross-section
INFO: Combining Events 
 
 
 
  === Results Summary for run: run_01 tag: tag_1 ===

     Cumulative sequential time for this run: 6m02s
     Cross-section :   0.1859 +- 0.0002714 pb
     Nb of events :  25000
 
store_events
INFO: Storing parton level results 
INFO: End Parton 
reweight -from_cards
INFO: Extracting the banner ... 
INFO: process: p p > H H QED=2 QCD=2  
INFO: options: NP=2  
INFO: Running Reweighting 
change output default
change helicity False
launch --rwgt_name=sm
INFO: detected model: SMEFTatNLO-LO. Loading... 
INFO: generating the square matrix element for reweighting 
INFO: generate p p > H H   QED=2 QCD=2 NP=2   --no_warning=duplicate;define pert_QCD = -5 -4 -3 -2 -1 1 2 3 4 5 21;add process p p > H H    pert_QCD QED=2 QCD=3 NP=2    --no_warning=duplicate; 
INFO: RETRY with generate p p > H H   QED=2 QCD=2 NP=2  [virt=QCD] ; 
INFO: Done 9.42 
Do you want to edit a card (press enter to bypass editing)?
/------------------------------------------------------------\
|  [31m1[0m. param : [32mparam_card.dat[0m                                 |
|  [31m9[0m. plot  : [32mplot_card.dat[0m                                  |
\------------------------------------------------------------/
 you can also
   - enter the path to a valid card or banner.
   - use the 'set' command to modify a parameter directly.
     The set option works only for param_card and run_card.
     Type 'help set' for more information on this command.
   - call an external program (ASperGE/MadWidth/...).
     Type 'help' for the list of available command
 [[4m0[0m, done, 1, param, 9, plot, enter path]
>INFO: starts to compute weight for events with the following modification to the param_card: 
INFO: set param_card dim6 4 0.0 # orig: 2.704957
KEEP:set param_card dim6 5 0.0 # orig: -11.77089
KEEP:set param_card dim62f 19 0.0 # orig: -5.938309
KEEP: 
INFO: Event nb 0 current time: 21h22 
INFO: Event nb 10  0.8s  
INFO: Event nb 20  0.92s  
INFO: Event nb 30  1.1s  
INFO: Event nb 40  1.2s  
INFO: Event nb 50  1.3s  
INFO: Event nb 60  1.4s  
INFO: Event nb 70  1.5s  
INFO: Event nb 80  1.6s  
INFO: Event nb 90  1.8s  
INFO: Event nb 100  1.9s  
INFO: Event nb 200  3s  
INFO: Event nb 300  4.1s  
INFO: Event nb 400  5.2s  
INFO: Event nb 500  6.3s  
INFO: Event nb 600  7.4s  
INFO: Event nb 700  8.5s  
INFO: Event nb 800  9.7s  
INFO: Event nb 900  10.8s  
INFO: Event nb 1000  11.9s  
INFO: Event nb 2000  23s  
INFO: Event nb 3000  34s  
INFO: Event nb 4000  45.2s  
INFO: Event nb 5000  56.5s  
INFO: Event nb 6000  1m 7s  
INFO: Event nb 7000  1m 19s  
INFO: Event nb 8000  1m 30s  
INFO: Event nb 9000  1m 41s  
INFO: Event nb 10000  1m 52s  
INFO: reducing number of print status. Next status update in 10000 events 
INFO: Event nb 20000  3m 45s  
INFO: All event done  (nb_event: 25000)  4m 41s  
INFO: Event /vols/cms/us322/events_4b/02_event_generation_4b/mg_processes/signal_supp_13/morphing_basis_vector_5/Events/run_01/unweighted_events.lhe have now the additional weight 
INFO: new cross-section is : 0.0156609 pb (indicative error: 0.00127646 pb) 
launch --rwgt_name=morphing_basis_vector_1
Do you want to edit a card (press enter to bypass editing)?
/------------------------------------------------------------\
|  [31m1[0m. param : [32mparam_card.dat[0m                                 |
|  [31m9[0m. plot  : [32mplot_card.dat[0m                                  |
\------------------------------------------------------------/
 you can also
   - enter the path to a valid card or banner.
   - use the 'set' command to modify a parameter directly.
     The set option works only for param_card and run_card.
     Type 'help set' for more information on this command.
   - call an external program (ASperGE/MadWidth/...).
     Type 'help' for the list of available command
 [[4m0[0m, done, 1, param, 9, plot, enter path]
>INFO: starts to compute weight for events with the following modification to the param_card: 
INFO: set param_card dim6 4 -4.270762 # orig: 2.704957
KEEP:set param_card dim6 5 -9.635791 # orig: -11.77089
KEEP:set param_card dim62f 19 -5.011696 # orig: -5.938309
KEEP: 
INFO: Event nb 0 current time: 21h26 
INFO: Event nb 10  0.13s  
INFO: Event nb 20  0.25s  
INFO: Event nb 30  0.37s  
INFO: Event nb 40  0.49s  
INFO: Event nb 50  0.62s  
INFO: Event nb 60  0.74s  
INFO: Event nb 70  1s  
INFO: Event nb 80  1.1s  
INFO: Event nb 90  1.3s  
INFO: Event nb 100  1.4s  
INFO: Event nb 200  2.6s  
INFO: Event nb 300  3.8s  
INFO: Event nb 400  5s  
INFO: Event nb 500  6.3s  
INFO: Event nb 600  7.5s  
INFO: Event nb 700  8.7s  
INFO: Event nb 800  9.9s  
INFO: Event nb 900  11.1s  
INFO: Event nb 1000  12.3s  
INFO: Event nb 2000  24.4s  
INFO: Event nb 3000  36.4s  
INFO: Event nb 4000  48.4s  
INFO: Event nb 5000  1m 0s  
INFO: Event nb 6000  1m 12s  
INFO: Event nb 7000  1m 24s  
INFO: Event nb 8000  1m 36s  
INFO: Event nb 9000  1m 48s  
INFO: Event nb 10000  2m 0s  
INFO: reducing number of print status. Next status update in 10000 events 
INFO: Event nb 20000  4m 0s  
INFO: All event done  (nb_event: 25000)  4m 58s  
INFO: Event /vols/cms/us322/events_4b/02_event_generation_4b/mg_processes/signal_supp_13/morphing_basis_vector_5/Events/run_01/unweighted_events.lhe have now the additional weight 
INFO: new cross-section is : 0.0500479 pb (indicative error: 0.00115684 pb) 
launch --rwgt_name=morphing_basis_vector_2
Do you want to edit a card (press enter to bypass editing)?
/------------------------------------------------------------\
|  [31m1[0m. param : [32mparam_card.dat[0m                                 |
|  [31m9[0m. plot  : [32mplot_card.dat[0m                                  |
\------------------------------------------------------------/
 you can also
   - enter the path to a valid card or banner.
   - use the 'set' command to modify a parameter directly.
     The set option works only for param_card and run_card.
     Type 'help set' for more information on this command.
   - call an external program (ASperGE/MadWidth/...).
     Type 'help' for the list of available command
 [[4m0[0m, done, 1, param, 9, plot, enter path]
>INFO: starts to compute weight for events with the following modification to the param_card: 
INFO: set param_card dim6 4 -3.509851 # orig: 2.704957
KEEP:set param_card dim6 5 -14.88657 # orig: -11.77089
KEEP:set param_card dim62f 19 6.650933 # orig: -5.938309
KEEP: 
INFO: Event nb 0 current time: 21h31 
INFO: Event nb 10  0.12s  
INFO: Event nb 20  0.25s  
INFO: Event nb 30  0.36s  
INFO: Event nb 40  0.48s  
INFO: Event nb 50  0.6s  
INFO: Event nb 60  0.71s  
INFO: Event nb 70  0.83s  
INFO: Event nb 80  0.95s  
INFO: Event nb 90  1.1s  
INFO: Event nb 100  1.2s  
INFO: Event nb 200  2.3s  
INFO: Event nb 300  3.5s  
INFO: Event nb 400  4.7s  
INFO: Event nb 500  5.9s  
INFO: Event nb 600  7s  
INFO: Event nb 700  8.2s  
INFO: Event nb 800  9.4s  
INFO: Event nb 900  10.5s  
INFO: Event nb 1000  11.7s  
INFO: Event nb 2000  23.3s  
INFO: Event nb 3000  34.9s  
INFO: Event nb 4000  46.8s  
INFO: Event nb 5000  58.7s  
INFO: Event nb 6000  1m 10s  
INFO: Event nb 7000  1m 21s  
INFO: Event nb 8000  1m 33s  
INFO: Event nb 9000  1m 44s  
INFO: Event nb 10000  1m 55s  
INFO: reducing number of print status. Next status update in 10000 events 
INFO: Event nb 20000  3m 48s  
INFO: All event done  (nb_event: 25000)  4m 44s  
INFO: Event /vols/cms/us322/events_4b/02_event_generation_4b/mg_processes/signal_supp_13/morphing_basis_vector_5/Events/run_01/unweighted_events.lhe have now the additional weight 
INFO: new cross-section is : 0.0765313 pb (indicative error: 0.00337509 pb) 
launch --rwgt_name=morphing_basis_vector_3
Do you want to edit a card (press enter to bypass editing)?
/------------------------------------------------------------\
|  [31m1[0m. param : [32mparam_card.dat[0m                                 |
|  [31m9[0m. plot  : [32mplot_card.dat[0m                                  |
\------------------------------------------------------------/
 you can also
   - enter the path to a valid card or banner.
   - use the 'set' command to modify a parameter directly.
     The set option works only for param_card and run_card.
     Type 'help set' for more information on this command.
   - call an external program (ASperGE/MadWidth/...).
     Type 'help' for the list of available command
 [[4m0[0m, done, 1, param, 9, plot, enter path]
>INFO: starts to compute weight for events with the following modification to the param_card: 
INFO: set param_card dim6 4 -4.70413 # orig: 2.704957
KEEP:set param_card dim6 5 -2.237588 # orig: -11.77089
KEEP:set param_card dim62f 19 4.219889 # orig: -5.938309
KEEP: 
INFO: Event nb 0 current time: 21h36 
INFO: Event nb 10  0.12s  
INFO: Event nb 20  0.24s  
INFO: Event nb 30  0.35s  
INFO: Event nb 40  0.47s  
INFO: Event nb 50  0.58s  
INFO: Event nb 60  0.69s  
INFO: Event nb 70  0.81s  
INFO: Event nb 80  0.92s  
INFO: Event nb 90  1s  
INFO: Event nb 100  1.1s  
INFO: Event nb 200  2.3s  
INFO: Event nb 300  3.4s  
INFO: Event nb 400  4.6s  
INFO: Event nb 500  5.7s  
INFO: Event nb 600  6.8s  
INFO: Event nb 700  7.9s  
INFO: Event nb 800  9.1s  
INFO: Event nb 900  10.2s  
INFO: Event nb 1000  11.3s  
INFO: Event nb 2000  22.5s  
INFO: Event nb 3000  33.7s  
INFO: Event nb 4000  44.9s  
INFO: Event nb 5000  56.2s  
INFO: Event nb 6000  1m 7s  
INFO: Event nb 7000  1m 18s  
INFO: Event nb 8000  1m 29s  
INFO: Event nb 9000  1m 41s  
INFO: Event nb 10000  1m 52s  
INFO: reducing number of print status. Next status update in 10000 events 
INFO: Event nb 20000  3m 45s  
INFO: All event done  (nb_event: 25000)  4m 41s  
INFO: Event /vols/cms/us322/events_4b/02_event_generation_4b/mg_processes/signal_supp_13/morphing_basis_vector_5/Events/run_01/unweighted_events.lhe have now the additional weight 
INFO: new cross-section is : 0.0478328 pb (indicative error: 0.004574 pb) 
launch --rwgt_name=morphing_basis_vector_4
Do you want to edit a card (press enter to bypass editing)?
/------------------------------------------------------------\
|  [31m1[0m. param : [32mparam_card.dat[0m                                 |
|  [31m9[0m. plot  : [32mplot_card.dat[0m                                  |
\------------------------------------------------------------/
 you can also
   - enter the path to a valid card or banner.
   - use the 'set' command to modify a parameter directly.
     The set option works only for param_card and run_card.
     Type 'help set' for more information on this command.
   - call an external program (ASperGE/MadWidth/...).
     Type 'help' for the list of available command
 [[4m0[0m, done, 1, param, 9, plot, enter path]
>INFO: starts to compute weight for events with the following modification to the param_card: 
INFO: set param_card dim6 4 0.1140347 # orig: 2.704957
KEEP:set param_card dim6 5 4.567852 # orig: -11.77089
KEEP:set param_card dim62f 19 5.437451 # orig: -5.938309
KEEP: 
INFO: Event nb 0 current time: 21h41 
INFO: Event nb 10  0.12s  
INFO: Event nb 20  0.24s  
INFO: Event nb 30  0.35s  
INFO: Event nb 40  0.46s  
INFO: Event nb 50  0.58s  
INFO: Event nb 60  0.69s  
INFO: Event nb 70  0.8s  
INFO: Event nb 80  0.92s  
INFO: Event nb 90  1s  
INFO: Event nb 100  1.1s  
INFO: Event nb 200  2.3s  
INFO: Event nb 300  3.4s  
INFO: Event nb 400  4.5s  
INFO: Event nb 500  5.6s  
INFO: Event nb 600  6.8s  
INFO: Event nb 700  7.9s  
INFO: Event nb 800  9s  
INFO: Event nb 900  10.1s  
INFO: Event nb 1000  11.3s  
INFO: Event nb 2000  22.5s  
INFO: Event nb 3000  33.6s  
INFO: Event nb 4000  44.9s  
INFO: Event nb 5000  56.2s  
INFO: Event nb 6000  1m 7s  
INFO: Event nb 7000  1m 18s  
INFO: Event nb 8000  1m 29s  
INFO: Event nb 9000  1m 40s  
INFO: Event nb 10000  1m 52s  
INFO: reducing number of print status. Next status update in 10000 events 
INFO: Event nb 20000  3m 44s  
INFO: All event done  (nb_event: 25000)  4m 40s  
INFO: Event /vols/cms/us322/events_4b/02_event_generation_4b/mg_processes/signal_supp_13/morphing_basis_vector_5/Events/run_01/unweighted_events.lhe have now the additional weight 
INFO: new cross-section is : 0.119149 pb (indicative error: 0.0058621 pb) 
launch --rwgt_name=morphing_basis_vector_6
Do you want to edit a card (press enter to bypass editing)?
/------------------------------------------------------------\
|  [31m1[0m. param : [32mparam_card.dat[0m                                 |
|  [31m9[0m. plot  : [32mplot_card.dat[0m                                  |
\------------------------------------------------------------/
 you can also
   - enter the path to a valid card or banner.
   - use the 'set' command to modify a parameter directly.
     The set option works only for param_card and run_card.
     Type 'help set' for more information on this command.
   - call an external program (ASperGE/MadWidth/...).
     Type 'help' for the list of available command
 [[4m0[0m, done, 1, param, 9, plot, enter path]
>INFO: starts to compute weight for events with the following modification to the param_card: 
INFO: set param_card dim6 4 4.585811 # orig: 2.704957
KEEP:set param_card dim6 5 6.747472 # orig: -11.77089
KEEP:set param_card dim62f 19 -2.432281 # orig: -5.938309
KEEP: 
INFO: Event nb 0 current time: 21h45 
INFO: Event nb 10  0.12s  
INFO: Event nb 20  0.23s  
INFO: Event nb 30  0.34s  
INFO: Event nb 40  0.46s  
INFO: Event nb 50  0.58s  
INFO: Event nb 60  0.69s  
INFO: Event nb 70  0.8s  
INFO: Event nb 80  0.91s  
INFO: Event nb 90  1s  
INFO: Event nb 100  1.1s  
INFO: Event nb 200  2.3s  
INFO: Event nb 300  3.4s  
INFO: Event nb 400  4.5s  
INFO: Event nb 500  5.6s  
INFO: Event nb 600  6.8s  
INFO: Event nb 700  7.9s  
INFO: Event nb 800  9s  
INFO: Event nb 900  10.1s  
INFO: Event nb 1000  11.3s  
INFO: Event nb 2000  22.5s  
INFO: Event nb 3000  33.6s  
INFO: Event nb 4000  44.9s  
INFO: Event nb 5000  56.1s  
INFO: Event nb 6000  1m 7s  
INFO: Event nb 7000  1m 18s  
INFO: Event nb 8000  1m 29s  
INFO: Event nb 9000  1m 40s  
INFO: Event nb 10000  1m 52s  
INFO: reducing number of print status. Next status update in 10000 events 
INFO: Event nb 20000  3m 44s  
INFO: All event done  (nb_event: 25000)  4m 41s  
INFO: Event /vols/cms/us322/events_4b/02_event_generation_4b/mg_processes/signal_supp_13/morphing_basis_vector_5/Events/run_01/unweighted_events.lhe have now the additional weight 
INFO: new cross-section is : 0.0496646 pb (indicative error: 0.00242247 pb) 
launch --rwgt_name=morphing_basis_vector_7
Do you want to edit a card (press enter to bypass editing)?
/------------------------------------------------------------\
|  [31m1[0m. param : [32mparam_card.dat[0m                                 |
|  [31m9[0m. plot  : [32mplot_card.dat[0m                                  |
\------------------------------------------------------------/
 you can also
   - enter the path to a valid card or banner.
   - use the 'set' command to modify a parameter directly.
     The set option works only for param_card and run_card.
     Type 'help set' for more information on this command.
   - call an external program (ASperGE/MadWidth/...).
     Type 'help' for the list of available command
 [[4m0[0m, done, 1, param, 9, plot, enter path]
>INFO: starts to compute weight for events with the following modification to the param_card: 
INFO: set param_card dim6 4 -1.246802 # orig: 2.704957
KEEP:set param_card dim6 5 -14.80999 # orig: -11.77089
KEEP:set param_card dim62f 19 0.4606651 # orig: -5.938309
KEEP: 
INFO: Event nb 0 current time: 21h50 
INFO: Event nb 10  0.12s  
INFO: Event nb 20  0.24s  
INFO: Event nb 30  0.35s  
INFO: Event nb 40  0.46s  
INFO: Event nb 50  0.58s  
INFO: Event nb 60  0.69s  
INFO: Event nb 70  0.8s  
INFO: Event nb 80  0.91s  
INFO: Event nb 90  1s  
INFO: Event nb 100  1.1s  
INFO: Event nb 200  2.3s  
INFO: Event nb 300  3.4s  
INFO: Event nb 400  4.5s  
INFO: Event nb 500  5.7s  
INFO: Event nb 600  6.8s  
INFO: Event nb 700  7.9s  
INFO: Event nb 800  9s  
INFO: Event nb 900  10.2s  
INFO: Event nb 1000  11.4s  
INFO: Event nb 2000  22.6s  
INFO: Event nb 3000  33.8s  
INFO: Event nb 4000  45.1s  
INFO: Event nb 5000  56.3s  
INFO: Event nb 6000  1m 7s  
INFO: Event nb 7000  1m 18s  
INFO: Event nb 8000  1m 29s  
INFO: Event nb 9000  1m 41s  
INFO: Event nb 10000  1m 52s  
INFO: reducing number of print status. Next status update in 10000 events 
INFO: Event nb 20000  3m 45s  
INFO: All event done  (nb_event: 25000)  4m 41s  
INFO: Event /vols/cms/us322/events_4b/02_event_generation_4b/mg_processes/signal_supp_13/morphing_basis_vector_5/Events/run_01/unweighted_events.lhe have now the additional weight 
INFO: new cross-section is : 0.128779 pb (indicative error: 0.00451659 pb) 
launch --rwgt_name=morphing_basis_vector_8
Do you want to edit a card (press enter to bypass editing)?
/------------------------------------------------------------\
|  [31m1[0m. param : [32mparam_card.dat[0m                                 |
|  [31m9[0m. plot  : [32mplot_card.dat[0m                                  |
\------------------------------------------------------------/
 you can also
   - enter the path to a valid card or banner.
   - use the 'set' command to modify a parameter directly.
     The set option works only for param_card and run_card.
     Type 'help set' for more information on this command.
   - call an external program (ASperGE/MadWidth/...).
     Type 'help' for the list of available command
 [[4m0[0m, done, 1, param, 9, plot, enter path]
>INFO: starts to compute weight for events with the following modification to the param_card: 
INFO: set param_card dim6 4 -1.757994 # orig: 2.704957
KEEP:set param_card dim6 5 7.687006 # orig: -11.77089
KEEP:set param_card dim62f 19 -4.792287 # orig: -5.938309
KEEP: 
INFO: Event nb 0 current time: 21h55 
INFO: Event nb 10  0.12s  
INFO: Event nb 20  0.24s  
INFO: Event nb 30  0.35s  
INFO: Event nb 40  0.46s  
INFO: Event nb 50  0.58s  
INFO: Event nb 60  0.69s  
INFO: Event nb 70  0.8s  
INFO: Event nb 80  0.92s  
INFO: Event nb 90  1s  
INFO: Event nb 100  1.1s  
INFO: Event nb 200  2.3s  
INFO: Event nb 300  3.4s  
INFO: Event nb 400  4.5s  
INFO: Event nb 500  5.7s  
INFO: Event nb 600  6.8s  
INFO: Event nb 700  7.9s  
INFO: Event nb 800  9.1s  
INFO: Event nb 900  10.2s  
INFO: Event nb 1000  11.3s  
INFO: Event nb 2000  22.6s  
INFO: Event nb 3000  33.8s  
INFO: Event nb 4000  45.1s  
INFO: Event nb 5000  56.4s  
INFO: Event nb 6000  1m 7s  
INFO: Event nb 7000  1m 18s  
INFO: Event nb 8000  1m 30s  
INFO: Event nb 9000  1m 41s  
INFO: Event nb 10000  1m 52s  
INFO: reducing number of print status. Next status update in 10000 events 
INFO: Event nb 20000  3m 45s  
INFO: All event done  (nb_event: 25000)  4m 41s  
INFO: Event /vols/cms/us322/events_4b/02_event_generation_4b/mg_processes/signal_supp_13/morphing_basis_vector_5/Events/run_01/unweighted_events.lhe have now the additional weight 
INFO: new cross-section is : 0.0953874 pb (indicative error: 0.00363402 pb) 
launch --rwgt_name=morphing_basis_vector_9
Do you want to edit a card (press enter to bypass editing)?
/------------------------------------------------------------\
|  [31m1[0m. param : [32mparam_card.dat[0m                                 |
|  [31m9[0m. plot  : [32mplot_card.dat[0m                                  |
\------------------------------------------------------------/
 you can also
   - enter the path to a valid card or banner.
   - use the 'set' command to modify a parameter directly.
     The set option works only for param_card and run_card.
     Type 'help set' for more information on this command.
   - call an external program (ASperGE/MadWidth/...).
     Type 'help' for the list of available command
 [[4m0[0m, done, 1, param, 9, plot, enter path]
>INFO: starts to compute weight for events with the following modification to the param_card: 
INFO: set param_card dim6 4 3.774042 # orig: 2.704957
KEEP:set param_card dim6 5 0.6799669 # orig: -11.77089
KEEP:set param_card dim62f 19 4.975328 # orig: -5.938309
KEEP: 
INFO: Event nb 0 current time: 21h59 
INFO: Event nb 10  0.12s  
INFO: Event nb 20  0.23s  
INFO: Event nb 30  0.34s  
INFO: Event nb 40  0.46s  
INFO: Event nb 50  0.57s  
INFO: Event nb 60  0.69s  
INFO: Event nb 70  0.8s  
INFO: Event nb 80  0.91s  
INFO: Event nb 90  1s  
INFO: Event nb 100  1.1s  
INFO: Event nb 200  2.3s  
INFO: Event nb 300  3.4s  
INFO: Event nb 400  4.5s  
INFO: Event nb 500  5.6s  
INFO: Event nb 600  6.8s  
INFO: Event nb 700  7.9s  
INFO: Event nb 800  9.1s  
INFO: Event nb 900  10.3s  
INFO: Event nb 1000  11.4s  
INFO: Event nb 2000  22.9s  
INFO: Event nb 3000  34s  
INFO: Event nb 4000  45.3s  
INFO: Event nb 5000  56.7s  
INFO: Event nb 6000  1m 7s  
INFO: Event nb 7000  1m 19s  
INFO: Event nb 8000  1m 30s  
INFO: Event nb 9000  1m 41s  
INFO: Event nb 10000  1m 53s  
INFO: reducing number of print status. Next status update in 10000 events 
INFO: Event nb 20000  3m 47s  
INFO: All event done  (nb_event: 25000)  4m 43s  
INFO: Event /vols/cms/us322/events_4b/02_event_generation_4b/mg_processes/signal_supp_13/morphing_basis_vector_5/Events/run_01/unweighted_events.lhe have now the additional weight 
INFO: new cross-section is : 0.0283536 pb (indicative error: 0.00242401 pb) 
INFO: Original cross-section: 0.1859 +- 0.00027137 pb (cross-section from sum of weights: 0.18590000000000706) 
INFO: Computed cross-section: 
INFO: morphing_basis_vector_1 : 0.05004787669813317 +- 0.0011568392182839573 pb 
INFO: morphing_basis_vector_2 : 0.07653134935510202 +- 0.0033750910872995124 pb 
INFO: morphing_basis_vector_3 : 0.04783283313066007 +- 0.004573999266020961 pb 
INFO: morphing_basis_vector_4 : 0.11914851165849658 +- 0.005862100962899756 pb 
INFO: morphing_basis_vector_6 : 0.04966459509074853 +- 0.00242246704593747 pb 
INFO: morphing_basis_vector_7 : 0.1287792277897999 +- 0.004516588788825008 pb 
INFO: morphing_basis_vector_8 : 0.09538739127215566 +- 0.003634018828336627 pb 
INFO: morphing_basis_vector_9 : 0.02835358148609759 +- 0.002424013051952993 pb 
INFO: sm : 0.015660933743136755 +- 0.001276461844638531 pb 
INFO: quit rwgt 
decay_events -from_cards
INFO: Running MadSpin 
INFO: This functionality allows for the decay of resonances 
INFO: in a .lhe file, keeping track of the spin correlation effets. 
INFO: BE AWARE OF THE CURRENT LIMITATIONS: 
INFO:   (1) Only a succession of 2 body decay are currently allowed 
************************************************************
*                                                          *
*           W E L C O M E  to  M A D S P I N               *
*                                                          *
************************************************************
INFO: Extracting the banner ... 
INFO: process: p p > H H QED=2 QCD=2  
INFO: options: NP=2  
INFO: detected model: SMEFTatNLO-LO. Loading... 
lhapdf-config does not seem to correspond to a valid lhapdf-config executable. 
Please set the 'lhapdf' variable to the (absolute) /PATH/TO/lhapdf-config (including lhapdf-config).
Note that you can still compile and run aMC@NLO with the built-in PDFs
 MG5_aMC> set lhapdf /PATH/TO/lhapdf-config

Set group_subprocesses to Auto
Note that you need to regenerate all processes
import model heft --bypass_check
[1;34mWARNING: No param_card defined for the new model. We will use the default one but this might completely wrong. [0m
INFO: detected model: heft. Loading... 
INFO: reload from .py file 
INFO: load particles 
INFO: load vertices 
INFO: Restrict model heft with file ../../../../srv/localstage/condor/dir_766242/mg5amcnlo/models/heft/restrict_default.dat . 
INFO: Run "set stdout_level DEBUG" before import for more information. 
[1;34mPass the definition of 'j' and 'p' to 4 flavour scheme.[0m
Kept definitions of multiparticles l+ / l- / vl / vl~ unchanged
Removed obsolete multiparticles all
Defined multiparticle all = g u c d s u~ c~ d~ s~ a ve vm vt e- m- ve~ vm~ vt~ e+ m+ t b t~ b~ z w+ h h1 w- tt- tt+
set spinmode None          # Use one of the madspin special mode
set max_weight_ps_point 400  # number of PS to estimate the maximum for each event
decay h > b b~
decay h > b b~
launch
INFO: Will use seed 417810703 
INFO: generate 25000 decay event for particle h 
INFO: Will use seed 325974881 
stty: 'standard input': Inappropriate ioctl for device
  0%|          | 0/691 [00:00<?, ?it/s]100%|██████████| 691/691 [00:00<00:00, 99422.46it/s]stty: 'standard input': Inappropriate ioctl for device

  0%|          | 0/691 [00:00<?, ?it/s]100%|██████████| 691/691 [00:00<00:00, 111570.39it/s]decaying event number 100 [0.07082557678222656 s]
decaying event number 200 [0.14073586463928223 s]
decaying event number 300 [0.2119002342224121 s]
decaying event number 400 [0.28340625762939453 s]
decaying event number 500 [0.35378026962280273 s]
decaying event number 600 [0.42334461212158203 s]
decaying event number 700 [0.4929032325744629 s]
decaying event number 800 [0.562401533126831 s]
decaying event number 900 [0.6325278282165527 s]
decaying event number 1000 [0.7016198635101318 s]
decaying event number 2000 [1.3966739177703857 s]
decaying event number 3000 [2.098985433578491 s]
decaying event number 4000 [2.794857978820801 s]
decaying event number 5000 [3.492367744445801 s]
decaying event number 6000 [4.190938234329224 s]
decaying event number 7000 [4.891190528869629 s]
decaying event number 8000 [5.589491128921509 s]
decaying event number 9000 [6.282795429229736 s]
decaying event number 10000 [6.97895884513855 s]
decaying event number 20000 [13.921542644500732 s]
INFO: The decayed event file has been moved to the following location:  
INFO: /vols/cms/us322/events_4b/02_event_generation_4b/mg_processes/signal_supp_13/morphing_basis_vector_5/Events/run_01_decayed_1/unweighted_events.lhe.gz 
INFO: MadSpin Done 
INFO: [92mRunning Pythia8 [arXiv:1410.3012][0m 
Splitting .lhe event file for PY8 parallelization...
Submitting Pythia8 jobs...
Pythia8 shower jobs: 1 Idle, 11 Running, 0 Done [12 seconds]
Pythia8 shower jobs: 0 Idle, 11 Running, 1 Done [4m53s]
Pythia8 shower jobs: 0 Idle, 10 Running, 2 Done [4m56s]
Pythia8 shower jobs: 0 Idle, 9 Running, 3 Done [4m57s]
Pythia8 shower jobs: 0 Idle, 8 Running, 4 Done [4m58s]
Pythia8 shower jobs: 0 Idle, 7 Running, 5 Done [4m59s]
Pythia8 shower jobs: 0 Idle, 6 Running, 6 Done [4m59s]
Pythia8 shower jobs: 0 Idle, 5 Running, 7 Done [4m59s]
Pythia8 shower jobs: 0 Idle, 4 Running, 8 Done [4m59s]
Pythia8 shower jobs: 0 Idle, 3 Running, 9 Done [4m59s]
Pythia8 shower jobs: 0 Idle, 2 Running, 10 Done [5m00s]
Pythia8 shower jobs: 0 Idle, 1 Running, 11 Done [5m00s]
Pythia8 shower jobs: 0 Idle, 0 Running, 12 Done [5m00s]
Merging results from the split PY8 runs...
INFO: Pythia8 shower finished after 6m15s. 
  === Results Summary for run: run_01_decayed_1 tag: tag_1 ===

     Cross-section :   0.1691 +- 0.0002469 pb
     Nb of events :  25000
 
INFO: storing files of previous run 
INFO: Storing Pythia8 files of previous run 
INFO: Done 
quit
INFO:  
order=LO
[1;34mCommand "order=LO" not recognized, please try again[0m
shower=Pythia8
[1;34mCommand "shower=Pythia8" not recognized, please try again[0m
detector=OFF
[1;34mCommand "detector=OFF" not recognized, please try again[0m
analysis=OFF
[1;34mCommand "analysis=OFF" not recognized, please try again[0m
madspin=ON
[1;34mCommand "madspin=ON" not recognized, please try again[0m
reweight=ON
[1;34mCommand "reweight=ON" not recognized, please try again[0m
done
[1;34mCommand "done" not recognized, please try again[0m
quit

 mdl_vev0 =    246.22056907348588     
 mdl_vev0__exp__2 =    60624.568634871226     
 mdl_dlam =   0.45759933651977336     
 mdl_ee0 =   0.31345063981313520     
 mdl_cw =   0.87538656571726847     
 mdl_muH =    68.165123028343629     
 mdl_sw =   0.48342358295983689     
 mdl_g1 =   0.35807111062562641     
 mdl_gw =   0.64839749416853931     
 mdl_lam =    6.9897490058211470E-002
 mdl_vev =    246.22056907348588     
 mdl_ee =   0.31345063981313520     
 mdl_ee__exp__2 =    9.8251303599263817E-002
 mdl_aEW =    7.8185903165226816E-003
 aEWM1 =    127.90029398096792     
 mdl_ee0__exp__2 =    9.8251303599263817E-002
 mdl_ee0__exp__3 =    3.0796933975663836E-002
 mdl_vev0__exp__3 =    14927015.789112596     
  Internal Params evaluated point by point
  ----------------------------------------
  
 mdl_sqrt__aS =   0.34496376621320685     
 mdl_G__exp__2 =    1.4953981031087418     
 mdl_G__exp__3 =    1.8286695702272273     
 mdl_G__exp__4 =    2.2362154867812229     
 mdl_MU_R__exp__2 =    8315.2513440000002     
  Couplings of SMEFTatNLO-LO
  ---------------------------------
  
        GC_11 =   0.00000E+00   0.12229E+01
 R2GC_1297_467 =  0.00000E+00   0.98798E-02
 R2GC_1298_468 =  0.00000E+00   0.17412E+00
 R2GC_618_1801 = -0.00000E+00  -0.92422E-02
 R2GC_631_1814 = -0.00000E+00  -0.22756E+01
      GC_1822 =   0.00000E+00   0.25987E-02
      GC_1842 =   0.00000E+00   0.53452E-01
       GC_322 =  -0.00000E+00  -0.19038E+03
       GC_420 =   0.00000E+00   0.60899E+02
       GC_422 =   0.00000E+00   0.37170E-02
       GC_431 =   0.00000E+00  -0.43558E+02
       GC_546 =  -0.00000E+00  -0.69856E+00
