************************************************************
*                                                          *
*                     W E L C O M E to                     *
*              M A D G R A P H 5 _ a M C @ N L O           *
*                                                          *
*                                                          *
*                 *                       *                *
*                   *        * *        *                  *
*                     * * * * 5 * * * *                    *
*                   *        * *        *                  *
*                 *                       *                *
*                                                          *
*         VERSION 3.5.1                 2023-07-11         *
*                                                          *
*    The MadGraph5_aMC@NLO Development Team - Find us at   *
*              http://madgraph.phys.ucl.ac.be/             *
*                            and                           *
*            http://amcatnlo.web.cern.ch/amcatnlo/         *
*                                                          *
*               Type 'help' for in-line help.              *
*           Type 'tutorial' to learn how MG5 works         *
*    Type 'tutorial aMCatNLO' to learn how aMC@NLO works   *
*    Type 'tutorial MadLoop' to learn how MadLoop works    *
*                                                          *
************************************************************
load MG5 configuration from ../../../../srv/localstage/condor/dir_2939386/mg5amcnlo/input/mg5_configuration.txt 
fastjet-config does not seem to correspond to a valid fastjet-config executable (v3+). We will use fjcore instead.
 Please set the 'fastjet'variable to the full (absolute) /PATH/TO/fastjet-config (including fastjet-config).
 MG5_aMC> set fastjet /PATH/TO/fastjet-config

eMELA-config does not seem to correspond to a valid eMELA-config executable.
 Please set the 'fastjet'variable to the full (absolute) /PATH/TO/eMELA-config (including eMELA-config).
 MG5_aMC> set eMELA /PATH/TO/eMELA-config

lhapdf-config does not seem to correspond to a valid lhapdf-config executable. 
Please set the 'lhapdf' variable to the (absolute) /PATH/TO/lhapdf-config (including lhapdf-config).
Note that you can still compile and run aMC@NLO with the built-in PDFs
 MG5_aMC> set lhapdf /PATH/TO/lhapdf-config

None does not seem to correspond to a valid lhapdf-config executable. 
Please set the 'lhapdf' variable to the (absolute) /PATH/TO/lhapdf-config (including lhapdf-config).
Note that you can still compile and run aMC@NLO with the built-in PDFs
 MG5_aMC> set lhapdf /PATH/TO/lhapdf-config

Using default text editor "vi". Set another one in ./input/mg5_configuration.txt
Using default eps viewer "evince". Set another one in ./input/mg5_configuration.txt
Using default web browser "firefox". Set another one in ./input/mg5_configuration.txt
import /vols/cms/us322/events_4b/02_event_generation_4b/mg_processes/signal_supp_17/morphing_basis_vector_7/madminer/cards/mg_commands_0.dat
The import format was not given, so we guess it as command
launch /vols/cms/us322/events_4b/02_event_generation_4b/mg_processes/signal_supp_17/morphing_basis_vector_7
************************************************************
*                                                          *
*                      W E L C O M E to                    *
*             M A D G R A P H 5 _ a M C @ N L O            *
*                      M A D E V E N T                     *
*                                                          *
*                 *                       *                *
*                   *        * *        *                  *
*                     * * * * 5 * * * *                    *
*                   *        * *        *                  *
*                 *                       *                *
*                                                          *
*         VERSION 3.5.1                 2023-07-11         *
*                                                          *
*    The MadGraph5_aMC@NLO Development Team - Find us at   *
*    https://server06.fynu.ucl.ac.be/projects/madgraph     *
*                                                          *
*               Type 'help' for in-line help.              *
*                                                          *
************************************************************
INFO: load configuration from /vols/cms/us322/events_4b/02_event_generation_4b/mg_processes/signal_supp_17/morphing_basis_vector_7/Cards/me5_configuration.txt  
INFO: load configuration from /srv/localstage/condor/dir_2939386/mg5amcnlo/input/mg5_configuration.txt  
INFO: load configuration from /vols/cms/us322/events_4b/02_event_generation_4b/mg_processes/signal_supp_17/morphing_basis_vector_7/Cards/me5_configuration.txt  
Using default text editor "vi". Set another one in ./input/mg5_configuration.txt
generate_events run_01
stty: 'standard input': Inappropriate ioctl for device
The following switches determine which programs are run:
/===========================================================================\
| 1. Choose the shower/hadronization program   [1m  shower[0m = [32mPythia8[0m           |
| 2. Choose the detector simulation program    [1mdetector[0m = [01mNot Avail.[0m        |
| 3. Choose an analysis package (plot/convert) [1manalysis[0m = [01mNot Avail.[0m        |
| 4. Decay onshell particles                   [1m madspin[0m = [32mON[0m                |
| 5. Add weights to events for new hypp.       [1mreweight[0m = [32mON[0m                |
\===========================================================================/
Either type the switch number (1 to 5) to change its setting,
Set any switch explicitly (e.g. type 'shower=OFF' at the prompt)
Type 'help' for the list of all valid option
Type '0', 'auto', 'done' or just press enter when you are done.
[1;34mfound line : order=LO[0m
[1;34mThis answer is not valid for current question. Keep it for next question and use here default: 0[0m
Do you want to edit a card (press enter to bypass editing)?
/------------------------------------------------------------\
|  [31m1[0m. param         : [32mparam_card.dat[0m                         |
|  [31m2[0m. run           : [32mrun_card.dat[0m                           |
|  [31m3[0m. pythia8       : [32mpythia8_card.dat[0m                       |
|  [31m4[0m. madspin       : [32mmadspin_card.dat[0m                       |
|  [31m5[0m. reweight      : [32mreweight_card.dat[0m                      |
|  [31m6[0m. MadLoopParams : [32mMadLoopParams.dat[0m                      |
\------------------------------------------------------------/
 you can also
   - enter the path to a valid card or banner.
   - use the 'set' command to modify a parameter directly.
     The set option works only for param_card and run_card.
     Type 'help set' for more information on this command.
   - call an external program (ASperGE/MadWidth/...).
     Type 'help' for the list of available command
 [[4m0[0m, done, 1, param, 2, run, 3, pythia8, 4, enter path, ... ]
[1;34mfound line : order=LO[0m
[1;34mThis answer is not valid for current question. Keep it for next question and use here default: 0[0m
INFO: Update the dependent parameter of the param_card.dat 
[1;34mWARNING: update the strong coupling value (alpha_s) to the value from the pdf selected: 0.119 [0m
[1;34mWARNING: Unknow type of information in the card: dim64f2l,dim64f,dim64f4l [0m
Generating 25000 events with run name run_01
survey  run_01 
INFO: compile directory 
initMadLoop -r -f
Error: no DISPLAY environment variable specified
Initializing MadLoop loop-induced matrix elements (this can take some time)...
MadLoop initialization finished.
compile Source Directory
Using random number seed offset = 21308
INFO: Running Survey 
Creating Jobs
Working on SubProcesses
INFO:     P0_gg_hh  
INFO:  Idle: 1,  Running: 2,  Completed: 0 [ current time: 21h18 ] 
INFO:  Idle: 0,  Running: 2,  Completed: 1 [  16.4s  ] 
INFO: P0_gg_hh/G1 is at 0.126 +- 0.00352 pb. Now submitting iteration #2. 
INFO:  Idle: 0,  Running: 2,  Completed: 5 [  45.5s  ] 
INFO: P0_gg_hh/G1 is at 0.1271 +- 0.000521 pb. Now submitting iteration #3. 
INFO:  Idle: 0,  Running: 2,  Completed: 9 [  1m 39s  ] 
INFO: Survey finished for P0_gg_hh/G1 at 0.1276 +- 0.000225 pb 
INFO:  Idle: 0,  Running: 0,  Completed: 12 [  1m 39s  ] 
INFO: End survey 
refine 25000
Creating Jobs
INFO: Refine results to 25000 
INFO: Generating 25000.0 unweighted events. 
sum of cpu time of last step: 0 second
INFO: Effective Luminosity 225340.96253331244 pb^-1 
INFO: need to improve 1 channels 
- Current estimate of cross-section: 0.12758 +- 0.00022467
INFO:  Idle: 0,  Running: 12,  Completed: 0 [ current time: 21h20 ] 
INFO:  Idle: 0,  Running: 11,  Completed: 1 [  1m 11s  ] 
INFO: P0_gg_hh/G1 is at 8189/28729 (29%) event. Resubmit 11 job at iteration 1. 
INFO:  Idle: 0,  Running: 10,  Completed: 14 [  2m 18s  ] 
INFO: P0_gg_hh/G1 is at 15690/28777 (55%) event. Resubmit 20 job at iteration 2. 
INFO:  Idle: 7,  Running: 12,  Completed: 26 [  3m 32s  ] 
INFO:  Idle: 0,  Running: 7,  Completed: 38 [  4m 20s  ] 
INFO: P0_gg_hh/G1 is at 3972/28711 ('14%') event. Resubmit 30 job at iteration 3. 
INFO:  Idle: 17,  Running: 12,  Completed: 47 [  5m 33s  ] 
INFO:  Idle: 7,  Running: 12,  Completed: 57 [  5m 36s  ] 
INFO:  Idle: 5,  Running: 12,  Completed: 59 [  6m 45s  ] 
INFO:  Idle: 0,  Running: 7,  Completed: 69 [  6m 48s  ] 
INFO:  Idle: 0,  Running: 5,  Completed: 71 [  7m 21s  ] 
INFO: P0_gg_hh/G1 is at 20547/28732 ('72%') event. Resubmit 12 job at iteration 4. 
INFO:  Idle: 0,  Running: 11,  Completed: 78 [  8m 34s  ] 
INFO: found enough event for P0_gg_hh/G1 
INFO:  Idle: 0,  Running: 0,  Completed: 90 [  8m 34s  ] 
INFO: Combining runs 
sum of cpu time of last step: 0 second
INFO: finish refine 
refine 25000 --treshold=0.9
No need for second refine due to stability of cross-section
INFO: Combining Events 
 
 
 
  === Results Summary for run: run_01 tag: tag_1 ===

     Cumulative sequential time for this run: 10m04s
     Cross-section :   0.1275 +- 0.0001381 pb
     Nb of events :  25000
 
store_events
INFO: Storing parton level results 
INFO: End Parton 
reweight -from_cards
INFO: Extracting the banner ... 
INFO: process: p p > H H QED=2 QCD=2  
INFO: options: NP=2  
INFO: Running Reweighting 
change output default
change helicity False
launch --rwgt_name=sm
INFO: detected model: SMEFTatNLO-LO. Loading... 
INFO: generating the square matrix element for reweighting 
INFO: generate p p > H H   QED=2 QCD=2 NP=2   --no_warning=duplicate;define pert_QCD = -5 -4 -3 -2 -1 1 2 3 4 5 21;add process p p > H H    pert_QCD QED=2 QCD=3 NP=2    --no_warning=duplicate; 
INFO: RETRY with generate p p > H H   QED=2 QCD=2 NP=2  [virt=QCD] ; 
INFO: Done 8.954 
Do you want to edit a card (press enter to bypass editing)?
/------------------------------------------------------------\
|  [31m1[0m. param : [32mparam_card.dat[0m                                 |
|  [31m9[0m. plot  : [32mplot_card.dat[0m                                  |
\------------------------------------------------------------/
 you can also
   - enter the path to a valid card or banner.
   - use the 'set' command to modify a parameter directly.
     The set option works only for param_card and run_card.
     Type 'help set' for more information on this command.
   - call an external program (ASperGE/MadWidth/...).
     Type 'help' for the list of available command
 [[4m0[0m, done, 1, param, 9, plot, enter path]
>INFO: starts to compute weight for events with the following modification to the param_card: 
INFO: set param_card dim6 4 0.0 # orig: -1.246802
KEEP:set param_card dim6 5 0.0 # orig: -14.80999
KEEP:set param_card dim62f 19 0.0 # orig: 0.4606651
KEEP: 
INFO: Event nb 0 current time: 21h30 
INFO: Event nb 10  0.17s  
INFO: Event nb 20  0.28s  
INFO: Event nb 30  0.4s  
INFO: Event nb 40  0.51s  
INFO: Event nb 50  0.63s  
INFO: Event nb 60  0.74s  
INFO: Event nb 70  0.86s  
INFO: Event nb 80  1.6s  
INFO: Event nb 90  1.7s  
INFO: Event nb 100  1.8s  
INFO: Event nb 200  3s  
INFO: Event nb 300  4.1s  
INFO: Event nb 400  5.3s  
INFO: Event nb 500  6.4s  
INFO: Event nb 600  7.5s  
INFO: Event nb 700  8.6s  
INFO: Event nb 800  9.8s  
INFO: Event nb 900  10.9s  
INFO: Event nb 1000  12s  
INFO: Event nb 2000  23.5s  
INFO: Event nb 3000  34.8s  
INFO: Event nb 4000  46.1s  
INFO: Event nb 5000  57.5s  
INFO: Event nb 6000  1m 8s  
INFO: Event nb 7000  1m 20s  
INFO: Event nb 8000  1m 31s  
INFO: Event nb 9000  1m 43s  
INFO: Event nb 10000  1m 54s  
INFO: reducing number of print status. Next status update in 10000 events 
INFO: Event nb 20000  3m 47s  
INFO: All event done  (nb_event: 25000)  4m 43s  
INFO: Event /vols/cms/us322/events_4b/02_event_generation_4b/mg_processes/signal_supp_17/morphing_basis_vector_7/Events/run_01/unweighted_events.lhe have now the additional weight 
INFO: new cross-section is : 0.0158708 pb (indicative error: 0.00338527 pb) 
launch --rwgt_name=morphing_basis_vector_1
Do you want to edit a card (press enter to bypass editing)?
/------------------------------------------------------------\
|  [31m1[0m. param : [32mparam_card.dat[0m                                 |
|  [31m9[0m. plot  : [32mplot_card.dat[0m                                  |
\------------------------------------------------------------/
 you can also
   - enter the path to a valid card or banner.
   - use the 'set' command to modify a parameter directly.
     The set option works only for param_card and run_card.
     Type 'help set' for more information on this command.
   - call an external program (ASperGE/MadWidth/...).
     Type 'help' for the list of available command
 [[4m0[0m, done, 1, param, 9, plot, enter path]
>INFO: starts to compute weight for events with the following modification to the param_card: 
INFO: set param_card dim6 4 -4.270762 # orig: -1.246802
KEEP:set param_card dim6 5 -9.635791 # orig: -14.80999
KEEP:set param_card dim62f 19 -5.011696 # orig: 0.4606651
KEEP: 
INFO: Event nb 0 current time: 21h34 
INFO: Event nb 10  0.12s  
INFO: Event nb 20  0.24s  
INFO: Event nb 30  0.37s  
INFO: Event nb 40  0.49s  
INFO: Event nb 50  0.61s  
INFO: Event nb 60  0.73s  
INFO: Event nb 70  0.85s  
INFO: Event nb 80  0.97s  
INFO: Event nb 90  1.1s  
INFO: Event nb 100  1.2s  
INFO: Event nb 200  2.4s  
INFO: Event nb 300  3.6s  
INFO: Event nb 400  4.9s  
INFO: Event nb 500  6.1s  
INFO: Event nb 600  7.3s  
INFO: Event nb 700  8.5s  
INFO: Event nb 800  9.7s  
INFO: Event nb 900  10.9s  
INFO: Event nb 1000  12.1s  
INFO: Event nb 2000  24.3s  
INFO: Event nb 3000  36.5s  
INFO: Event nb 4000  48.6s  
INFO: Event nb 5000  1m 0s  
INFO: Event nb 6000  1m 12s  
INFO: Event nb 7000  1m 24s  
INFO: Event nb 8000  1m 37s  
INFO: Event nb 9000  1m 49s  
INFO: Event nb 10000  2m 1s  
INFO: reducing number of print status. Next status update in 10000 events 
INFO: Event nb 20000  4m 2s  
INFO: All event done  (nb_event: 25000)  5m 2s  
INFO: Event /vols/cms/us322/events_4b/02_event_generation_4b/mg_processes/signal_supp_17/morphing_basis_vector_7/Events/run_01/unweighted_events.lhe have now the additional weight 
INFO: new cross-section is : 0.0495041 pb (indicative error: 0.00184565 pb) 
launch --rwgt_name=morphing_basis_vector_2
Do you want to edit a card (press enter to bypass editing)?
/------------------------------------------------------------\
|  [31m1[0m. param : [32mparam_card.dat[0m                                 |
|  [31m9[0m. plot  : [32mplot_card.dat[0m                                  |
\------------------------------------------------------------/
 you can also
   - enter the path to a valid card or banner.
   - use the 'set' command to modify a parameter directly.
     The set option works only for param_card and run_card.
     Type 'help set' for more information on this command.
   - call an external program (ASperGE/MadWidth/...).
     Type 'help' for the list of available command
 [[4m0[0m, done, 1, param, 9, plot, enter path]
>INFO: starts to compute weight for events with the following modification to the param_card: 
INFO: set param_card dim6 4 -3.509851 # orig: -1.246802
KEEP:set param_card dim6 5 -14.88657 # orig: -14.80999
KEEP:set param_card dim62f 19 6.650933 # orig: 0.4606651
KEEP: 
INFO: Event nb 0 current time: 21h39 
INFO: Event nb 10  0.12s  
INFO: Event nb 20  0.24s  
INFO: Event nb 30  0.37s  
INFO: Event nb 40  0.48s  
INFO: Event nb 50  0.6s  
INFO: Event nb 60  0.72s  
INFO: Event nb 70  0.84s  
INFO: Event nb 80  0.96s  
INFO: Event nb 90  1.1s  
INFO: Event nb 100  1.2s  
INFO: Event nb 200  2.4s  
INFO: Event nb 300  3.6s  
INFO: Event nb 400  4.8s  
INFO: Event nb 500  6s  
INFO: Event nb 600  7.2s  
INFO: Event nb 700  8.4s  
INFO: Event nb 800  9.6s  
INFO: Event nb 900  10.8s  
INFO: Event nb 1000  12.1s  
INFO: Event nb 2000  24.2s  
INFO: Event nb 3000  36.2s  
INFO: Event nb 4000  48.2s  
INFO: Event nb 5000  1m 0s  
INFO: Event nb 6000  1m 12s  
INFO: Event nb 7000  1m 24s  
INFO: Event nb 8000  1m 36s  
INFO: Event nb 9000  1m 48s  
INFO: Event nb 10000  2m 1s  
INFO: reducing number of print status. Next status update in 10000 events 
INFO: Event nb 20000  4m 3s  
INFO: All event done  (nb_event: 25000)  5m 4s  
INFO: Event /vols/cms/us322/events_4b/02_event_generation_4b/mg_processes/signal_supp_17/morphing_basis_vector_7/Events/run_01/unweighted_events.lhe have now the additional weight 
INFO: new cross-section is : 0.0744536 pb (indicative error: 0.0115617 pb) 
launch --rwgt_name=morphing_basis_vector_3
Do you want to edit a card (press enter to bypass editing)?
/------------------------------------------------------------\
|  [31m1[0m. param : [32mparam_card.dat[0m                                 |
|  [31m9[0m. plot  : [32mplot_card.dat[0m                                  |
\------------------------------------------------------------/
 you can also
   - enter the path to a valid card or banner.
   - use the 'set' command to modify a parameter directly.
     The set option works only for param_card and run_card.
     Type 'help set' for more information on this command.
   - call an external program (ASperGE/MadWidth/...).
     Type 'help' for the list of available command
 [[4m0[0m, done, 1, param, 9, plot, enter path]
>INFO: starts to compute weight for events with the following modification to the param_card: 
INFO: set param_card dim6 4 -4.70413 # orig: -1.246802
KEEP:set param_card dim6 5 -2.237588 # orig: -14.80999
KEEP:set param_card dim62f 19 4.219889 # orig: 0.4606651
KEEP: 
INFO: Event nb 0 current time: 21h44 
INFO: Event nb 10  0.12s  
INFO: Event nb 20  0.24s  
INFO: Event nb 30  0.37s  
INFO: Event nb 40  0.49s  
INFO: Event nb 50  0.61s  
INFO: Event nb 60  0.74s  
INFO: Event nb 70  0.86s  
INFO: Event nb 80  0.98s  
INFO: Event nb 90  1.1s  
INFO: Event nb 100  1.2s  
INFO: Event nb 200  2.5s  
INFO: Event nb 300  3.7s  
INFO: Event nb 400  4.9s  
INFO: Event nb 500  6.1s  
INFO: Event nb 600  7.3s  
INFO: Event nb 700  8.6s  
INFO: Event nb 800  9.8s  
INFO: Event nb 900  11s  
INFO: Event nb 1000  12.2s  
INFO: Event nb 2000  24.5s  
INFO: Event nb 3000  36.7s  
INFO: Event nb 4000  48.9s  
INFO: Event nb 5000  1m 1s  
INFO: Event nb 6000  1m 13s  
INFO: Event nb 7000  1m 25s  
INFO: Event nb 8000  1m 37s  
INFO: Event nb 9000  1m 50s  
INFO: Event nb 10000  2m 2s  
INFO: reducing number of print status. Next status update in 10000 events 
INFO: Event nb 20000  4m 5s  
INFO: All event done  (nb_event: 25000)  5m 6s  
INFO: Event /vols/cms/us322/events_4b/02_event_generation_4b/mg_processes/signal_supp_17/morphing_basis_vector_7/Events/run_01/unweighted_events.lhe have now the additional weight 
INFO: new cross-section is : 0.0474174 pb (indicative error: 0.0186046 pb) 
launch --rwgt_name=morphing_basis_vector_4
Do you want to edit a card (press enter to bypass editing)?
/------------------------------------------------------------\
|  [31m1[0m. param : [32mparam_card.dat[0m                                 |
|  [31m9[0m. plot  : [32mplot_card.dat[0m                                  |
\------------------------------------------------------------/
 you can also
   - enter the path to a valid card or banner.
   - use the 'set' command to modify a parameter directly.
     The set option works only for param_card and run_card.
     Type 'help set' for more information on this command.
   - call an external program (ASperGE/MadWidth/...).
     Type 'help' for the list of available command
 [[4m0[0m, done, 1, param, 9, plot, enter path]
>INFO: starts to compute weight for events with the following modification to the param_card: 
INFO: set param_card dim6 4 0.1140347 # orig: -1.246802
KEEP:set param_card dim6 5 4.567852 # orig: -14.80999
KEEP:set param_card dim62f 19 5.437451 # orig: 0.4606651
KEEP: 
INFO: Event nb 0 current time: 21h49 
INFO: Event nb 10  0.12s  
INFO: Event nb 20  0.24s  
INFO: Event nb 30  0.37s  
INFO: Event nb 40  0.49s  
INFO: Event nb 50  0.61s  
INFO: Event nb 60  0.74s  
INFO: Event nb 70  0.86s  
INFO: Event nb 80  0.98s  
INFO: Event nb 90  1.1s  
INFO: Event nb 100  1.2s  
INFO: Event nb 200  2.4s  
INFO: Event nb 300  3.7s  
INFO: Event nb 400  4.9s  
INFO: Event nb 500  6.2s  
INFO: Event nb 600  7.4s  
INFO: Event nb 700  8.6s  
INFO: Event nb 800  9.8s  
INFO: Event nb 900  11s  
INFO: Event nb 1000  12.3s  
INFO: Event nb 2000  24.8s  
INFO: Event nb 3000  37s  
INFO: Event nb 4000  49.2s  
INFO: Event nb 5000  1m 1s  
INFO: Event nb 6000  1m 13s  
INFO: Event nb 7000  1m 25s  
INFO: Event nb 8000  1m 38s  
INFO: Event nb 9000  1m 50s  
INFO: Event nb 10000  2m 2s  
INFO: reducing number of print status. Next status update in 10000 events 
INFO: Event nb 20000  4m 4s  
INFO: All event done  (nb_event: 25000)  5m 5s  
INFO: Event /vols/cms/us322/events_4b/02_event_generation_4b/mg_processes/signal_supp_17/morphing_basis_vector_7/Events/run_01/unweighted_events.lhe have now the additional weight 
INFO: new cross-section is : 0.119254 pb (indicative error: 0.0215493 pb) 
launch --rwgt_name=morphing_basis_vector_5
Do you want to edit a card (press enter to bypass editing)?
/------------------------------------------------------------\
|  [31m1[0m. param : [32mparam_card.dat[0m                                 |
|  [31m9[0m. plot  : [32mplot_card.dat[0m                                  |
\------------------------------------------------------------/
 you can also
   - enter the path to a valid card or banner.
   - use the 'set' command to modify a parameter directly.
     The set option works only for param_card and run_card.
     Type 'help set' for more information on this command.
   - call an external program (ASperGE/MadWidth/...).
     Type 'help' for the list of available command
 [[4m0[0m, done, 1, param, 9, plot, enter path]
>INFO: starts to compute weight for events with the following modification to the param_card: 
INFO: set param_card dim6 4 2.704957 # orig: -1.246802
KEEP:set param_card dim6 5 -11.77089 # orig: -14.80999
KEEP:set param_card dim62f 19 -5.938309 # orig: 0.4606651
KEEP: 
INFO: Event nb 0 current time: 21h55 
INFO: Event nb 10  0.12s  
INFO: Event nb 20  0.24s  
INFO: Event nb 30  0.37s  
INFO: Event nb 40  0.49s  
INFO: Event nb 50  0.61s  
INFO: Event nb 60  0.74s  
INFO: Event nb 70  0.86s  
INFO: Event nb 80  0.98s  
INFO: Event nb 90  1.1s  
INFO: Event nb 100  1.2s  
INFO: Event nb 200  2.4s  
INFO: Event nb 300  3.7s  
INFO: Event nb 400  4.9s  
INFO: Event nb 500  6.1s  
INFO: Event nb 600  7.3s  
INFO: Event nb 700  8.6s  
INFO: Event nb 800  9.8s  
INFO: Event nb 900  11s  
INFO: Event nb 1000  12.2s  
INFO: Event nb 2000  24.5s  
INFO: Event nb 3000  36.7s  
INFO: Event nb 4000  48.9s  
INFO: Event nb 5000  1m 1s  
INFO: Event nb 6000  1m 13s  
INFO: Event nb 7000  1m 25s  
INFO: Event nb 8000  1m 37s  
INFO: Event nb 9000  1m 50s  
INFO: Event nb 10000  2m 2s  
INFO: reducing number of print status. Next status update in 10000 events 
INFO: Event nb 20000  4m 4s  
INFO: All event done  (nb_event: 25000)  5m 5s  
INFO: Event /vols/cms/us322/events_4b/02_event_generation_4b/mg_processes/signal_supp_17/morphing_basis_vector_7/Events/run_01/unweighted_events.lhe have now the additional weight 
INFO: new cross-section is : 0.183784 pb (indicative error: 0.01694 pb) 
launch --rwgt_name=morphing_basis_vector_6
Do you want to edit a card (press enter to bypass editing)?
/------------------------------------------------------------\
|  [31m1[0m. param : [32mparam_card.dat[0m                                 |
|  [31m9[0m. plot  : [32mplot_card.dat[0m                                  |
\------------------------------------------------------------/
 you can also
   - enter the path to a valid card or banner.
   - use the 'set' command to modify a parameter directly.
     The set option works only for param_card and run_card.
     Type 'help set' for more information on this command.
   - call an external program (ASperGE/MadWidth/...).
     Type 'help' for the list of available command
 [[4m0[0m, done, 1, param, 9, plot, enter path]
>INFO: starts to compute weight for events with the following modification to the param_card: 
INFO: set param_card dim6 4 4.585811 # orig: -1.246802
KEEP:set param_card dim6 5 6.747472 # orig: -14.80999
KEEP:set param_card dim62f 19 -2.432281 # orig: 0.4606651
KEEP: 
INFO: Event nb 0 current time: 22h00 
INFO: Event nb 10  0.62s  
INFO: Event nb 20  1.5s  
INFO: Event nb 30  2.4s  
INFO: Event nb 40  3.3s  
INFO: Event nb 50  4.1s  
INFO: Event nb 60  5.3s  
INFO: Event nb 70  5.9s  
INFO: Event nb 80  7s  
INFO: Event nb 90  8s  
INFO: Event nb 100  8.6s  
INFO: Event nb 200  10.6s  
INFO: Event nb 300  12.6s  
INFO: Event nb 400  14.4s  
INFO: Event nb 500  16.7s  
INFO: Event nb 600  18.8s  
INFO: Event nb 700  20.9s  
INFO: Event nb 800  22.8s  
INFO: Event nb 900  24.5s  
INFO: Event nb 1000  26.9s  
INFO: Event nb 2000  39.9s  
INFO: Event nb 3000  52.6s  
INFO: Event nb 4000  1m 5s  
INFO: Event nb 5000  1m 17s  
INFO: Event nb 6000  1m 30s  
INFO: Event nb 7000  1m 42s  
INFO: Event nb 8000  1m 55s  
INFO: Event nb 9000  2m 7s  
INFO: Event nb 10000  2m 19s  
INFO: reducing number of print status. Next status update in 10000 events 
INFO: Event nb 20000  4m 22s  
INFO: All event done  (nb_event: 25000)  5m 23s  
INFO: Event /vols/cms/us322/events_4b/02_event_generation_4b/mg_processes/signal_supp_17/morphing_basis_vector_7/Events/run_01/unweighted_events.lhe have now the additional weight 
INFO: new cross-section is : 0.0493798 pb (indicative error: 0.00471412 pb) 
launch --rwgt_name=morphing_basis_vector_8
Do you want to edit a card (press enter to bypass editing)?
/------------------------------------------------------------\
|  [31m1[0m. param : [32mparam_card.dat[0m                                 |
|  [31m9[0m. plot  : [32mplot_card.dat[0m                                  |
\------------------------------------------------------------/
 you can also
   - enter the path to a valid card or banner.
   - use the 'set' command to modify a parameter directly.
     The set option works only for param_card and run_card.
     Type 'help set' for more information on this command.
   - call an external program (ASperGE/MadWidth/...).
     Type 'help' for the list of available command
 [[4m0[0m, done, 1, param, 9, plot, enter path]
>INFO: starts to compute weight for events with the following modification to the param_card: 
INFO: set param_card dim6 4 -1.757994 # orig: -1.246802
KEEP:set param_card dim6 5 7.687006 # orig: -14.80999
KEEP:set param_card dim62f 19 -4.792287 # orig: 0.4606651
KEEP: 
INFO: Event nb 0 current time: 22h05 
INFO: Event nb 10  0.12s  
INFO: Event nb 20  0.24s  
INFO: Event nb 30  0.37s  
INFO: Event nb 40  0.49s  
INFO: Event nb 50  0.62s  
INFO: Event nb 60  0.74s  
INFO: Event nb 70  0.86s  
INFO: Event nb 80  0.98s  
INFO: Event nb 90  1.1s  
INFO: Event nb 100  1.2s  
INFO: Event nb 200  2.4s  
INFO: Event nb 300  3.7s  
INFO: Event nb 400  4.9s  
INFO: Event nb 500  6.1s  
INFO: Event nb 600  7.3s  
INFO: Event nb 700  8.6s  
INFO: Event nb 800  9.8s  
INFO: Event nb 900  11.7s  
INFO: Event nb 1000  12.9s  
INFO: Event nb 2000  25.2s  
INFO: Event nb 3000  37.4s  
INFO: Event nb 4000  49.6s  
INFO: Event nb 5000  1m 1s  
INFO: Event nb 6000  1m 13s  
INFO: Event nb 7000  1m 25s  
INFO: Event nb 8000  1m 38s  
INFO: Event nb 9000  1m 50s  
INFO: Event nb 10000  2m 2s  
INFO: reducing number of print status. Next status update in 10000 events 
INFO: Event nb 20000  4m 5s  
INFO: All event done  (nb_event: 25000)  5m 5s  
INFO: Event /vols/cms/us322/events_4b/02_event_generation_4b/mg_processes/signal_supp_17/morphing_basis_vector_7/Events/run_01/unweighted_events.lhe have now the additional weight 
INFO: new cross-section is : 0.095204 pb (indicative error: 0.00572742 pb) 
launch --rwgt_name=morphing_basis_vector_9
Do you want to edit a card (press enter to bypass editing)?
/------------------------------------------------------------\
|  [31m1[0m. param : [32mparam_card.dat[0m                                 |
|  [31m9[0m. plot  : [32mplot_card.dat[0m                                  |
\------------------------------------------------------------/
 you can also
   - enter the path to a valid card or banner.
   - use the 'set' command to modify a parameter directly.
     The set option works only for param_card and run_card.
     Type 'help set' for more information on this command.
   - call an external program (ASperGE/MadWidth/...).
     Type 'help' for the list of available command
 [[4m0[0m, done, 1, param, 9, plot, enter path]
>INFO: starts to compute weight for events with the following modification to the param_card: 
INFO: set param_card dim6 4 3.774042 # orig: -1.246802
KEEP:set param_card dim6 5 0.6799669 # orig: -14.80999
KEEP:set param_card dim62f 19 4.975328 # orig: 0.4606651
KEEP: 
INFO: Event nb 0 current time: 22h10 
INFO: Event nb 10  0.12s  
INFO: Event nb 20  0.24s  
INFO: Event nb 30  0.77s  
INFO: Event nb 40  0.89s  
INFO: Event nb 50  1s  
INFO: Event nb 60  1.1s  
INFO: Event nb 70  1.3s  
INFO: Event nb 80  1.4s  
INFO: Event nb 90  1.5s  
INFO: Event nb 100  1.6s  
INFO: Event nb 200  2.8s  
INFO: Event nb 300  4s  
INFO: Event nb 400  5.3s  
INFO: Event nb 500  6.5s  
INFO: Event nb 600  7.6s  
INFO: Event nb 700  9.1s  
INFO: Event nb 800  10.3s  
INFO: Event nb 900  11.5s  
INFO: Event nb 1000  12.7s  
INFO: Event nb 2000  24.5s  
INFO: Event nb 3000  36.6s  
INFO: Event nb 4000  48.5s  
INFO: Event nb 5000  1m 0s  
INFO: Event nb 6000  1m 12s  
INFO: Event nb 7000  1m 24s  
INFO: Event nb 8000  1m 36s  
INFO: Event nb 9000  1m 48s  
INFO: Event nb 10000  2m 0s  
INFO: reducing number of print status. Next status update in 10000 events 
INFO: Event nb 20000  4m 1s  
INFO: All event done  (nb_event: 25000)  5m 3s  
INFO: Event /vols/cms/us322/events_4b/02_event_generation_4b/mg_processes/signal_supp_17/morphing_basis_vector_7/Events/run_01/unweighted_events.lhe have now the additional weight 
INFO: new cross-section is : 0.028625 pb (indicative error: 0.00810638 pb) 
INFO: Original cross-section: 0.12751 +- 0.00013814 pb (cross-section from sum of weights: 0.12750999999994117) 
INFO: Computed cross-section: 
INFO: morphing_basis_vector_1 : 0.049504077137149285 +- 0.0018456496598630023 pb 
INFO: morphing_basis_vector_2 : 0.07445360234550992 +- 0.011561706083588195 pb 
INFO: morphing_basis_vector_3 : 0.04741743568529339 +- 0.018604589706852248 pb 
INFO: morphing_basis_vector_4 : 0.1192543562969561 +- 0.021549286755433557 pb 
INFO: morphing_basis_vector_5 : 0.18378412763443444 +- 0.016939960975187157 pb 
INFO: morphing_basis_vector_6 : 0.049379761309178836 +- 0.004714116959825149 pb 
INFO: morphing_basis_vector_8 : 0.09520399956680776 +- 0.005727415760103889 pb 
INFO: morphing_basis_vector_9 : 0.02862504333769903 +- 0.008106376083613757 pb 
INFO: sm : 0.015870794397140925 +- 0.0033852746800417484 pb 
INFO: quit rwgt 
decay_events -from_cards
INFO: Running MadSpin 
INFO: This functionality allows for the decay of resonances 
INFO: in a .lhe file, keeping track of the spin correlation effets. 
INFO: BE AWARE OF THE CURRENT LIMITATIONS: 
INFO:   (1) Only a succession of 2 body decay are currently allowed 
************************************************************
*                                                          *
*           W E L C O M E  to  M A D S P I N               *
*                                                          *
************************************************************
INFO: Extracting the banner ... 
INFO: process: p p > H H QED=2 QCD=2  
INFO: options: NP=2  
INFO: detected model: SMEFTatNLO-LO. Loading... 
lhapdf-config does not seem to correspond to a valid lhapdf-config executable. 
Please set the 'lhapdf' variable to the (absolute) /PATH/TO/lhapdf-config (including lhapdf-config).
Note that you can still compile and run aMC@NLO with the built-in PDFs
 MG5_aMC> set lhapdf /PATH/TO/lhapdf-config

Set group_subprocesses to Auto
Note that you need to regenerate all processes
import model heft --bypass_check
[1;34mWARNING: No param_card defined for the new model. We will use the default one but this might completely wrong. [0m
INFO: detected model: heft. Loading... 
INFO: reload from .py file 
INFO: load particles 
INFO: load vertices 
INFO: Restrict model heft with file ../../../../srv/localstage/condor/dir_2939386/mg5amcnlo/models/heft/restrict_default.dat . 
INFO: Run "set stdout_level DEBUG" before import for more information. 
[1;34mPass the definition of 'j' and 'p' to 4 flavour scheme.[0m
Kept definitions of multiparticles l+ / l- / vl / vl~ unchanged
Removed obsolete multiparticles all
Defined multiparticle all = g u c d s u~ c~ d~ s~ a ve vm vt e- m- ve~ vm~ vt~ e+ m+ t b t~ b~ z w+ h h1 w- tt- tt+
set spinmode None          # Use one of the madspin special mode
set max_weight_ps_point 400  # number of PS to estimate the maximum for each event
decay h > b b~
decay h > b b~
launch
INFO: Will use seed 808523234 
INFO: generate 25000 decay event for particle h 
INFO: Will use seed 64224426 
stty: 'standard input': Inappropriate ioctl for device
  0%|          | 0/691 [00:00<?, ?it/s]100%|██████████| 691/691 [00:00<00:00, 92869.27it/s]stty: 'standard input': Inappropriate ioctl for device

  0%|          | 0/691 [00:00<?, ?it/s]100%|██████████| 691/691 [00:00<00:00, 100574.80it/s]decaying event number 100 [0.07316112518310547 s]
decaying event number 200 [0.14444875717163086 s]
decaying event number 300 [0.21666526794433594 s]
decaying event number 400 [0.2882726192474365 s]
decaying event number 500 [0.36002111434936523 s]
decaying event number 600 [0.43115925788879395 s]
decaying event number 700 [0.5026419162750244 s]
decaying event number 800 [0.5743441581726074 s]
decaying event number 900 [0.6465961933135986 s]
decaying event number 1000 [0.7178099155426025 s]
decaying event number 2000 [1.4438433647155762 s]
decaying event number 3000 [2.162121534347534 s]
decaying event number 4000 [2.887547731399536 s]
decaying event number 5000 [3.610196352005005 s]
decaying event number 6000 [4.329580068588257 s]
decaying event number 7000 [5.043967962265015 s]
decaying event number 8000 [5.7649781703948975 s]
decaying event number 9000 [6.488348007202148 s]
decaying event number 10000 [7.205265998840332 s]
decaying event number 20000 [14.446627855300903 s]
INFO: The decayed event file has been moved to the following location:  
INFO: /vols/cms/us322/events_4b/02_event_generation_4b/mg_processes/signal_supp_17/morphing_basis_vector_7/Events/run_01_decayed_1/unweighted_events.lhe.gz 
INFO: MadSpin Done 
INFO: [92mRunning Pythia8 [arXiv:1410.3012][0m 
Splitting .lhe event file for PY8 parallelization...
Submitting Pythia8 jobs...
Pythia8 shower jobs: 1 Idle, 11 Running, 0 Done [13 seconds]
Pythia8 shower jobs: 0 Idle, 11 Running, 1 Done [4m58s]
Pythia8 shower jobs: 0 Idle, 10 Running, 2 Done [5m01s]
Pythia8 shower jobs: 0 Idle, 9 Running, 3 Done [5m03s]
Pythia8 shower jobs: 0 Idle, 8 Running, 4 Done [5m05s]
Pythia8 shower jobs: 0 Idle, 7 Running, 5 Done [5m05s]
Pythia8 shower jobs: 0 Idle, 6 Running, 6 Done [5m06s]
Pythia8 shower jobs: 0 Idle, 5 Running, 7 Done [5m07s]
Pythia8 shower jobs: 0 Idle, 4 Running, 8 Done [5m08s]
Pythia8 shower jobs: 0 Idle, 3 Running, 9 Done [5m09s]
Pythia8 shower jobs: 0 Idle, 2 Running, 10 Done [5m09s]
Pythia8 shower jobs: 0 Idle, 0 Running, 12 Done [5m10s]
Merging results from the split PY8 runs...
INFO: Pythia8 shower finished after 6m07s. 
  === Results Summary for run: run_01_decayed_1 tag: tag_1 ===

     Cross-section :   0.116 +- 0.0001257 pb
     Nb of events :  25000
 
INFO: storing files of previous run 
INFO: Storing Pythia8 files of previous run 
INFO: Done 
quit
INFO:  
order=LO
[1;34mCommand "order=LO" not recognized, please try again[0m
shower=Pythia8
[1;34mCommand "shower=Pythia8" not recognized, please try again[0m
detector=OFF
[1;34mCommand "detector=OFF" not recognized, please try again[0m
analysis=OFF
[1;34mCommand "analysis=OFF" not recognized, please try again[0m
madspin=ON
[1;34mCommand "madspin=ON" not recognized, please try again[0m
reweight=ON
[1;34mCommand "reweight=ON" not recognized, please try again[0m
done
[1;34mCommand "done" not recognized, please try again[0m
quit

 mdl_vev0 =    246.22056907348588     
 mdl_vev0__exp__2 =    60624.568634871226     
 mdl_dlam =   0.45759933651977336     
 mdl_ee0 =   0.31345063981313520     
 mdl_cw =   0.87538656571726847     
 mdl_muH =    68.165123028343629     
 mdl_sw =   0.48342358295983689     
 mdl_g1 =   0.35807111062562641     
 mdl_gw =   0.64839749416853931     
 mdl_lam =    6.9897490058211470E-002
 mdl_vev =    246.22056907348588     
 mdl_ee =   0.31345063981313520     
 mdl_ee__exp__2 =    9.8251303599263817E-002
 mdl_aEW =    7.8185903165226816E-003
 aEWM1 =    127.90029398096792     
 mdl_ee0__exp__2 =    9.8251303599263817E-002
 mdl_ee0__exp__3 =    3.0796933975663836E-002
 mdl_vev0__exp__3 =    14927015.789112596     
  Internal Params evaluated point by point
  ----------------------------------------
  
 mdl_sqrt__aS =   0.34496376621320685     
 mdl_G__exp__2 =    1.4953981031087418     
 mdl_G__exp__3 =    1.8286695702272273     
 mdl_G__exp__4 =    2.2362154867812229     
 mdl_MU_R__exp__2 =    8315.2513440000002     
  Couplings of SMEFTatNLO-LO
  ---------------------------------
  
        GC_11 =   0.00000E+00   0.12229E+01
 R2GC_1297_467 =  0.00000E+00   0.98798E-02
 R2GC_1298_468 =  0.00000E+00   0.17412E+00
 R2GC_618_1801 = -0.00000E+00  -0.92422E-02
 R2GC_631_1814 = -0.00000E+00  -0.22756E+01
      GC_1822 =   0.00000E+00   0.25987E-02
      GC_1842 =   0.00000E+00   0.53452E-01
       GC_322 =  -0.00000E+00  -0.19038E+03
       GC_420 =   0.00000E+00   0.60899E+02
       GC_422 =   0.00000E+00   0.37170E-02
       GC_431 =   0.00000E+00  -0.43558E+02
       GC_546 =  -0.00000E+00  -0.69856E+00
