************************************************************
*                                                          *
*                     W E L C O M E to                     *
*              M A D G R A P H 5 _ a M C @ N L O           *
*                                                          *
*                                                          *
*                 *                       *                *
*                   *        * *        *                  *
*                     * * * * 5 * * * *                    *
*                   *        * *        *                  *
*                 *                       *                *
*                                                          *
*         VERSION 3.5.1                 2023-07-11         *
*                                                          *
*    The MadGraph5_aMC@NLO Development Team - Find us at   *
*              http://madgraph.phys.ucl.ac.be/             *
*                            and                           *
*            http://amcatnlo.web.cern.ch/amcatnlo/         *
*                                                          *
*               Type 'help' for in-line help.              *
*           Type 'tutorial' to learn how MG5 works         *
*    Type 'tutorial aMCatNLO' to learn how aMC@NLO works   *
*    Type 'tutorial MadLoop' to learn how MadLoop works    *
*                                                          *
************************************************************
load MG5 configuration from ../../../../srv/localstage/condor/dir_2847302/mg5amcnlo/input/mg5_configuration.txt 
fastjet-config does not seem to correspond to a valid fastjet-config executable (v3+). We will use fjcore instead.
 Please set the 'fastjet'variable to the full (absolute) /PATH/TO/fastjet-config (including fastjet-config).
 MG5_aMC> set fastjet /PATH/TO/fastjet-config

eMELA-config does not seem to correspond to a valid eMELA-config executable.
 Please set the 'fastjet'variable to the full (absolute) /PATH/TO/eMELA-config (including eMELA-config).
 MG5_aMC> set eMELA /PATH/TO/eMELA-config

lhapdf-config does not seem to correspond to a valid lhapdf-config executable. 
Please set the 'lhapdf' variable to the (absolute) /PATH/TO/lhapdf-config (including lhapdf-config).
Note that you can still compile and run aMC@NLO with the built-in PDFs
 MG5_aMC> set lhapdf /PATH/TO/lhapdf-config

None does not seem to correspond to a valid lhapdf-config executable. 
Please set the 'lhapdf' variable to the (absolute) /PATH/TO/lhapdf-config (including lhapdf-config).
Note that you can still compile and run aMC@NLO with the built-in PDFs
 MG5_aMC> set lhapdf /PATH/TO/lhapdf-config

Using default text editor "vi". Set another one in ./input/mg5_configuration.txt
Using default eps viewer "evince". Set another one in ./input/mg5_configuration.txt
Using default web browser "firefox". Set another one in ./input/mg5_configuration.txt
import /vols/cms/us322/events_4b/02_event_generation_4b_SPARE/mg_processes/signal_supp_3/morphing_basis_vector_8/madminer/cards/mg_commands_0.dat
The import format was not given, so we guess it as command
launch /vols/cms/us322/events_4b/02_event_generation_4b_SPARE/mg_processes/signal_supp_3/morphing_basis_vector_8
************************************************************
*                                                          *
*                      W E L C O M E to                    *
*             M A D G R A P H 5 _ a M C @ N L O            *
*                      M A D E V E N T                     *
*                                                          *
*                 *                       *                *
*                   *        * *        *                  *
*                     * * * * 5 * * * *                    *
*                   *        * *        *                  *
*                 *                       *                *
*                                                          *
*         VERSION 3.5.1                 2023-07-11         *
*                                                          *
*    The MadGraph5_aMC@NLO Development Team - Find us at   *
*    https://server06.fynu.ucl.ac.be/projects/madgraph     *
*                                                          *
*               Type 'help' for in-line help.              *
*                                                          *
************************************************************
INFO: load configuration from /vols/cms/us322/events_4b/02_event_generation_4b_SPARE/mg_processes/signal_supp_3/morphing_basis_vector_8/Cards/me5_configuration.txt  
INFO: load configuration from /srv/localstage/condor/dir_2847302/mg5amcnlo/input/mg5_configuration.txt  
INFO: load configuration from /vols/cms/us322/events_4b/02_event_generation_4b_SPARE/mg_processes/signal_supp_3/morphing_basis_vector_8/Cards/me5_configuration.txt  
Using default text editor "vi". Set another one in ./input/mg5_configuration.txt
generate_events run_01
stty: 'standard input': Inappropriate ioctl for device
The following switches determine which programs are run:
/===========================================================================\
| 1. Choose the shower/hadronization program   [1m  shower[0m = [32mPythia8[0m           |
| 2. Choose the detector simulation program    [1mdetector[0m = [01mNot Avail.[0m        |
| 3. Choose an analysis package (plot/convert) [1manalysis[0m = [01mNot Avail.[0m        |
| 4. Decay onshell particles                   [1m madspin[0m = [32mON[0m                |
| 5. Add weights to events for new hypp.       [1mreweight[0m = [32mON[0m                |
\===========================================================================/
Either type the switch number (1 to 5) to change its setting,
Set any switch explicitly (e.g. type 'shower=OFF' at the prompt)
Type 'help' for the list of all valid option
Type '0', 'auto', 'done' or just press enter when you are done.
[1;34mfound line : order=LO[0m
[1;34mThis answer is not valid for current question. Keep it for next question and use here default: 0[0m
Do you want to edit a card (press enter to bypass editing)?
/------------------------------------------------------------\
|  [31m1[0m. param         : [32mparam_card.dat[0m                         |
|  [31m2[0m. run           : [32mrun_card.dat[0m                           |
|  [31m3[0m. pythia8       : [32mpythia8_card.dat[0m                       |
|  [31m4[0m. madspin       : [32mmadspin_card.dat[0m                       |
|  [31m5[0m. reweight      : [32mreweight_card.dat[0m                      |
|  [31m6[0m. MadLoopParams : [32mMadLoopParams.dat[0m                      |
\------------------------------------------------------------/
 you can also
   - enter the path to a valid card or banner.
   - use the 'set' command to modify a parameter directly.
     The set option works only for param_card and run_card.
     Type 'help set' for more information on this command.
   - call an external program (ASperGE/MadWidth/...).
     Type 'help' for the list of available command
 [[4m0[0m, done, 1, param, 2, run, 3, pythia8, 4, enter path, ... ]
[1;34mfound line : order=LO[0m
[1;34mThis answer is not valid for current question. Keep it for next question and use here default: 0[0m
INFO: Update the dependent parameter of the param_card.dat 
[1;34mWARNING: update the strong coupling value (alpha_s) to the value from the pdf selected: 0.119 [0m
[1;34mWARNING: Unknow type of information in the card: dim64f4l,dim64f,dim64f2l [0m
Generating 25000 events with run name run_01
survey  run_01 
INFO: compile directory 
Error: no DISPLAY environment variable specified
initMadLoop -r -f
Initializing MadLoop loop-induced matrix elements (this can take some time)...
MadLoop initialization finished.
compile Source Directory
Using random number seed offset = 2752
INFO: Running Survey 
Creating Jobs
Working on SubProcesses
INFO:     P0_gg_hh  
INFO:  Idle: 1,  Running: 3,  Completed: 0 [ current time: 22h16 ] 
INFO:  Idle: 0,  Running: 3,  Completed: 1 [  13.6s  ] 
INFO: P0_gg_hh/G1 is at 0.0915 +- 0.00262 pb. Now submitting iteration #2. 
INFO:  Idle: 0,  Running: 3,  Completed: 6 [  35.7s  ] 
INFO: P0_gg_hh/G1 is at 0.09325 +- 0.000679 pb. Now submitting iteration #3. 
INFO:  Idle: 0,  Running: 3,  Completed: 11 [  1m 18s  ] 
INFO: Survey finished for P0_gg_hh/G1 at 0.09562 +- 0.000857 pb 
INFO:  Idle: 0,  Running: 0,  Completed: 15 [  1m 18s  ] 
INFO: End survey 
refine 25000
Creating Jobs
INFO: Refine results to 25000 
INFO: Generating 25000.0 unweighted events. 
sum of cpu time of last step: 0 second
INFO: Effective Luminosity 300668.2912034471 pb^-1 
INFO: need to improve 1 channels 
- Current estimate of cross-section: 0.095617 +- 0.00085692
INFO:  Idle: 0,  Running: 16,  Completed: 0 [ current time: 22h18 ] 
INFO:  Idle: 0,  Running: 15,  Completed: 1 [  55.9s  ] 
INFO: P0_gg_hh/G1 is at 2459/28524 (8.6%) event. Resubmit 40 job at iteration 1. 
INFO:  Idle: 23,  Running: 16,  Completed: 18 [  1m 53s  ] 
INFO:  Idle: 8,  Running: 16,  Completed: 33 [  1m 57s  ] 
INFO:  Idle: 7,  Running: 16,  Completed: 34 [  2m 49s  ] 
INFO:  Idle: 0,  Running: 13,  Completed: 44 [  2m 53s  ] 
INFO:  Idle: 0,  Running: 7,  Completed: 50 [  3m 19s  ] 
INFO: P0_gg_hh/G1 is at 3322/28610 (12%) event. Resubmit 100 job at iteration 2. 
INFO:  Idle: 83,  Running: 16,  Completed: 59 [  4m 16s  ] 
INFO:  Idle: 68,  Running: 16,  Completed: 74 [  4m 20s  ] 
INFO:  Idle: 67,  Running: 16,  Completed: 75 [  5m 12s  ] 
INFO:  Idle: 53,  Running: 16,  Completed: 89 [  5m 17s  ] 
INFO:  Idle: 51,  Running: 16,  Completed: 91 [  6m 8s  ] 
INFO:  Idle: 38,  Running: 16,  Completed: 104 [  6m 11s  ] 
INFO:  Idle: 35,  Running: 16,  Completed: 107 [  7m 4s  ] 
INFO:  Idle: 23,  Running: 16,  Completed: 119 [  7m 7s  ] 
INFO:  Idle: 19,  Running: 16,  Completed: 123 [  8m 1s  ] 
INFO:  Idle: 9,  Running: 16,  Completed: 133 [  8m 4s  ] 
INFO:  Idle: 5,  Running: 16,  Completed: 137 [  8m 10s  ] 
INFO:  Idle: 3,  Running: 16,  Completed: 139 [  8m 57s  ] 
INFO:  Idle: 0,  Running: 13,  Completed: 145 [  9m 0s  ] 
INFO:  Idle: 0,  Running: 5,  Completed: 153 [  9m 3s  ] 
INFO:  Idle: 0,  Running: 3,  Completed: 155 [  9m 15s  ] 
INFO: P0_gg_hh/G1 is at 9229/28589 ('32%') event. Resubmit 150 job at iteration 3. 
INFO:  Idle: 133,  Running: 16,  Completed: 160 [  10m 13s  ] 
INFO:  Idle: 121,  Running: 16,  Completed: 172 [  10m 17s  ] 
INFO:  Idle: 118,  Running: 16,  Completed: 175 [  10m 22s  ] 
INFO:  Idle: 117,  Running: 16,  Completed: 176 [  11m 9s  ] 
INFO:  Idle: 105,  Running: 16,  Completed: 188 [  11m 14s  ] 
INFO:  Idle: 103,  Running: 16,  Completed: 190 [  11m 18s  ] 
INFO:  Idle: 101,  Running: 16,  Completed: 192 [  12m 5s  ] 
INFO:  Idle: 91,  Running: 16,  Completed: 202 [  12m 10s  ] 
INFO:  Idle: 87,  Running: 16,  Completed: 206 [  12m 15s  ] 
INFO:  Idle: 85,  Running: 16,  Completed: 208 [  13m 1s  ] 
INFO:  Idle: 76,  Running: 16,  Completed: 217 [  13m 7s  ] 
INFO:  Idle: 71,  Running: 16,  Completed: 222 [  13m 11s  ] 
INFO:  Idle: 69,  Running: 16,  Completed: 224 [  13m 58s  ] 
INFO:  Idle: 60,  Running: 16,  Completed: 233 [  14m 3s  ] 
INFO:  Idle: 57,  Running: 16,  Completed: 236 [  14m 8s  ] 
INFO:  Idle: 53,  Running: 16,  Completed: 240 [  14m 54s  ] 
INFO:  Idle: 47,  Running: 16,  Completed: 246 [  14m 57s  ] 
INFO:  Idle: 44,  Running: 16,  Completed: 249 [  15m 0s  ] 
INFO:  Idle: 41,  Running: 16,  Completed: 252 [  15m 4s  ] 
INFO:  Idle: 37,  Running: 16,  Completed: 256 [  15m 51s  ] 
INFO:  Idle: 32,  Running: 16,  Completed: 261 [  15m 54s  ] 
INFO:  Idle: 28,  Running: 16,  Completed: 265 [  15m 57s  ] 
INFO:  Idle: 25,  Running: 16,  Completed: 268 [  16m 0s  ] 
INFO:  Idle: 21,  Running: 16,  Completed: 272 [  16m 47s  ] 
INFO:  Idle: 16,  Running: 16,  Completed: 277 [  16m 50s  ] 
INFO:  Idle: 12,  Running: 16,  Completed: 281 [  16m 55s  ] 
INFO:  Idle: 7,  Running: 16,  Completed: 286 [  16m 58s  ] 
INFO:  Idle: 5,  Running: 16,  Completed: 288 [  17m 43s  ] 
INFO:  Idle: 0,  Running: 16,  Completed: 293 [  17m 47s  ] 
INFO:  Idle: 0,  Running: 12,  Completed: 297 [  17m 51s  ] 
INFO:  Idle: 0,  Running: 6,  Completed: 303 [  17m 55s  ] 
INFO:  Idle: 0,  Running: 5,  Completed: 304 [  18m 10s  ] 
INFO: P0_gg_hh/G1 is at 18130/28603 ('63%') event. Resubmit 177 job at iteration 4. 
INFO:  Idle: 160,  Running: 16,  Completed: 311 [  19m 8s  ] 
INFO:  Idle: 148,  Running: 16,  Completed: 323 [  19m 12s  ] 
INFO:  Idle: 144,  Running: 16,  Completed: 327 [  20m 4s  ] 
INFO:  Idle: 134,  Running: 16,  Completed: 337 [  20m 8s  ] 
INFO:  Idle: 129,  Running: 16,  Completed: 342 [  20m 13s  ] 
INFO:  Idle: 128,  Running: 16,  Completed: 343 [  21m 0s  ] 
INFO:  Idle: 119,  Running: 16,  Completed: 352 [  21m 4s  ] 
INFO:  Idle: 114,  Running: 16,  Completed: 357 [  21m 10s  ] 
INFO:  Idle: 112,  Running: 16,  Completed: 359 [  21m 56s  ] 
INFO:  Idle: 103,  Running: 16,  Completed: 368 [  21m 59s  ] 
INFO:  Idle: 98,  Running: 16,  Completed: 373 [  22m 6s  ] 
INFO:  Idle: 96,  Running: 16,  Completed: 375 [  22m 52s  ] 
INFO:  Idle: 88,  Running: 16,  Completed: 383 [  22m 56s  ] 
INFO:  Idle: 82,  Running: 16,  Completed: 389 [  23m 2s  ] 
INFO:  Idle: 80,  Running: 16,  Completed: 391 [  23m 48s  ] 
INFO:  Idle: 73,  Running: 16,  Completed: 398 [  23m 51s  ] 
INFO:  Idle: 66,  Running: 16,  Completed: 405 [  23m 58s  ] 
INFO:  Idle: 65,  Running: 16,  Completed: 406 [  24m 3s  ] 
INFO:  Idle: 64,  Running: 16,  Completed: 407 [  24m 43s  ] 
INFO:  Idle: 58,  Running: 16,  Completed: 413 [  24m 47s  ] 
INFO:  Idle: 52,  Running: 16,  Completed: 419 [  24m 50s  ] 
INFO:  Idle: 50,  Running: 16,  Completed: 421 [  24m 54s  ] 
INFO:  Idle: 49,  Running: 16,  Completed: 422 [  24m 59s  ] 
INFO:  Idle: 48,  Running: 16,  Completed: 423 [  25m 39s  ] 
INFO:  Idle: 42,  Running: 16,  Completed: 429 [  25m 44s  ] 
INFO:  Idle: 37,  Running: 16,  Completed: 434 [  25m 47s  ] 
INFO:  Idle: 34,  Running: 16,  Completed: 437 [  25m 50s  ] 
INFO:  Idle: 33,  Running: 16,  Completed: 438 [  25m 55s  ] 
INFO:  Idle: 32,  Running: 16,  Completed: 439 [  26m 35s  ] 
INFO:  Idle: 27,  Running: 16,  Completed: 444 [  26m 39s  ] 
INFO:  Idle: 21,  Running: 16,  Completed: 450 [  26m 43s  ] 
INFO:  Idle: 18,  Running: 16,  Completed: 453 [  26m 46s  ] 
INFO:  Idle: 17,  Running: 16,  Completed: 454 [  26m 51s  ] 
INFO:  Idle: 16,  Running: 16,  Completed: 455 [  27m 32s  ] 
INFO:  Idle: 10,  Running: 16,  Completed: 461 [  27m 36s  ] 
INFO:  Idle: 7,  Running: 16,  Completed: 464 [  27m 39s  ] 
INFO:  Idle: 2,  Running: 16,  Completed: 469 [  27m 43s  ] 
INFO:  Idle: 1,  Running: 16,  Completed: 470 [  27m 47s  ] 
INFO:  Idle: 0,  Running: 16,  Completed: 471 [  28m 29s  ] 
INFO:  Idle: 0,  Running: 7,  Completed: 480 [  28m 33s  ] 
INFO:  Idle: 1,  Running: 0,  Completed: 487 [  28m 37s  ] 
INFO: P0_gg_hh/G1 is at 27019/28598 ('94%') event. Resubmit 29 job at iteration 5. 
INFO:  Idle: 12,  Running: 16,  Completed: 489 [  29m 33s  ] 
INFO:  Idle: 0,  Running: 12,  Completed: 505 [  30m 18s  ] 
INFO: P0_gg_hh/G1 is at 26378/28602 ('92%') event. Resubmit 43 job at iteration 6. 
INFO:  Idle: 26,  Running: 16,  Completed: 519 [  31m 15s  ] 
INFO:  Idle: 12,  Running: 16,  Completed: 533 [  31m 19s  ] 
INFO:  Idle: 10,  Running: 16,  Completed: 535 [  32m 11s  ] 
INFO:  Idle: 0,  Running: 13,  Completed: 548 [  32m 14s  ] 
INFO:  Idle: 0,  Running: 10,  Completed: 551 [  32m 50s  ] 
INFO: found enough event for P0_gg_hh/G1 
INFO:  Idle: 0,  Running: 0,  Completed: 562 [  32m 50s  ] 
INFO: Combining runs 
sum of cpu time of last step: 0 second
INFO: finish refine 
refine 25000 --treshold=0.9
No need for second refine due to stability of cross-section
INFO: Combining Events 
 
 
 
  === Results Summary for run: run_01 tag: tag_1 ===

     Cumulative sequential time for this run: 33m43s
     Cross-section :   0.0951 +- 5.39e-05 pb
     Nb of events :  25000
 
store_events
INFO: Storing parton level results 
INFO: End Parton 
reweight -from_cards
INFO: Extracting the banner ... 
INFO: process: p p > H H QED=2 QCD=2  
INFO: options: NP=2  
INFO: Running Reweighting 
change output default
change helicity False
launch --rwgt_name=sm
INFO: detected model: SMEFTatNLO-LO. Loading... 
INFO: generating the square matrix element for reweighting 
INFO: generate p p > H H   QED=2 QCD=2 NP=2   --no_warning=duplicate;define pert_QCD = -5 -4 -3 -2 -1 1 2 3 4 5 21;add process p p > H H    pert_QCD QED=2 QCD=3 NP=2    --no_warning=duplicate; 
INFO: RETRY with generate p p > H H   QED=2 QCD=2 NP=2  [virt=QCD] ; 
INFO: Done 6.304 
Do you want to edit a card (press enter to bypass editing)?
/------------------------------------------------------------\
|  [31m1[0m. param : [32mparam_card.dat[0m                                 |
|  [31m9[0m. plot  : [32mplot_card.dat[0m                                  |
\------------------------------------------------------------/
 you can also
   - enter the path to a valid card or banner.
   - use the 'set' command to modify a parameter directly.
     The set option works only for param_card and run_card.
     Type 'help set' for more information on this command.
   - call an external program (ASperGE/MadWidth/...).
     Type 'help' for the list of available command
 [[4m0[0m, done, 1, param, 9, plot, enter path]
>INFO: starts to compute weight for events with the following modification to the param_card: 
INFO: set param_card dim6 4 0.0 # orig: -1.757994
KEEP:set param_card dim6 5 0.0 # orig: 7.687006
KEEP:set param_card dim62f 19 0.0 # orig: -4.792287
KEEP: 
INFO: Event nb 0 current time: 22h52 
INFO: Event nb 10  0.21s  
INFO: Event nb 20  0.29s  
INFO: Event nb 30  0.37s  
INFO: Event nb 40  0.45s  
INFO: Event nb 50  0.53s  
INFO: Event nb 60  0.61s  
INFO: Event nb 70  0.7s  
INFO: Event nb 80  0.78s  
INFO: Event nb 90  0.86s  
INFO: Event nb 100  0.94s  
INFO: Event nb 200  1.7s  
INFO: Event nb 300  2.6s  
INFO: Event nb 400  3.4s  
INFO: Event nb 500  4.2s  
INFO: Event nb 600  5s  
INFO: Event nb 700  5.8s  
INFO: Event nb 800  6.6s  
INFO: Event nb 900  7.4s  
INFO: Event nb 1000  8.2s  
INFO: Event nb 2000  16.3s  
INFO: Event nb 3000  24.4s  
INFO: Event nb 4000  32.5s  
INFO: Event nb 5000  40.6s  
INFO: Event nb 6000  48.6s  
INFO: Event nb 7000  56.7s  
INFO: Event nb 8000  1m 4s  
INFO: Event nb 9000  1m 12s  
INFO: Event nb 10000  1m 20s  
INFO: reducing number of print status. Next status update in 10000 events 
INFO: Event nb 20000  2m 41s  
INFO: All event done  (nb_event: 25000)  3m 22s  
INFO: Event /vols/cms/us322/events_4b/02_event_generation_4b_SPARE/mg_processes/signal_supp_3/morphing_basis_vector_8/Events/run_01/unweighted_events.lhe have now the additional weight 
INFO: new cross-section is : 0.0157643 pb (indicative error: 0.00137957 pb) 
launch --rwgt_name=morphing_basis_vector_1
Do you want to edit a card (press enter to bypass editing)?
/------------------------------------------------------------\
|  [31m1[0m. param : [32mparam_card.dat[0m                                 |
|  [31m9[0m. plot  : [32mplot_card.dat[0m                                  |
\------------------------------------------------------------/
 you can also
   - enter the path to a valid card or banner.
   - use the 'set' command to modify a parameter directly.
     The set option works only for param_card and run_card.
     Type 'help set' for more information on this command.
   - call an external program (ASperGE/MadWidth/...).
     Type 'help' for the list of available command
 [[4m0[0m, done, 1, param, 9, plot, enter path]
>INFO: starts to compute weight for events with the following modification to the param_card: 
INFO: set param_card dim6 4 -4.270762 # orig: -1.757994
KEEP:set param_card dim6 5 -9.635791 # orig: 7.687006
KEEP:set param_card dim62f 19 -5.011696 # orig: -4.792287
KEEP: 
INFO: Event nb 0 current time: 22h55 
INFO: Event nb 10  0.092s  
INFO: Event nb 20  0.18s  
INFO: Event nb 30  0.26s  
INFO: Event nb 40  0.35s  
INFO: Event nb 50  0.44s  
INFO: Event nb 60  0.52s  
INFO: Event nb 70  0.61s  
INFO: Event nb 80  0.7s  
INFO: Event nb 90  0.78s  
INFO: Event nb 100  0.87s  
INFO: Event nb 200  1.7s  
INFO: Event nb 300  2.6s  
INFO: Event nb 400  3.5s  
INFO: Event nb 500  4.3s  
INFO: Event nb 600  5.2s  
INFO: Event nb 700  6.1s  
INFO: Event nb 800  6.9s  
INFO: Event nb 900  7.8s  
INFO: Event nb 1000  8.7s  
INFO: Event nb 2000  17.4s  
INFO: Event nb 3000  26.1s  
INFO: Event nb 4000  34.8s  
INFO: Event nb 5000  43.4s  
INFO: Event nb 6000  52.1s  
INFO: Event nb 7000  1m 0s  
INFO: Event nb 8000  1m 9s  
INFO: Event nb 9000  1m 18s  
INFO: Event nb 10000  1m 26s  
INFO: reducing number of print status. Next status update in 10000 events 
INFO: Event nb 20000  2m 53s  
INFO: All event done  (nb_event: 25000)  3m 36s  
INFO: Event /vols/cms/us322/events_4b/02_event_generation_4b_SPARE/mg_processes/signal_supp_3/morphing_basis_vector_8/Events/run_01/unweighted_events.lhe have now the additional weight 
INFO: new cross-section is : 0.0499565 pb (indicative error: 0.0023166 pb) 
launch --rwgt_name=morphing_basis_vector_2
Do you want to edit a card (press enter to bypass editing)?
/------------------------------------------------------------\
|  [31m1[0m. param : [32mparam_card.dat[0m                                 |
|  [31m9[0m. plot  : [32mplot_card.dat[0m                                  |
\------------------------------------------------------------/
 you can also
   - enter the path to a valid card or banner.
   - use the 'set' command to modify a parameter directly.
     The set option works only for param_card and run_card.
     Type 'help set' for more information on this command.
   - call an external program (ASperGE/MadWidth/...).
     Type 'help' for the list of available command
 [[4m0[0m, done, 1, param, 9, plot, enter path]
>INFO: starts to compute weight for events with the following modification to the param_card: 
INFO: set param_card dim6 4 -3.509851 # orig: -1.757994
KEEP:set param_card dim6 5 -14.88657 # orig: 7.687006
KEEP:set param_card dim62f 19 6.650933 # orig: -4.792287
KEEP: 
INFO: Event nb 0 current time: 22h59 
INFO: Event nb 10  0.092s  
INFO: Event nb 20  0.18s  
INFO: Event nb 30  0.26s  
INFO: Event nb 40  0.35s  
INFO: Event nb 50  0.44s  
INFO: Event nb 60  0.52s  
INFO: Event nb 70  0.61s  
INFO: Event nb 80  0.7s  
INFO: Event nb 90  0.78s  
INFO: Event nb 100  0.87s  
INFO: Event nb 200  1.7s  
INFO: Event nb 300  2.6s  
INFO: Event nb 400  3.5s  
INFO: Event nb 500  4.4s  
INFO: Event nb 600  5.2s  
INFO: Event nb 700  6.1s  
INFO: Event nb 800  6.9s  
INFO: Event nb 900  7.8s  
INFO: Event nb 1000  8.7s  
INFO: Event nb 2000  17.4s  
INFO: Event nb 3000  26.1s  
INFO: Event nb 4000  34.8s  
INFO: Event nb 5000  43.4s  
INFO: Event nb 6000  52.1s  
INFO: Event nb 7000  1m 0s  
INFO: Event nb 8000  1m 9s  
INFO: Event nb 9000  1m 18s  
INFO: Event nb 10000  1m 26s  
INFO: reducing number of print status. Next status update in 10000 events 
INFO: Event nb 20000  2m 53s  
INFO: All event done  (nb_event: 25000)  3m 36s  
INFO: Event /vols/cms/us322/events_4b/02_event_generation_4b_SPARE/mg_processes/signal_supp_3/morphing_basis_vector_8/Events/run_01/unweighted_events.lhe have now the additional weight 
INFO: new cross-section is : 0.0765268 pb (indicative error: 0.00774847 pb) 
launch --rwgt_name=morphing_basis_vector_3
Do you want to edit a card (press enter to bypass editing)?
/------------------------------------------------------------\
|  [31m1[0m. param : [32mparam_card.dat[0m                                 |
|  [31m9[0m. plot  : [32mplot_card.dat[0m                                  |
\------------------------------------------------------------/
 you can also
   - enter the path to a valid card or banner.
   - use the 'set' command to modify a parameter directly.
     The set option works only for param_card and run_card.
     Type 'help set' for more information on this command.
   - call an external program (ASperGE/MadWidth/...).
     Type 'help' for the list of available command
 [[4m0[0m, done, 1, param, 9, plot, enter path]
>INFO: starts to compute weight for events with the following modification to the param_card: 
INFO: set param_card dim6 4 -4.70413 # orig: -1.757994
KEEP:set param_card dim6 5 -2.237588 # orig: 7.687006
KEEP:set param_card dim62f 19 4.219889 # orig: -4.792287
KEEP: 
INFO: Event nb 0 current time: 23h03 
INFO: Event nb 10  0.092s  
INFO: Event nb 20  0.18s  
INFO: Event nb 30  0.26s  
INFO: Event nb 40  0.35s  
INFO: Event nb 50  0.44s  
INFO: Event nb 60  0.52s  
INFO: Event nb 70  0.61s  
INFO: Event nb 80  0.7s  
INFO: Event nb 90  0.78s  
INFO: Event nb 100  0.87s  
INFO: Event nb 200  1.7s  
INFO: Event nb 300  2.6s  
INFO: Event nb 400  3.5s  
INFO: Event nb 500  4.4s  
INFO: Event nb 600  5.2s  
INFO: Event nb 700  6.1s  
INFO: Event nb 800  7s  
INFO: Event nb 900  7.8s  
INFO: Event nb 1000  8.7s  
INFO: Event nb 2000  17.4s  
INFO: Event nb 3000  26.1s  
INFO: Event nb 4000  34.8s  
INFO: Event nb 5000  43.5s  
INFO: Event nb 6000  52.2s  
INFO: Event nb 7000  1m 0s  
INFO: Event nb 8000  1m 9s  
INFO: Event nb 9000  1m 18s  
INFO: Event nb 10000  1m 27s  
INFO: reducing number of print status. Next status update in 10000 events 
INFO: Event nb 20000  2m 53s  
INFO: All event done  (nb_event: 25000)  3m 37s  
INFO: Event /vols/cms/us322/events_4b/02_event_generation_4b_SPARE/mg_processes/signal_supp_3/morphing_basis_vector_8/Events/run_01/unweighted_events.lhe have now the additional weight 
INFO: new cross-section is : 0.0486006 pb (indicative error: 0.0088581 pb) 
launch --rwgt_name=morphing_basis_vector_4
Do you want to edit a card (press enter to bypass editing)?
/------------------------------------------------------------\
|  [31m1[0m. param : [32mparam_card.dat[0m                                 |
|  [31m9[0m. plot  : [32mplot_card.dat[0m                                  |
\------------------------------------------------------------/
 you can also
   - enter the path to a valid card or banner.
   - use the 'set' command to modify a parameter directly.
     The set option works only for param_card and run_card.
     Type 'help set' for more information on this command.
   - call an external program (ASperGE/MadWidth/...).
     Type 'help' for the list of available command
 [[4m0[0m, done, 1, param, 9, plot, enter path]
>INFO: starts to compute weight for events with the following modification to the param_card: 
INFO: set param_card dim6 4 0.1140347 # orig: -1.757994
KEEP:set param_card dim6 5 4.567852 # orig: 7.687006
KEEP:set param_card dim62f 19 5.437451 # orig: -4.792287
KEEP: 
INFO: Event nb 0 current time: 23h06 
INFO: Event nb 10  0.092s  
INFO: Event nb 20  0.18s  
INFO: Event nb 30  0.26s  
INFO: Event nb 40  0.35s  
INFO: Event nb 50  0.44s  
INFO: Event nb 60  0.52s  
INFO: Event nb 70  0.61s  
INFO: Event nb 80  0.7s  
INFO: Event nb 90  0.79s  
INFO: Event nb 100  0.88s  
INFO: Event nb 200  1.7s  
INFO: Event nb 300  2.6s  
INFO: Event nb 400  3.5s  
INFO: Event nb 500  4.4s  
INFO: Event nb 600  5.2s  
INFO: Event nb 700  6.1s  
INFO: Event nb 800  7s  
INFO: Event nb 900  7.8s  
INFO: Event nb 1000  8.7s  
INFO: Event nb 2000  17.4s  
INFO: Event nb 3000  26.1s  
INFO: Event nb 4000  34.8s  
INFO: Event nb 5000  43.5s  
INFO: Event nb 6000  52.2s  
INFO: Event nb 7000  1m 0s  
INFO: Event nb 8000  1m 9s  
INFO: Event nb 9000  1m 18s  
INFO: Event nb 10000  1m 26s  
INFO: reducing number of print status. Next status update in 10000 events 
INFO: Event nb 20000  2m 53s  
INFO: All event done  (nb_event: 25000)  3m 37s  
INFO: Event /vols/cms/us322/events_4b/02_event_generation_4b_SPARE/mg_processes/signal_supp_3/morphing_basis_vector_8/Events/run_01/unweighted_events.lhe have now the additional weight 
INFO: new cross-section is : 0.119715 pb (indicative error: 0.00836313 pb) 
launch --rwgt_name=morphing_basis_vector_5
Do you want to edit a card (press enter to bypass editing)?
/------------------------------------------------------------\
|  [31m1[0m. param : [32mparam_card.dat[0m                                 |
|  [31m9[0m. plot  : [32mplot_card.dat[0m                                  |
\------------------------------------------------------------/
 you can also
   - enter the path to a valid card or banner.
   - use the 'set' command to modify a parameter directly.
     The set option works only for param_card and run_card.
     Type 'help set' for more information on this command.
   - call an external program (ASperGE/MadWidth/...).
     Type 'help' for the list of available command
 [[4m0[0m, done, 1, param, 9, plot, enter path]
>INFO: starts to compute weight for events with the following modification to the param_card: 
INFO: set param_card dim6 4 2.704957 # orig: -1.757994
KEEP:set param_card dim6 5 -11.77089 # orig: 7.687006
KEEP:set param_card dim62f 19 -5.938309 # orig: -4.792287
KEEP: 
INFO: Event nb 0 current time: 23h10 
INFO: Event nb 10  0.092s  
INFO: Event nb 20  0.18s  
INFO: Event nb 30  0.26s  
INFO: Event nb 40  0.35s  
INFO: Event nb 50  0.44s  
INFO: Event nb 60  0.52s  
INFO: Event nb 70  0.61s  
INFO: Event nb 80  0.7s  
INFO: Event nb 90  0.79s  
INFO: Event nb 100  0.87s  
INFO: Event nb 200  1.7s  
INFO: Event nb 300  2.6s  
INFO: Event nb 400  3.5s  
INFO: Event nb 500  4.4s  
INFO: Event nb 600  5.2s  
INFO: Event nb 700  6.1s  
INFO: Event nb 800  7s  
INFO: Event nb 900  7.8s  
INFO: Event nb 1000  8.7s  
INFO: Event nb 2000  17.4s  
INFO: Event nb 3000  26.1s  
INFO: Event nb 4000  34.9s  
INFO: Event nb 5000  43.6s  
INFO: Event nb 6000  52.2s  
INFO: Event nb 7000  1m 0s  
INFO: Event nb 8000  1m 9s  
INFO: Event nb 9000  1m 18s  
INFO: Event nb 10000  1m 27s  
INFO: reducing number of print status. Next status update in 10000 events 
INFO: Event nb 20000  2m 54s  
INFO: All event done  (nb_event: 25000)  3m 37s  
INFO: Event /vols/cms/us322/events_4b/02_event_generation_4b_SPARE/mg_processes/signal_supp_3/morphing_basis_vector_8/Events/run_01/unweighted_events.lhe have now the additional weight 
INFO: new cross-section is : 0.186169 pb (indicative error: 0.00856719 pb) 
launch --rwgt_name=morphing_basis_vector_6
Do you want to edit a card (press enter to bypass editing)?
/------------------------------------------------------------\
|  [31m1[0m. param : [32mparam_card.dat[0m                                 |
|  [31m9[0m. plot  : [32mplot_card.dat[0m                                  |
\------------------------------------------------------------/
 you can also
   - enter the path to a valid card or banner.
   - use the 'set' command to modify a parameter directly.
     The set option works only for param_card and run_card.
     Type 'help set' for more information on this command.
   - call an external program (ASperGE/MadWidth/...).
     Type 'help' for the list of available command
 [[4m0[0m, done, 1, param, 9, plot, enter path]
>INFO: starts to compute weight for events with the following modification to the param_card: 
INFO: set param_card dim6 4 4.585811 # orig: -1.757994
KEEP:set param_card dim6 5 6.747472 # orig: 7.687006
KEEP:set param_card dim62f 19 -2.432281 # orig: -4.792287
KEEP: 
INFO: Event nb 0 current time: 23h14 
INFO: Event nb 10  0.092s  
INFO: Event nb 20  0.18s  
INFO: Event nb 30  0.26s  
INFO: Event nb 40  0.35s  
INFO: Event nb 50  0.44s  
INFO: Event nb 60  0.58s  
INFO: Event nb 70  0.67s  
INFO: Event nb 80  0.76s  
INFO: Event nb 90  0.84s  
INFO: Event nb 100  0.93s  
INFO: Event nb 200  1.8s  
INFO: Event nb 300  2.7s  
INFO: Event nb 400  3.5s  
INFO: Event nb 500  4.4s  
INFO: Event nb 600  5.3s  
INFO: Event nb 700  6.1s  
INFO: Event nb 800  7s  
INFO: Event nb 900  7.9s  
INFO: Event nb 1000  8.8s  
INFO: Event nb 2000  17.5s  
INFO: Event nb 3000  26.2s  
INFO: Event nb 4000  35s  
INFO: Event nb 5000  43.7s  
INFO: Event nb 6000  52.4s  
INFO: Event nb 7000  1m 1s  
INFO: Event nb 8000  1m 9s  
INFO: Event nb 9000  1m 18s  
INFO: Event nb 10000  1m 27s  
INFO: reducing number of print status. Next status update in 10000 events 
INFO: Event nb 20000  2m 54s  
INFO: All event done  (nb_event: 25000)  3m 37s  
INFO: Event /vols/cms/us322/events_4b/02_event_generation_4b_SPARE/mg_processes/signal_supp_3/morphing_basis_vector_8/Events/run_01/unweighted_events.lhe have now the additional weight 
INFO: new cross-section is : 0.049658 pb (indicative error: 0.00156157 pb) 
launch --rwgt_name=morphing_basis_vector_7
Do you want to edit a card (press enter to bypass editing)?
/------------------------------------------------------------\
|  [31m1[0m. param : [32mparam_card.dat[0m                                 |
|  [31m9[0m. plot  : [32mplot_card.dat[0m                                  |
\------------------------------------------------------------/
 you can also
   - enter the path to a valid card or banner.
   - use the 'set' command to modify a parameter directly.
     The set option works only for param_card and run_card.
     Type 'help set' for more information on this command.
   - call an external program (ASperGE/MadWidth/...).
     Type 'help' for the list of available command
 [[4m0[0m, done, 1, param, 9, plot, enter path]
>INFO: starts to compute weight for events with the following modification to the param_card: 
INFO: set param_card dim6 4 -1.246802 # orig: -1.757994
KEEP:set param_card dim6 5 -14.80999 # orig: 7.687006
KEEP:set param_card dim62f 19 0.4606651 # orig: -4.792287
KEEP: 
INFO: Event nb 0 current time: 23h17 
INFO: Event nb 10  0.092s  
INFO: Event nb 20  0.18s  
INFO: Event nb 30  0.26s  
INFO: Event nb 40  0.35s  
INFO: Event nb 50  0.44s  
INFO: Event nb 60  0.52s  
INFO: Event nb 70  0.61s  
INFO: Event nb 80  0.7s  
INFO: Event nb 90  0.78s  
INFO: Event nb 100  0.87s  
INFO: Event nb 200  1.7s  
INFO: Event nb 300  2.6s  
INFO: Event nb 400  3.5s  
INFO: Event nb 500  4.4s  
INFO: Event nb 600  5.2s  
INFO: Event nb 700  6.1s  
INFO: Event nb 800  7s  
INFO: Event nb 900  7.8s  
INFO: Event nb 1000  8.7s  
INFO: Event nb 2000  17.4s  
INFO: Event nb 3000  26.1s  
INFO: Event nb 4000  34.8s  
INFO: Event nb 5000  43.5s  
INFO: Event nb 6000  52.2s  
INFO: Event nb 7000  1m 0s  
INFO: Event nb 8000  1m 9s  
INFO: Event nb 9000  1m 18s  
INFO: Event nb 10000  1m 27s  
INFO: reducing number of print status. Next status update in 10000 events 
INFO: Event nb 20000  2m 53s  
INFO: All event done  (nb_event: 25000)  3m 37s  
INFO: Event /vols/cms/us322/events_4b/02_event_generation_4b_SPARE/mg_processes/signal_supp_3/morphing_basis_vector_8/Events/run_01/unweighted_events.lhe have now the additional weight 
INFO: new cross-section is : 0.128152 pb (indicative error: 0.00652172 pb) 
launch --rwgt_name=morphing_basis_vector_9
Do you want to edit a card (press enter to bypass editing)?
/------------------------------------------------------------\
|  [31m1[0m. param : [32mparam_card.dat[0m                                 |
|  [31m9[0m. plot  : [32mplot_card.dat[0m                                  |
\------------------------------------------------------------/
 you can also
   - enter the path to a valid card or banner.
   - use the 'set' command to modify a parameter directly.
     The set option works only for param_card and run_card.
     Type 'help set' for more information on this command.
   - call an external program (ASperGE/MadWidth/...).
     Type 'help' for the list of available command
 [[4m0[0m, done, 1, param, 9, plot, enter path]
>INFO: starts to compute weight for events with the following modification to the param_card: 
INFO: set param_card dim6 4 3.774042 # orig: -1.757994
KEEP:set param_card dim6 5 0.6799669 # orig: 7.687006
KEEP:set param_card dim62f 19 4.975328 # orig: -4.792287
KEEP: 
INFO: Event nb 0 current time: 23h21 
INFO: Event nb 10  0.092s  
INFO: Event nb 20  0.18s  
INFO: Event nb 30  0.26s  
INFO: Event nb 40  0.35s  
INFO: Event nb 50  0.44s  
INFO: Event nb 60  0.52s  
INFO: Event nb 70  0.61s  
INFO: Event nb 80  0.7s  
INFO: Event nb 90  0.78s  
INFO: Event nb 100  0.87s  
INFO: Event nb 200  1.7s  
INFO: Event nb 300  2.6s  
INFO: Event nb 400  3.5s  
INFO: Event nb 500  4.4s  
INFO: Event nb 600  5.2s  
INFO: Event nb 700  6.1s  
INFO: Event nb 800  6.9s  
INFO: Event nb 900  7.8s  
INFO: Event nb 1000  8.7s  
INFO: Event nb 2000  17.4s  
INFO: Event nb 3000  26.1s  
INFO: Event nb 4000  34.8s  
INFO: Event nb 5000  43.5s  
INFO: Event nb 6000  52.1s  
INFO: Event nb 7000  1m 0s  
INFO: Event nb 8000  1m 9s  
INFO: Event nb 9000  1m 18s  
INFO: Event nb 10000  1m 26s  
INFO: reducing number of print status. Next status update in 10000 events 
INFO: Event nb 20000  2m 53s  
INFO: All event done  (nb_event: 25000)  3m 37s  
INFO: Event /vols/cms/us322/events_4b/02_event_generation_4b_SPARE/mg_processes/signal_supp_3/morphing_basis_vector_8/Events/run_01/unweighted_events.lhe have now the additional weight 
INFO: new cross-section is : 0.0286411 pb (indicative error: 0.00345868 pb) 
INFO: Original cross-section: 0.0951 +- 5.3899e-05 pb (cross-section from sum of weights: 0.09510000000000213) 
INFO: Computed cross-section: 
INFO: morphing_basis_vector_1 : 0.049956531797360905 +- 0.002316596333929287 pb 
INFO: morphing_basis_vector_2 : 0.07652680816368278 +- 0.007748465394685591 pb 
INFO: morphing_basis_vector_3 : 0.048600615661039535 +- 0.008858103211440028 pb 
INFO: morphing_basis_vector_4 : 0.11971501088419433 +- 0.008363131245486901 pb 
INFO: morphing_basis_vector_5 : 0.18616944431008697 +- 0.008567188048208906 pb 
INFO: morphing_basis_vector_6 : 0.04965798097062698 +- 0.0015615713425416635 pb 
INFO: morphing_basis_vector_7 : 0.12815231153923184 +- 0.006521722445054199 pb 
INFO: morphing_basis_vector_9 : 0.02864108586531901 +- 0.003458676894301645 pb 
INFO: sm : 0.01576431620242142 +- 0.0013795716679085397 pb 
INFO: quit rwgt 
decay_events -from_cards
INFO: Running MadSpin 
INFO: This functionality allows for the decay of resonances 
INFO: in a .lhe file, keeping track of the spin correlation effets. 
INFO: BE AWARE OF THE CURRENT LIMITATIONS: 
INFO:   (1) Only a succession of 2 body decay are currently allowed 
************************************************************
*                                                          *
*           W E L C O M E  to  M A D S P I N               *
*                                                          *
************************************************************
INFO: Extracting the banner ... 
INFO: process: p p > H H QED=2 QCD=2  
INFO: options: NP=2  
INFO: detected model: SMEFTatNLO-LO. Loading... 
lhapdf-config does not seem to correspond to a valid lhapdf-config executable. 
Please set the 'lhapdf' variable to the (absolute) /PATH/TO/lhapdf-config (including lhapdf-config).
Note that you can still compile and run aMC@NLO with the built-in PDFs
 MG5_aMC> set lhapdf /PATH/TO/lhapdf-config

Set group_subprocesses to Auto
Note that you need to regenerate all processes
import model heft --bypass_check
[1;34mWARNING: No param_card defined for the new model. We will use the default one but this might completely wrong. [0m
INFO: detected model: heft. Loading... 
INFO: reload from .py file 
INFO: load particles 
INFO: load vertices 
INFO: Restrict model heft with file ../../../../srv/localstage/condor/dir_2847302/mg5amcnlo/models/heft/restrict_default.dat . 
INFO: Run "set stdout_level DEBUG" before import for more information. 
[1;34mPass the definition of 'j' and 'p' to 4 flavour scheme.[0m
Kept definitions of multiparticles l+ / l- / vl / vl~ unchanged
Removed obsolete multiparticles all
Defined multiparticle all = g u c d s u~ c~ d~ s~ a ve vm vt e- m- ve~ vm~ vt~ e+ m+ t b t~ b~ z w+ h h1 w- tt- tt+
set spinmode None          # Use one of the madspin special mode
set max_weight_ps_point 400  # number of PS to estimate the maximum for each event
decay h > b b~
decay h > b b~
launch
INFO: Will use seed 110760454 
INFO: generate 25000 decay event for particle h 
INFO: Will use seed 220170759 
stty: 'standard input': Inappropriate ioctl for device
  0%|          | 0/691 [00:00<?, ?it/s]100%|██████████| 691/691 [00:00<00:00, 137059.68it/s]stty: 'standard input': Inappropriate ioctl for device

  0%|          | 0/691 [00:00<?, ?it/s]100%|██████████| 691/691 [00:00<00:00, 153177.11it/s]decaying event number 100 [0.061929941177368164 s]
decaying event number 200 [0.1230769157409668 s]
decaying event number 300 [0.18414092063903809 s]
decaying event number 400 [0.24508261680603027 s]
decaying event number 500 [0.3062162399291992 s]
decaying event number 600 [0.3674783706665039 s]
decaying event number 700 [0.4283268451690674 s]
decaying event number 800 [0.4894278049468994 s]
decaying event number 900 [0.5499210357666016 s]
decaying event number 1000 [0.6108953952789307 s]
decaying event number 2000 [1.2195281982421875 s]
decaying event number 3000 [1.8277535438537598 s]
decaying event number 4000 [2.4360129833221436 s]
decaying event number 5000 [3.0474982261657715 s]
decaying event number 6000 [3.658351182937622 s]
decaying event number 7000 [4.26806378364563 s]
decaying event number 8000 [4.878619194030762 s]
decaying event number 9000 [5.487630844116211 s]
decaying event number 10000 [6.095449209213257 s]
decaying event number 20000 [12.187616348266602 s]
INFO: The decayed event file has been moved to the following location:  
INFO: /vols/cms/us322/events_4b/02_event_generation_4b_SPARE/mg_processes/signal_supp_3/morphing_basis_vector_8/Events/run_01_decayed_1/unweighted_events.lhe.gz 
INFO: MadSpin Done 
INFO: [92mRunning Pythia8 [arXiv:1410.3012][0m 
Splitting .lhe event file for PY8 parallelization...
Submitting Pythia8 jobs...
Pythia8 shower jobs: 1 Idle, 15 Running, 0 Done [11 seconds]
Pythia8 shower jobs: 0 Idle, 15 Running, 1 Done [4m06s]
Pythia8 shower jobs: 0 Idle, 14 Running, 2 Done [4m07s]
Pythia8 shower jobs: 0 Idle, 13 Running, 3 Done [4m08s]
Pythia8 shower jobs: 0 Idle, 12 Running, 4 Done [4m10s]
Pythia8 shower jobs: 0 Idle, 11 Running, 5 Done [4m10s]
Pythia8 shower jobs: 0 Idle, 10 Running, 6 Done [4m10s]
Pythia8 shower jobs: 0 Idle, 9 Running, 7 Done [4m10s]
Pythia8 shower jobs: 0 Idle, 8 Running, 8 Done [4m10s]
Pythia8 shower jobs: 0 Idle, 7 Running, 9 Done [4m10s]
Pythia8 shower jobs: 0 Idle, 6 Running, 10 Done [4m11s]
Pythia8 shower jobs: 0 Idle, 5 Running, 11 Done [4m11s]
Pythia8 shower jobs: 0 Idle, 4 Running, 12 Done [4m11s]
Pythia8 shower jobs: 0 Idle, 3 Running, 13 Done [4m11s]
Pythia8 shower jobs: 0 Idle, 2 Running, 14 Done [4m11s]
Pythia8 shower jobs: 0 Idle, 1 Running, 15 Done [4m11s]
Pythia8 shower jobs: 0 Idle, 0 Running, 16 Done [4m11s]
Merging results from the split PY8 runs...
INFO: Pythia8 shower finished after 4m42s. 
  === Results Summary for run: run_01_decayed_1 tag: tag_1 ===

     Cross-section :   0.08653 +- 4.904e-05 pb
     Nb of events :  25000
 
INFO: storing files of previous run 
INFO: Storing Pythia8 files of previous run 
INFO: Done 
quit
INFO:  
order=LO
[1;34mCommand "order=LO" not recognized, please try again[0m
shower=Pythia8
[1;34mCommand "shower=Pythia8" not recognized, please try again[0m
detector=OFF
[1;34mCommand "detector=OFF" not recognized, please try again[0m
analysis=OFF
[1;34mCommand "analysis=OFF" not recognized, please try again[0m
madspin=ON
[1;34mCommand "madspin=ON" not recognized, please try again[0m
reweight=ON
[1;34mCommand "reweight=ON" not recognized, please try again[0m
done
[1;34mCommand "done" not recognized, please try again[0m
quit

 mdl_vev0 =    246.22056907348588     
 mdl_vev0__exp__2 =    60624.568634871226     
 mdl_dlam =   0.45759933651977336     
 mdl_ee0 =   0.31345063981313520     
 mdl_cw =   0.87538656571726847     
 mdl_muH =    68.165123028343629     
 mdl_sw =   0.48342358295983689     
 mdl_g1 =   0.35807111062562641     
 mdl_gw =   0.64839749416853931     
 mdl_lam =    6.9897490058211470E-002
 mdl_vev =    246.22056907348588     
 mdl_ee =   0.31345063981313520     
 mdl_ee__exp__2 =    9.8251303599263817E-002
 mdl_aEW =    7.8185903165226816E-003
 aEWM1 =    127.90029398096792     
 mdl_ee0__exp__2 =    9.8251303599263817E-002
 mdl_ee0__exp__3 =    3.0796933975663836E-002
 mdl_vev0__exp__3 =    14927015.789112596     
  Internal Params evaluated point by point
  ----------------------------------------
  
 mdl_sqrt__aS =   0.34496376621320685     
 mdl_G__exp__2 =    1.4953981031087418     
 mdl_G__exp__3 =    1.8286695702272273     
 mdl_G__exp__4 =    2.2362154867812229     
 mdl_MU_R__exp__2 =    8315.2513440000002     
  Couplings of SMEFTatNLO-LO
  ---------------------------------
  
        GC_11 =   0.00000E+00   0.12229E+01
 R2GC_1297_467 =  0.00000E+00   0.98798E-02
 R2GC_1298_468 =  0.00000E+00   0.17412E+00
 R2GC_618_1801 = -0.00000E+00  -0.92422E-02
 R2GC_631_1814 = -0.00000E+00  -0.22756E+01
      GC_1822 =   0.00000E+00   0.25987E-02
      GC_1842 =   0.00000E+00   0.53452E-01
       GC_322 =  -0.00000E+00  -0.19038E+03
       GC_420 =   0.00000E+00   0.60899E+02
       GC_422 =   0.00000E+00   0.37170E-02
       GC_431 =   0.00000E+00  -0.43558E+02
       GC_546 =  -0.00000E+00  -0.69856E+00
