************************************************************
*                                                          *
*                     W E L C O M E to                     *
*              M A D G R A P H 5 _ a M C @ N L O           *
*                                                          *
*                                                          *
*                 *                       *                *
*                   *        * *        *                  *
*                     * * * * 5 * * * *                    *
*                   *        * *        *                  *
*                 *                       *                *
*                                                          *
*         VERSION 3.5.1                 2023-07-11         *
*                                                          *
*    The MadGraph5_aMC@NLO Development Team - Find us at   *
*              http://madgraph.phys.ucl.ac.be/             *
*                            and                           *
*            http://amcatnlo.web.cern.ch/amcatnlo/         *
*                                                          *
*               Type 'help' for in-line help.              *
*           Type 'tutorial' to learn how MG5 works         *
*    Type 'tutorial aMCatNLO' to learn how aMC@NLO works   *
*    Type 'tutorial MadLoop' to learn how MadLoop works    *
*                                                          *
************************************************************
load MG5 configuration from ../../../../srv/localstage/condor/dir_3289964/mg5amcnlo/input/mg5_configuration.txt 
fastjet-config does not seem to correspond to a valid fastjet-config executable (v3+). We will use fjcore instead.
 Please set the 'fastjet'variable to the full (absolute) /PATH/TO/fastjet-config (including fastjet-config).
 MG5_aMC> set fastjet /PATH/TO/fastjet-config

eMELA-config does not seem to correspond to a valid eMELA-config executable.
 Please set the 'fastjet'variable to the full (absolute) /PATH/TO/eMELA-config (including eMELA-config).
 MG5_aMC> set eMELA /PATH/TO/eMELA-config

lhapdf-config does not seem to correspond to a valid lhapdf-config executable. 
Please set the 'lhapdf' variable to the (absolute) /PATH/TO/lhapdf-config (including lhapdf-config).
Note that you can still compile and run aMC@NLO with the built-in PDFs
 MG5_aMC> set lhapdf /PATH/TO/lhapdf-config

None does not seem to correspond to a valid lhapdf-config executable. 
Please set the 'lhapdf' variable to the (absolute) /PATH/TO/lhapdf-config (including lhapdf-config).
Note that you can still compile and run aMC@NLO with the built-in PDFs
 MG5_aMC> set lhapdf /PATH/TO/lhapdf-config

Using default text editor "vi". Set another one in ./input/mg5_configuration.txt
Using default eps viewer "evince". Set another one in ./input/mg5_configuration.txt
Using default web browser "firefox". Set another one in ./input/mg5_configuration.txt
import /vols/cms/us322/events_4b/02_event_generation_4b/mg_processes_2/background_299/madminer/cards/mg_commands_0.dat
The import format was not given, so we guess it as command
launch /vols/cms/us322/events_4b/02_event_generation_4b/mg_processes_2/background_299
************************************************************
*                                                          *
*                      W E L C O M E to                    *
*             M A D G R A P H 5 _ a M C @ N L O            *
*                      M A D E V E N T                     *
*                                                          *
*                 *                       *                *
*                   *        * *        *                  *
*                     * * * * 5 * * * *                    *
*                   *        * *        *                  *
*                 *                       *                *
*                                                          *
*         VERSION 3.5.1                 2023-07-11         *
*                                                          *
*    The MadGraph5_aMC@NLO Development Team - Find us at   *
*    https://server06.fynu.ucl.ac.be/projects/madgraph     *
*                                                          *
*               Type 'help' for in-line help.              *
*                                                          *
************************************************************
INFO: load configuration from /vols/cms/us322/events_4b/02_event_generation_4b/mg_processes_2/background_299/Cards/me5_configuration.txt  
INFO: load configuration from /srv/localstage/condor/dir_3289964/mg5amcnlo/input/mg5_configuration.txt  
INFO: load configuration from /vols/cms/us322/events_4b/02_event_generation_4b/mg_processes_2/background_299/Cards/me5_configuration.txt  
Using default text editor "vi". Set another one in ./input/mg5_configuration.txt
generate_events run_01
stty: 'standard input': Inappropriate ioctl for device
The following switches determine which programs are run:
/===========================================================================\
| 1. Choose the shower/hadronization program   [1m  shower[0m = [32mPythia8[0m           |
| 2. Choose the detector simulation program    [1mdetector[0m = [01mNot Avail.[0m        |
| 3. Choose an analysis package (plot/convert) [1manalysis[0m = [01mNot Avail.[0m        |
| 4. Decay onshell particles                   [1m madspin[0m = [31mOFF[0m               |
| 5. Add weights to events for new hypp.       [1mreweight[0m = [31mOFF[0m               |
\===========================================================================/
Either type the switch number (1 to 5) to change its setting,
Set any switch explicitly (e.g. type 'shower=OFF' at the prompt)
Type 'help' for the list of all valid option
Type '0', 'auto', 'done' or just press enter when you are done.
[1;34mfound line : order=LO[0m
[1;34mThis answer is not valid for current question. Keep it for next question and use here default: 0[0m
Do you want to edit a card (press enter to bypass editing)?
/------------------------------------------------------------\
|  [31m1[0m. param   : [32mparam_card.dat[0m                               |
|  [31m2[0m. run     : [32mrun_card.dat[0m                                 |
|  [31m3[0m. pythia8 : [32mpythia8_card.dat[0m                             |
\------------------------------------------------------------/
 you can also
   - enter the path to a valid card or banner.
   - use the 'set' command to modify a parameter directly.
     The set option works only for param_card and run_card.
     Type 'help set' for more information on this command.
   - call an external program (ASperGE/MadWidth/...).
     Type 'help' for the list of available command
 [[4m0[0m, done, 1, param, 2, run, 3, pythia8, enter path]
[1;34mfound line : order=LO[0m
[1;34mThis answer is not valid for current question. Keep it for next question and use here default: 0[0m
INFO: Update the dependent parameter of the param_card.dat 
[1;34mWARNING: update the strong coupling value (alpha_s) to the value from the pdf selected: 0.119 [0m
[1;34mWARNING: Unknow type of information in the card: loop,dim64f2l,renor,dim64f,dim64f4l,dim62f,dim6 [0m
Generating 25000 events with run name run_01
survey  run_01 
INFO: compile directory 
[1;34mWARNING: information about "sminputs [1]" is missing using default value: 132.507. [0m
[1;34mWARNING: information about "yukawa [5]" is missing using default value: 4.7. [0m
[1;34mWARNING: information about "yukawa [15]" is missing using default value: 1.777. [0m
compile Source Directory
Error: no DISPLAY environment variable specified
Using random number seed offset = 10292
INFO: Running Survey 
Creating Jobs
Working on SubProcesses
INFO: Compiling for process 1/2. 
INFO:     P1_gg_bbxbbx  
  0%|          | 0/1233 [00:00<?, ?it/s] 47%|████▋     | 579/1233 [00:00<00:00, 5617.18it/s] 93%|█████████▎| 1141/1233 [00:00<00:00, 2256.84it/s]100%|██████████| 1233/1233 [00:00<00:00, 2678.45it/s]INFO: Compiling for process 2/2. 
INFO:     P1_qq_bbxbbx  

  0%|          | 0/853 [00:00<?, ?it/s]100%|██████████| 853/853 [00:00<00:00, 14337.12it/s]INFO:     P1_gg_bbxbbx  
INFO:     P1_qq_bbxbbx  
INFO:  Idle: 1,  Running: 6,  Completed: 0 [ current time: 20h08 ] 
INFO:  Idle: 0,  Running: 6,  Completed: 1 [  1m 58s  ] 
INFO:  Idle: 0,  Running: 5,  Completed: 2 [  2m 14s  ] 
INFO:  Idle: 0,  Running: 4,  Completed: 3 [  3m 7s  ] 
INFO:  Idle: 0,  Running: 3,  Completed: 4 [  3m 41s  ] 
INFO:  Idle: 0,  Running: 2,  Completed: 5 [  3m 48s  ] 
INFO:  Idle: 0,  Running: 1,  Completed: 6 [  4m 0s  ] 
INFO:  Idle: 0,  Running: 0,  Completed: 7 [  4m 31s  ] 
INFO:  Idle: 0,  Running: 0,  Completed: 7 [  4m 31s  ] 
INFO: End survey 
refine 25000
Creating Jobs
INFO: Refine results to 25000 
INFO: Generating 25000.0 unweighted events. 
sum of cpu time of last step: 4m36s
INFO: Effective Luminosity 65797.72520666265 pb^-1 
INFO: need to improve 4 channels 
- Current estimate of cross-section: 0.45594281421999994 +- 0.011205953219541081
    P1_gg_bbxbbx 
    P1_qq_bbxbbx 
INFO:  Idle: 20,  Running: 12,  Completed: 0 [ current time: 20h13 ] 
INFO:  Idle: 19,  Running: 12,  Completed: 1 [  5m 48s  ] 
INFO:  Idle: 18,  Running: 12,  Completed: 2 [  9m 0s  ] 
INFO:  Idle: 17,  Running: 12,  Completed: 3 [  14m 53s  ] 
INFO:  Idle: 16,  Running: 12,  Completed: 4 [  17m 39s  ] 
INFO:  Idle: 15,  Running: 12,  Completed: 5 [  19m 46s  ] 
INFO:  Idle: 14,  Running: 12,  Completed: 6 [  23m 59s  ] 
INFO:  Idle: 13,  Running: 12,  Completed: 7 [  24m 39s  ] 
INFO:  Idle: 12,  Running: 12,  Completed: 8 [  24m 43s  ] 
INFO:  Idle: 11,  Running: 12,  Completed: 9 [  25m 13s  ] 
INFO:  Idle: 10,  Running: 12,  Completed: 10 [  25m 40s  ] 
INFO:  Idle: 9,  Running: 12,  Completed: 11 [  27m 43s  ] 
INFO:  Idle: 8,  Running: 12,  Completed: 12 [  28m 48s  ] 
INFO:  Idle: 7,  Running: 12,  Completed: 13 [  29m 55s  ] 
INFO:  Idle: 6,  Running: 12,  Completed: 14 [  33m 15s  ] 
INFO:  Idle: 5,  Running: 12,  Completed: 15 [  34m 24s  ] 
INFO:  Idle: 4,  Running: 12,  Completed: 16 [  35m 36s  ] 
INFO:  Idle: 3,  Running: 12,  Completed: 17 [  38m 23s  ] 
INFO:  Idle: 2,  Running: 12,  Completed: 18 [  39m 33s  ] 
INFO:  Idle: 1,  Running: 12,  Completed: 19 [  42m 20s  ] 
INFO:  Idle: 0,  Running: 12,  Completed: 20 [  45m 21s  ] 
INFO:  Idle: 0,  Running: 11,  Completed: 21 [  47m 8s  ] 
INFO:  Idle: 0,  Running: 10,  Completed: 22 [  51m 12s  ] 
INFO:  Idle: 0,  Running: 9,  Completed: 23 [  53m 13s  ] 
INFO:  Idle: 0,  Running: 8,  Completed: 24 [  54m 52s  ] 
INFO:  Idle: 0,  Running: 7,  Completed: 25 [  57m 44s  ] 
INFO:  Idle: 0,  Running: 6,  Completed: 26 [  1h 0m  ] 
INFO:  Idle: 0,  Running: 5,  Completed: 27 [  1h 4m  ] 
INFO:  Idle: 0,  Running: 4,  Completed: 28 [  1h 4m  ] 
INFO:  Idle: 0,  Running: 3,  Completed: 29 [  1h 7m  ] 
INFO:  Idle: 0,  Running: 2,  Completed: 30 [  1h 9m  ] 
INFO:  Idle: 0,  Running: 1,  Completed: 31 [  1h 10m  ] 
INFO:  Idle: 0,  Running: 0,  Completed: 32 [  1h 11m  ] 
INFO:  Idle: 0,  Running: 0,  Completed: 32 [  1h 11m  ] 
INFO: Combining runs 
sum of cpu time of last step: 1h12m54s
INFO: finish refine 
refine 25000 --treshold=0.9
No need for second refine due to stability of cross-section
INFO: Combining Events 
  === Results Summary for run: run_01 tag: tag_1 ===

     Cross-section :   0.4571 +- 0.001035 pb
     Nb of events :  25000
 
store_events
INFO: Storing parton level results 
INFO: End Parton 
reweight -from_cards
decay_events -from_cards
INFO: [92mRunning Pythia8 [arXiv:1410.3012][0m 
Splitting .lhe event file for PY8 parallelization...
Submitting Pythia8 jobs...
Pythia8 shower jobs: 1 Idle, 11 Running, 0 Done [9 seconds]
Pythia8 shower jobs: 0 Idle, 11 Running, 1 Done [4m03s]
Pythia8 shower jobs: 0 Idle, 10 Running, 2 Done [4m03s]
Pythia8 shower jobs: 0 Idle, 9 Running, 3 Done [4m04s]
Pythia8 shower jobs: 0 Idle, 8 Running, 4 Done [4m05s]
Pythia8 shower jobs: 0 Idle, 7 Running, 5 Done [4m07s]
Pythia8 shower jobs: 0 Idle, 6 Running, 6 Done [4m07s]
Pythia8 shower jobs: 0 Idle, 5 Running, 7 Done [4m07s]
Pythia8 shower jobs: 0 Idle, 4 Running, 8 Done [4m08s]
Pythia8 shower jobs: 0 Idle, 3 Running, 9 Done [4m08s]
Pythia8 shower jobs: 0 Idle, 2 Running, 10 Done [4m09s]
Pythia8 shower jobs: 0 Idle, 1 Running, 11 Done [4m09s]
Pythia8 shower jobs: 0 Idle, 0 Running, 12 Done [4m09s]
Merging results from the split PY8 runs...
INFO: Pythia8 shower finished after 4m41s. 
  === Results Summary for run: run_01 tag: tag_1 ===

     Cross-section :   0.4571 +- 0.001035 pb
     Nb of events :  25000
 
INFO: storing files of previous run 
INFO: Storing Pythia8 files of previous run 
INFO: Done 
quit
INFO:  
order=LO
[1;34mCommand "order=LO" not recognized, please try again[0m
shower=Pythia8
[1;34mCommand "shower=Pythia8" not recognized, please try again[0m
detector=OFF
[1;34mCommand "detector=OFF" not recognized, please try again[0m
analysis=OFF
[1;34mCommand "analysis=OFF" not recognized, please try again[0m
madspin=OFF
[1;34mCommand "madspin=OFF" not recognized, please try again[0m
reweight=OFF
[1;34mCommand "reweight=OFF" not recognized, please try again[0m
done
[1;34mCommand "done" not recognized, please try again[0m
quit

