11:56 madminer.utils.inter INFO    HDF5 file does not contain nuisance parameters information
11:56 madminer.utils.inter INFO    HDF5 file does not contain finite difference information
11:56 madminer.utils.inter INFO    HDF5 file does not contain observables information
11:56 madminer.utils.inter INFO    HDF5 file does not contain sample summary information
11:56 madminer.utils.inter INFO    HDF5 file does not contain sample information
11:56 madminer.utils.inter INFO    HDF5 file does not contain systematic information
11:56 madminer.delphes.del DEBUG   Adding event sample /vols/cms/us322/events_4b/02b_final_events_4b/signal_sm/batch_1//run_01_decayed_1/tag_1_pythia8_events.hepmc.gz
11:56 madminer.delphes.del DEBUG   Adding event sample /vols/cms/us322/events_4b/02b_final_events_4b/signal_sm/batch_1//run_02_decayed_1/tag_1_pythia8_events.hepmc.gz
11:56 madminer.delphes.del INFO    Running Delphes on HepMC sample at /vols/cms/us322/events_4b/02b_final_events_4b/signal_sm/batch_1//run_01_decayed_1/tag_1_pythia8_events.hepmc.gz
11:56 madminer.utils.inter DEBUG   Unzipping /vols/cms/us322/events_4b/02b_final_events_4b/signal_sm/batch_1//run_01_decayed_1/tag_1_pythia8_events.hepmc.gz
12:08 madminer.utils.inter DEBUG   Deleting /vols/cms/us322/events_4b/02b_final_events_4b/signal_sm/batch_1/run_01_decayed_1/tag_1_pythia8_events.hepmc
12:08 madminer.delphes.del INFO    Running Delphes on HepMC sample at /vols/cms/us322/events_4b/02b_final_events_4b/signal_sm/batch_1//run_02_decayed_1/tag_1_pythia8_events.hepmc.gz
12:08 madminer.utils.inter DEBUG   Unzipping /vols/cms/us322/events_4b/02b_final_events_4b/signal_sm/batch_1//run_02_decayed_1/tag_1_pythia8_events.hepmc.gz
12:19 madminer.utils.inter DEBUG   Deleting /vols/cms/us322/events_4b/02b_final_events_4b/signal_sm/batch_1/run_02_decayed_1/tag_1_pythia8_events.hepmc
12:19 madminer.delphes.del DEBUG   Adding required observable num_bjets defined through external function
12:19 madminer.delphes.del DEBUG   Adding required observable b0_pt defined through external function
12:19 madminer.delphes.del DEBUG   Adding required observable b0_eta defined through external function
12:19 madminer.delphes.del DEBUG   Adding required observable b1_pt defined through external function
12:19 madminer.delphes.del DEBUG   Adding required observable b1_eta defined through external function
12:19 madminer.delphes.del DEBUG   Adding required observable b2_pt defined through external function
12:19 madminer.delphes.del DEBUG   Adding required observable b2_eta defined through external function
12:19 madminer.delphes.del DEBUG   Adding required observable b3_pt defined through external function
12:19 madminer.delphes.del DEBUG   Adding required observable b3_eta defined through external function
12:19 madminer.delphes.del DEBUG   Adding required observable bb1_deltaR defined through external function
12:19 madminer.delphes.del DEBUG   Adding required observable bb2_deltaR defined through external function
12:19 madminer.delphes.del DEBUG   Adding required observable m_bb1 defined through external function
12:19 madminer.delphes.del DEBUG   Adding required observable m_bb2 defined through external function
12:19 madminer.delphes.del DEBUG   Adding required observable pt_bb1 defined through external function
12:19 madminer.delphes.del DEBUG   Adding required observable pt_bb2 defined through external function
12:19 madminer.delphes.del DEBUG   Adding required observable m_tot_4b defined through external function
12:19 madminer.delphes.del DEBUG   Adding cut num_bjets>=4
12:19 madminer.delphes.del DEBUG   Adding cut b0_pt>80
12:19 madminer.delphes.del DEBUG   Adding cut b1_pt>60
12:19 madminer.delphes.del DEBUG   Adding cut b2_pt>45
12:19 madminer.delphes.del DEBUG   Adding cut b3_pt>35
12:19 madminer.delphes.del DEBUG   Adding cut abs(b0_eta)<2.5
12:19 madminer.delphes.del DEBUG   Adding cut abs(b1_eta)<2.5
12:19 madminer.delphes.del DEBUG   Adding cut abs(b2_eta)<2.5
12:19 madminer.delphes.del DEBUG   Adding cut abs(b3_eta)<2.5
12:19 madminer.delphes.del DEBUG   Adding cut bb1_deltaR>0.4
12:19 madminer.delphes.del DEBUG   Adding cut bb2_deltaR>0.4
12:19 madminer.delphes.del INFO    Analysing Delphes sample /vols/cms/us322/events_4b/02b_final_events_4b/signal_sm/batch_1/run_01_decayed_1/tag_1_pythia8_events_delphes.root: Calculating 16 observables, requiring 11 selection cuts, associated with no systematics
12:19 madminer.delphes.del DEBUG   Extracting nuisance parameter definitions from LHE file
12:19 madminer.utils.inter DEBUG   Parsing nuisance parameter setup from LHE file at /vols/cms/us322/events_4b/02b_final_events_4b/signal_sm/batch_1//run_01_decayed_1/unweighted_events.lhe.gz
12:19 madminer.utils.inter DEBUG   Systematics setup: OrderedDict()
12:19 madminer.utils.inter DEBUG   1 weight groups
12:19 madminer.delphes.del DEBUG   systematics_dict: OrderedDict()
12:19 madminer.utils.inter DEBUG   Parsing Delphes file /vols/cms/us322/events_4b/02b_final_events_4b/signal_sm/batch_1/run_01_decayed_1/tag_1_pythia8_events_delphes.root
12:19 madminer.utils.inter DEBUG   Not extracting weights
12:19 madminer.utils.inter DEBUG   Found 25000 events
12:22 madminer.utils.inter DEBUG     First 10 values for observable num_bjets:
[2. 1. 4. 3. 4. 4. 3. 3. 4. 4. 2. 2. 1. 3. 3. 3. 2. 3. 5. 2.]
12:22 madminer.utils.inter DEBUG     First 10 values for observable b0_pt:
[         nan          nan 128.3913269           nan  84.76531982
 156.57826233          nan          nan 173.31285095 125.79243469
          nan          nan          nan          nan          nan
          nan          nan          nan 157.87715149          nan]
12:22 madminer.utils.inter DEBUG     First 10 values for observable b0_eta:
[        nan         nan -1.23772073         nan  0.26553246 -0.74160737
         nan         nan  0.08014611 -1.242625           nan         nan
         nan         nan         nan         nan         nan         nan
  0.74270767         nan]
12:23 madminer.utils.inter DEBUG     First 10 values for observable b1_pt:
[         nan          nan 114.74560547          nan  73.28573608
  54.80507278          nan          nan  76.76927948  78.06648254
          nan          nan          nan          nan          nan
          nan          nan          nan  86.34416199          nan]
12:23 madminer.utils.inter DEBUG     First 10 values for observable b1_eta:
[        nan         nan -0.55544972         nan -0.65647578  0.28183684
         nan         nan -0.31221065  0.66915584         nan         nan
         nan         nan         nan         nan         nan         nan
  1.19522369         nan]
12:23 madminer.utils.inter DEBUG     First 10 values for observable b2_pt:
[        nan         nan 92.54226685         nan 65.4621582  28.45815659
         nan         nan 46.97167969 69.98897552         nan         nan
         nan         nan         nan         nan         nan         nan
 49.45881271         nan]
12:24 madminer.utils.inter DEBUG     First 10 values for observable b2_eta:
[        nan         nan -0.90224016         nan  0.33586761 -1.17432964
         nan         nan  0.2455388   0.70488644         nan         nan
         nan         nan         nan         nan         nan         nan
  1.89165652         nan]
12:24 madminer.utils.inter DEBUG     First 10 values for observable b3_pt:
[        nan         nan 59.01353073         nan 40.57059097 28.0395813
         nan         nan 31.45167923 31.23294258         nan         nan
         nan         nan         nan         nan         nan         nan
 37.67079163         nan]
12:24 madminer.utils.inter DEBUG     First 10 values for observable b3_eta:
[        nan         nan -1.29759014         nan  0.83475238 -1.05217564
         nan         nan -0.31240892 -2.00571823         nan         nan
         nan         nan         nan         nan         nan         nan
  2.07095599         nan]
12:25 madminer.utils.inter DEBUG     First 10 values for observable bb1_deltaR:
[       nan        nan 2.55030421        nan 1.20262456 2.82761135
        nan        nan 3.00511483 3.34794101        nan        nan
        nan        nan        nan        nan        nan        nan
 3.16881107        nan]
12:25 madminer.utils.inter DEBUG     First 10 values for observable bb2_deltaR:
[       nan        nan 0.46531431        nan 2.11812176 1.86585171
        nan        nan 1.44007287 3.72463228        nan        nan
        nan        nan        nan        nan        nan        nan
 0.47269819        nan]
12:25 madminer.utils.inter DEBUG     First 10 values for observable m_bb1:
[         nan          nan 245.63398989          nan  97.20182967
 205.13076838          nan          nan 235.30683698 293.70576343
          nan          nan          nan          nan          nan
          nan          nan          nan 240.70286626          nan]
12:26 madminer.utils.inter DEBUG     First 10 values for observable m_bb2:
[         nan          nan  38.68234695          nan  92.34412115
  45.72847132          nan          nan  53.12803846 192.14270887
          nan          nan          nan          nan          nan
          nan          nan          nan  23.58203874          nan]
12:26 madminer.utils.inter DEBUG     First 10 values for observable pt_bb1:
[         nan          nan  82.57607076          nan 146.48154524
 111.82976532          nan          nan  98.335868    61.45220262
          nan          nan          nan          nan          nan
          nan          nan          nan  71.53562405          nan]
12:26 madminer.utils.inter DEBUG     First 10 values for observable pt_bb2:
[         nan          nan 150.47243393          nan  58.6691841
  33.73605816          nan          nan  62.50655915  47.26595216
          nan          nan          nan          nan          nan
          nan          nan          nan  85.0928975           nan]
12:27 madminer.utils.inter DEBUG     First 10 values for observable m_tot_4b:
[nan nan nan nan nan nan nan nan nan nan nan nan nan nan nan nan nan nan
 nan nan]
12:30 madminer.utils.inter DEBUG     25000 / 25000 events pass required observable num_bjets
12:30 madminer.utils.inter DEBUG     2939 / 25000 events pass required observable b0_pt
12:30 madminer.utils.inter DEBUG     2939 / 25000 events pass required observable b0_eta
12:30 madminer.utils.inter DEBUG     2939 / 25000 events pass required observable b1_pt
12:30 madminer.utils.inter DEBUG     2939 / 25000 events pass required observable b1_eta
12:30 madminer.utils.inter DEBUG     2939 / 25000 events pass required observable b2_pt
12:30 madminer.utils.inter DEBUG     2939 / 25000 events pass required observable b2_eta
12:30 madminer.utils.inter DEBUG     2939 / 25000 events pass required observable b3_pt
12:30 madminer.utils.inter DEBUG     2939 / 25000 events pass required observable b3_eta
12:30 madminer.utils.inter DEBUG     2939 / 25000 events pass required observable bb1_deltaR
12:30 madminer.utils.inter DEBUG     2939 / 25000 events pass required observable bb2_deltaR
12:30 madminer.utils.inter DEBUG     2939 / 25000 events pass required observable m_bb1
12:30 madminer.utils.inter DEBUG     2939 / 25000 events pass required observable m_bb2
12:30 madminer.utils.inter DEBUG     2939 / 25000 events pass required observable pt_bb1
12:30 madminer.utils.inter DEBUG     2939 / 25000 events pass required observable pt_bb2
12:30 madminer.utils.inter DEBUG     0 / 25000 events pass required observable m_tot_4b
12:30 madminer.utils.inter DEBUG     2939 / 25000 events pass cut Cut(name='CUT', val_expression='num_bjets>=4', is_required=False)
12:30 madminer.utils.inter DEBUG     2606 / 25000 events pass cut Cut(name='CUT', val_expression='b0_pt>80', is_required=False)
12:30 madminer.utils.inter DEBUG     2431 / 25000 events pass cut Cut(name='CUT', val_expression='b1_pt>60', is_required=False)
12:30 madminer.utils.inter DEBUG     2178 / 25000 events pass cut Cut(name='CUT', val_expression='b2_pt>45', is_required=False)
12:30 madminer.utils.inter DEBUG     1721 / 25000 events pass cut Cut(name='CUT', val_expression='b3_pt>35', is_required=False)
12:30 madminer.utils.inter DEBUG     2886 / 25000 events pass cut Cut(name='CUT', val_expression='abs(b0_eta)<2.5', is_required=False)
12:30 madminer.utils.inter DEBUG     2859 / 25000 events pass cut Cut(name='CUT', val_expression='abs(b1_eta)<2.5', is_required=False)
12:30 madminer.utils.inter DEBUG     2844 / 25000 events pass cut Cut(name='CUT', val_expression='abs(b2_eta)<2.5', is_required=False)
12:30 madminer.utils.inter DEBUG     2805 / 25000 events pass cut Cut(name='CUT', val_expression='abs(b3_eta)<2.5', is_required=False)
12:30 madminer.utils.inter DEBUG     2939 / 25000 events pass cut Cut(name='CUT', val_expression='bb1_deltaR>0.4', is_required=False)
12:30 madminer.utils.inter DEBUG     2939 / 25000 events pass cut Cut(name='CUT', val_expression='bb2_deltaR>0.4', is_required=False)
12:30 madminer.utils.inter WARNING   No observations remaining!
12:30 madminer.delphes.del WARNING No remaining events in this Delphes file, skipping it
12:30 madminer.delphes.del INFO    Analysing Delphes sample /vols/cms/us322/events_4b/02b_final_events_4b/signal_sm/batch_1/run_02_decayed_1/tag_1_pythia8_events_delphes.root: Calculating 16 observables, requiring 11 selection cuts, associated with no systematics
12:30 madminer.delphes.del DEBUG   Extracting nuisance parameter definitions from LHE file
12:30 madminer.utils.inter DEBUG   Parsing nuisance parameter setup from LHE file at /vols/cms/us322/events_4b/02b_final_events_4b/signal_sm/batch_1//run_02_decayed_1/unweighted_events.lhe.gz
12:30 madminer.utils.inter DEBUG   Systematics setup: OrderedDict()
12:30 madminer.utils.inter DEBUG   1 weight groups
12:30 madminer.delphes.del DEBUG   systematics_dict: OrderedDict()
12:30 madminer.utils.inter DEBUG   Parsing Delphes file /vols/cms/us322/events_4b/02b_final_events_4b/signal_sm/batch_1/run_02_decayed_1/tag_1_pythia8_events_delphes.root
12:30 madminer.utils.inter DEBUG   Not extracting weights
12:30 madminer.utils.inter DEBUG   Found 25000 events
12:33 madminer.utils.inter DEBUG     First 10 values for observable num_bjets:
[2. 1. 3. 3. 3. 2. 2. 4. 1. 1. 2. 2. 1. 2. 2. 1. 1. 3. 1. 4.]
12:33 madminer.utils.inter DEBUG     First 10 values for observable b0_pt:
[         nan          nan          nan          nan          nan
          nan          nan 123.84646606          nan          nan
          nan          nan          nan          nan          nan
          nan          nan          nan          nan  76.65075684]
12:33 madminer.utils.inter DEBUG     First 10 values for observable b0_eta:
[       nan        nan        nan        nan        nan        nan
        nan 1.05137122        nan        nan        nan        nan
        nan        nan        nan        nan        nan        nan
        nan 2.19811654]
12:34 madminer.utils.inter DEBUG     First 10 values for observable b1_pt:
[         nan          nan          nan          nan          nan
          nan          nan 101.3888855           nan          nan
          nan          nan          nan          nan          nan
          nan          nan          nan          nan  61.53373337]
12:34 madminer.utils.inter DEBUG     First 10 values for observable b1_eta:
[        nan         nan         nan         nan         nan         nan
         nan -0.00612802         nan         nan         nan         nan
         nan         nan         nan         nan         nan         nan
         nan  1.43700433]
12:34 madminer.utils.inter DEBUG     First 10 values for observable b2_pt:
[        nan         nan         nan         nan         nan         nan
         nan 83.66503906         nan         nan         nan         nan
         nan         nan         nan         nan         nan         nan
         nan 36.89806366]
12:35 madminer.utils.inter DEBUG     First 10 values for observable b2_eta:
[        nan         nan         nan         nan         nan         nan
         nan -0.81326866         nan         nan         nan         nan
         nan         nan         nan         nan         nan         nan
         nan  3.33704948]
12:35 madminer.utils.inter DEBUG     First 10 values for observable b3_pt:
[        nan         nan         nan         nan         nan         nan
         nan 45.1509285          nan         nan         nan         nan
         nan         nan         nan         nan         nan         nan
         nan 26.73981476]
12:35 madminer.utils.inter DEBUG     First 10 values for observable b3_eta:
[       nan        nan        nan        nan        nan        nan
        nan 0.13242732        nan        nan        nan        nan
        nan        nan        nan        nan        nan        nan
        nan 1.02531314]
12:36 madminer.utils.inter DEBUG     First 10 values for observable bb1_deltaR:
[       nan        nan        nan        nan        nan        nan
        nan 3.10584351        nan        nan        nan        nan
        nan        nan        nan        nan        nan        nan
        nan 2.67633747]
12:36 madminer.utils.inter DEBUG     First 10 values for observable bb2_deltaR:
[       nan        nan        nan        nan        nan        nan
        nan 2.49017071        nan        nan        nan        nan
        nan        nan        nan        nan        nan        nan
        nan 3.5905791 ]
12:36 madminer.utils.inter DEBUG     First 10 values for observable m_bb1:
[         nan          nan          nan          nan          nan
          nan          nan 258.19388433          nan          nan
          nan          nan          nan          nan          nan
          nan          nan          nan          nan 143.16985934]
12:37 madminer.utils.inter DEBUG     First 10 values for observable m_bb2:
[         nan          nan          nan          nan          nan
          nan          nan 128.34013216          nan          nan
          nan          nan          nan          nan          nan
          nan          nan          nan          nan 110.63553235]
12:37 madminer.utils.inter DEBUG     First 10 values for observable pt_bb1:
[        nan         nan         nan         nan         nan         nan
         nan 33.42042149         nan         nan         nan         nan
         nan         nan         nan         nan         nan         nan
         nan 41.82542107]
12:37 madminer.utils.inter DEBUG     First 10 values for observable pt_bb2:
[        nan         nan         nan         nan         nan         nan
         nan 63.12181848         nan         nan         nan         nan
         nan         nan         nan         nan         nan         nan
         nan 15.95425234]
12:38 madminer.utils.inter DEBUG     First 10 values for observable m_tot_4b:
[nan nan nan nan nan nan nan nan nan nan nan nan nan nan nan nan nan nan
 nan nan]
12:41 madminer.utils.inter DEBUG     25000 / 25000 events pass required observable num_bjets
12:41 madminer.utils.inter DEBUG     2984 / 25000 events pass required observable b0_pt
12:41 madminer.utils.inter DEBUG     2984 / 25000 events pass required observable b0_eta
12:41 madminer.utils.inter DEBUG     2984 / 25000 events pass required observable b1_pt
12:41 madminer.utils.inter DEBUG     2984 / 25000 events pass required observable b1_eta
12:41 madminer.utils.inter DEBUG     2984 / 25000 events pass required observable b2_pt
12:41 madminer.utils.inter DEBUG     2984 / 25000 events pass required observable b2_eta
12:41 madminer.utils.inter DEBUG     2984 / 25000 events pass required observable b3_pt
12:41 madminer.utils.inter DEBUG     2984 / 25000 events pass required observable b3_eta
12:41 madminer.utils.inter DEBUG     2984 / 25000 events pass required observable bb1_deltaR
12:41 madminer.utils.inter DEBUG     2984 / 25000 events pass required observable bb2_deltaR
12:41 madminer.utils.inter DEBUG     2984 / 25000 events pass required observable m_bb1
12:41 madminer.utils.inter DEBUG     2984 / 25000 events pass required observable m_bb2
12:41 madminer.utils.inter DEBUG     2984 / 25000 events pass required observable pt_bb1
12:41 madminer.utils.inter DEBUG     2984 / 25000 events pass required observable pt_bb2
12:41 madminer.utils.inter DEBUG     0 / 25000 events pass required observable m_tot_4b
12:41 madminer.utils.inter DEBUG     2984 / 25000 events pass cut Cut(name='CUT', val_expression='num_bjets>=4', is_required=False)
12:41 madminer.utils.inter DEBUG     2629 / 25000 events pass cut Cut(name='CUT', val_expression='b0_pt>80', is_required=False)
12:41 madminer.utils.inter DEBUG     2473 / 25000 events pass cut Cut(name='CUT', val_expression='b1_pt>60', is_required=False)
12:41 madminer.utils.inter DEBUG     2207 / 25000 events pass cut Cut(name='CUT', val_expression='b2_pt>45', is_required=False)
12:41 madminer.utils.inter DEBUG     1731 / 25000 events pass cut Cut(name='CUT', val_expression='b3_pt>35', is_required=False)
12:41 madminer.utils.inter DEBUG     2919 / 25000 events pass cut Cut(name='CUT', val_expression='abs(b0_eta)<2.5', is_required=False)
12:41 madminer.utils.inter DEBUG     2908 / 25000 events pass cut Cut(name='CUT', val_expression='abs(b1_eta)<2.5', is_required=False)
12:41 madminer.utils.inter DEBUG     2888 / 25000 events pass cut Cut(name='CUT', val_expression='abs(b2_eta)<2.5', is_required=False)
12:41 madminer.utils.inter DEBUG     2843 / 25000 events pass cut Cut(name='CUT', val_expression='abs(b3_eta)<2.5', is_required=False)
12:41 madminer.utils.inter DEBUG     2984 / 25000 events pass cut Cut(name='CUT', val_expression='bb1_deltaR>0.4', is_required=False)
12:41 madminer.utils.inter DEBUG     2983 / 25000 events pass cut Cut(name='CUT', val_expression='bb2_deltaR>0.4', is_required=False)
12:41 madminer.utils.inter WARNING   No observations remaining!
12:41 madminer.delphes.del WARNING No remaining events in this Delphes file, skipping it
12:41 madminer.delphes.del INFO    Analysed number of events per sampling benchmark:
12:41 madminer.delphes.del WARNING No observations to save!
