14:31 madminer.utils.inter INFO    HDF5 file does not contain nuisance parameters information
14:31 madminer.utils.inter INFO    HDF5 file does not contain finite difference information
14:31 madminer.utils.inter INFO    HDF5 file does not contain observables information
14:31 madminer.utils.inter INFO    HDF5 file does not contain sample summary information
14:31 madminer.utils.inter INFO    HDF5 file does not contain sample information
14:31 madminer.utils.inter INFO    HDF5 file does not contain systematic information
14:31 madminer.delphes.del DEBUG   Adding event sample /vols/cms/us322/events_4b/02b_final_events_4b/signal_sm/batch_4//run_01_decayed_1/tag_1_pythia8_events.hepmc.gz
14:31 madminer.delphes.del DEBUG   Adding event sample /vols/cms/us322/events_4b/02b_final_events_4b/signal_sm/batch_4//run_02_decayed_1/tag_1_pythia8_events.hepmc.gz
14:31 madminer.delphes.del INFO    Running Delphes on HepMC sample at /vols/cms/us322/events_4b/02b_final_events_4b/signal_sm/batch_4//run_01_decayed_1/tag_1_pythia8_events.hepmc.gz
14:31 madminer.utils.inter DEBUG   Unzipping /vols/cms/us322/events_4b/02b_final_events_4b/signal_sm/batch_4//run_01_decayed_1/tag_1_pythia8_events.hepmc.gz
14:44 madminer.utils.inter DEBUG   Deleting /vols/cms/us322/events_4b/02b_final_events_4b/signal_sm/batch_4/run_01_decayed_1/tag_1_pythia8_events.hepmc
14:44 madminer.delphes.del INFO    Running Delphes on HepMC sample at /vols/cms/us322/events_4b/02b_final_events_4b/signal_sm/batch_4//run_02_decayed_1/tag_1_pythia8_events.hepmc.gz
14:44 madminer.utils.inter DEBUG   Unzipping /vols/cms/us322/events_4b/02b_final_events_4b/signal_sm/batch_4//run_02_decayed_1/tag_1_pythia8_events.hepmc.gz
14:57 madminer.utils.inter DEBUG   Deleting /vols/cms/us322/events_4b/02b_final_events_4b/signal_sm/batch_4/run_02_decayed_1/tag_1_pythia8_events.hepmc
14:57 madminer.delphes.del DEBUG   Adding required observable num_bjets defined through external function
14:57 madminer.delphes.del DEBUG   Adding required observable n_electrons_veto defined through external function
14:57 madminer.delphes.del DEBUG   Adding required observable n_muons_veto defined through external function
14:57 madminer.delphes.del DEBUG   Adding required observable j0_pt defined through external function
14:57 madminer.delphes.del DEBUG   Adding required observable j0_eta defined through external function
14:57 madminer.delphes.del DEBUG   Adding required observable j1_pt defined through external function
14:57 madminer.delphes.del DEBUG   Adding required observable j1_eta defined through external function
14:57 madminer.delphes.del DEBUG   Adding required observable j2_pt defined through external function
14:57 madminer.delphes.del DEBUG   Adding required observable j2_eta defined through external function
14:57 madminer.delphes.del DEBUG   Adding required observable j3_pt defined through external function
14:57 madminer.delphes.del DEBUG   Adding required observable j3_eta defined through external function
14:57 madminer.delphes.del DEBUG   Adding required observable b0_pt defined through external function
14:57 madminer.delphes.del DEBUG   Adding required observable b0_eta defined through external function
14:57 madminer.delphes.del DEBUG   Adding required observable b1_pt defined through external function
14:57 madminer.delphes.del DEBUG   Adding required observable b1_eta defined through external function
14:57 madminer.delphes.del DEBUG   Adding required observable b2_pt defined through external function
14:57 madminer.delphes.del DEBUG   Adding required observable b2_eta defined through external function
14:57 madminer.delphes.del DEBUG   Adding required observable b3_pt defined through external function
14:57 madminer.delphes.del DEBUG   Adding required observable b3_eta defined through external function
14:57 madminer.delphes.del DEBUG   Adding required observable bb1_deltaR defined through external function
14:57 madminer.delphes.del DEBUG   Adding required observable bb2_deltaR defined through external function
14:57 madminer.delphes.del DEBUG   Adding required observable m_bb1 defined through external function
14:57 madminer.delphes.del DEBUG   Adding required observable m_bb2 defined through external function
14:57 madminer.delphes.del DEBUG   Adding required observable pt_bb1 defined through external function
14:57 madminer.delphes.del DEBUG   Adding required observable pt_bb2 defined through external function
14:57 madminer.delphes.del DEBUG   Adding required observable m_tot_4b defined through external function
14:57 madminer.delphes.del DEBUG   Adding required observable RHH defined through external function
14:57 madminer.delphes.del DEBUG   Adding required observable n_additional_jets defined through external function
14:57 madminer.delphes.del DEBUG   Adding cut num_bjets>=4
14:57 madminer.delphes.del DEBUG   Adding cut n_electrons_veto==0
14:57 madminer.delphes.del DEBUG   Adding cut n_muons_veto==0
14:57 madminer.delphes.del DEBUG   Adding cut j0_pt>35
14:57 madminer.delphes.del DEBUG   Adding cut j1_pt>35
14:57 madminer.delphes.del DEBUG   Adding cut j2_pt>35
14:57 madminer.delphes.del DEBUG   Adding cut j3_pt>30
14:57 madminer.delphes.del DEBUG   Adding cut abs(j0_eta)<2.5
14:57 madminer.delphes.del DEBUG   Adding cut abs(j1_eta)<2.5
14:57 madminer.delphes.del DEBUG   Adding cut abs(j2_eta)<2.5
14:57 madminer.delphes.del DEBUG   Adding cut abs(j3_eta)<2.5
14:57 madminer.delphes.del DEBUG   Adding cut RHH<55
14:57 madminer.delphes.del DEBUG   Adding cut abs(m_bb1-125)<25
14:57 madminer.delphes.del DEBUG   Adding cut abs(m_bb2-125)<25
14:57 madminer.delphes.del INFO    Analysing Delphes sample /vols/cms/us322/events_4b/02b_final_events_4b/signal_sm/batch_4/run_01_decayed_1/tag_1_pythia8_events_delphes.root: Calculating 28 observables, requiring 14 selection cuts, associated with no systematics
14:57 madminer.delphes.del DEBUG   Extracting nuisance parameter definitions from LHE file
14:57 madminer.utils.inter DEBUG   Parsing nuisance parameter setup from LHE file at /vols/cms/us322/events_4b/02b_final_events_4b/signal_sm/batch_4//run_01_decayed_1/unweighted_events.lhe.gz
14:57 madminer.utils.inter DEBUG   Systematics setup: OrderedDict()
14:57 madminer.utils.inter DEBUG   1 weight groups
14:57 madminer.delphes.del DEBUG   systematics_dict: OrderedDict()
14:57 madminer.utils.inter DEBUG   Parsing Delphes file /vols/cms/us322/events_4b/02b_final_events_4b/signal_sm/batch_4/run_01_decayed_1/tag_1_pythia8_events_delphes.root
14:57 madminer.utils.inter DEBUG   Not extracting weights
14:57 madminer.utils.inter DEBUG   Found 25000 events
15:00 madminer.utils.inter DEBUG     First 10 values for observable num_bjets:
[3. 2. 3. 2. 2. 1. 2. 3. 2. 3. 2. 2. 3. 1. 4. 2. 2. 3. 3. 2.]
15:00 madminer.utils.inter DEBUG     First 10 values for observable n_electrons_veto:
[0. 0. 0. 0. 0. 0. 0. 0. 0. 0. 0. 0. 0. 0. 0. 0. 0. 0. 0. 0.]
15:01 madminer.utils.inter DEBUG     First 10 values for observable n_muons_veto:
[0. 0. 0. 0. 0. 0. 0. 0. 0. 0. 0. 0. 0. 0. 0. 0. 0. 0. 0. 0.]
15:01 madminer.utils.inter DEBUG     First 10 values for observable j0_pt:
[ 89.32585907 146.25218201 102.19888306  73.09392548  96.69989777
 144.51652527 104.33287048 136.34210205  94.77521515 184.37709045
 105.88801575 176.64530945  82.07008362          nan  69.50112915
          nan 122.44515991 331.36050415 118.0091095           nan]
15:01 madminer.utils.inter DEBUG     First 10 values for observable j0_eta:
[ 0.86261809  1.41859543 -1.04687583 -0.14739513 -0.2143639   0.28889582
 -1.67194092 -1.31159234  0.82375383  0.19755614 -0.99838495 -1.17667484
  0.22884588         nan  0.53222001         nan -0.30616763  0.97314703
 -0.50217497         nan]
15:02 madminer.utils.inter DEBUG     First 10 values for observable j1_pt:
[ 81.17954254  72.40520477  93.8646698   58.40394211  93.34790039
 141.987854    92.0565567  125.56088257  76.1760788  166.77348328
  84.74399567  70.39003754  76.01182556          nan  58.63699722
          nan  52.97005844 279.14215088  60.09140396          nan]
15:02 madminer.utils.inter DEBUG     First 10 values for observable j1_eta:
[ 3.09849191  0.36206949  0.13789132 -2.18809414  0.15063797  0.18143658
 -1.15268815 -1.62461257  1.93104732  0.78163344 -0.44486463 -1.35797155
  1.70384586         nan -0.16386613         nan -1.18959856 -0.21789959
  1.25574613         nan]
15:02 madminer.utils.inter DEBUG     First 10 values for observable j2_pt:
[ 45.35385513  48.80081177  57.41432953  44.40274429  62.80903244
 110.05011749  81.35836029  78.73621368  69.91241455 130.00553894
  64.7077179   52.49530792  63.60698318          nan  51.10571671
          nan  42.71615982  90.29917908  51.29104233          nan]
15:03 madminer.utils.inter DEBUG     First 10 values for observable j2_eta:
[ 1.19272304 -1.2266326   0.32078779 -1.38560259 -0.56866157  2.0684855
 -0.58721817 -1.71334541 -0.36212078  0.74915266 -1.95911908  1.15462303
  2.33404589         nan  1.85835624         nan  2.59301591 -0.04766785
 -2.13764906         nan]
15:03 madminer.utils.inter DEBUG     First 10 values for observable j3_pt:
[40.5727272  26.75101852 46.77308655 26.02678108 53.5512619  79.31408691
 65.17969513 65.01945496 55.16612244 62.3554039  52.90114594 34.33706665
 53.69168091         nan 36.25494766         nan 27.24283028 29.33774185
 36.32632446         nan]
15:04 madminer.utils.inter DEBUG     First 10 values for observable j3_eta:
[ 3.52308249 -0.16710301 -2.06365323  2.57716489  0.680255    0.73243684
  1.1119256   0.08218484 -3.9414041   1.55810571 -1.59372151 -0.55864686
  0.8919763          nan  0.33372873         nan  3.81585741  0.18054447
 -2.19095278         nan]
15:04 madminer.utils.inter DEBUG     First 10 values for observable b0_pt:
[        nan         nan         nan         nan         nan         nan
         nan         nan         nan         nan         nan         nan
         nan         nan 69.50112915         nan         nan         nan
         nan         nan]
15:04 madminer.utils.inter DEBUG     First 10 values for observable b0_eta:
[       nan        nan        nan        nan        nan        nan
        nan        nan        nan        nan        nan        nan
        nan        nan 0.53222001        nan        nan        nan
        nan        nan]
15:05 madminer.utils.inter DEBUG     First 10 values for observable b1_pt:
[        nan         nan         nan         nan         nan         nan
         nan         nan         nan         nan         nan         nan
         nan         nan 58.63699722         nan         nan         nan
         nan         nan]
15:05 madminer.utils.inter DEBUG     First 10 values for observable b1_eta:
[        nan         nan         nan         nan         nan         nan
         nan         nan         nan         nan         nan         nan
         nan         nan -0.16386613         nan         nan         nan
         nan         nan]
15:05 madminer.utils.inter DEBUG     First 10 values for observable b2_pt:
[        nan         nan         nan         nan         nan         nan
         nan         nan         nan         nan         nan         nan
         nan         nan 51.10571671         nan         nan         nan
         nan         nan]
15:06 madminer.utils.inter DEBUG     First 10 values for observable b2_eta:
[       nan        nan        nan        nan        nan        nan
        nan        nan        nan        nan        nan        nan
        nan        nan 1.85835624        nan        nan        nan
        nan        nan]
15:06 madminer.utils.inter DEBUG     First 10 values for observable b3_pt:
[        nan         nan         nan         nan         nan         nan
         nan         nan         nan         nan         nan         nan
         nan         nan 36.25494766         nan         nan         nan
         nan         nan]
15:06 madminer.utils.inter DEBUG     First 10 values for observable b3_eta:
[       nan        nan        nan        nan        nan        nan
        nan        nan        nan        nan        nan        nan
        nan        nan 0.33372873        nan        nan        nan
        nan        nan]
15:07 madminer.utils.inter DEBUG     First 10 values for observable bb1_deltaR:
[       nan        nan        nan        nan        nan        nan
        nan        nan        nan        nan        nan        nan
        nan        nan 1.52680494        nan        nan        nan
        nan        nan]
15:07 madminer.utils.inter DEBUG     First 10 values for observable bb2_deltaR:
[       nan        nan        nan        nan        nan        nan
        nan        nan        nan        nan        nan        nan
        nan        nan 1.53771193        nan        nan        nan
        nan        nan]
15:08 madminer.utils.inter DEBUG     First 10 values for observable m_bb1:
[        nan         nan         nan         nan         nan         nan
         nan         nan         nan         nan         nan         nan
         nan         nan 93.31538055         nan         nan         nan
         nan         nan]
15:08 madminer.utils.inter DEBUG     First 10 values for observable m_bb2:
[        nan         nan         nan         nan         nan         nan
         nan         nan         nan         nan         nan         nan
         nan         nan 73.93291443         nan         nan         nan
         nan         nan]
15:09 madminer.utils.inter DEBUG     First 10 values for observable pt_bb1:
[        nan         nan         nan         nan         nan         nan
         nan         nan         nan         nan         nan         nan
         nan         nan 99.91467161         nan         nan         nan
         nan         nan]
15:09 madminer.utils.inter DEBUG     First 10 values for observable pt_bb2:
[        nan         nan         nan         nan         nan         nan
         nan         nan         nan         nan         nan         nan
         nan         nan 86.93613797         nan         nan         nan
         nan         nan]
15:09 madminer.utils.inter DEBUG     First 10 values for observable m_tot_4b:
[nan nan nan nan nan nan nan nan nan nan nan nan nan nan nan nan nan nan
 nan nan]
15:10 madminer.utils.inter DEBUG     First 10 values for observable RHH:
[        nan         nan         nan         nan         nan         nan
         nan         nan         nan         nan         nan         nan
         nan         nan 55.91146111         nan         nan         nan
         nan         nan]
15:10 madminer.utils.inter DEBUG     First 10 values for observable n_additional_jets:
[nan nan nan nan nan nan nan nan nan nan nan nan nan nan nan nan nan nan
 nan nan]
15:16 madminer.utils.inter DEBUG     25000 / 25000 events pass required observable num_bjets
15:16 madminer.utils.inter DEBUG     25000 / 25000 events pass required observable n_electrons_veto
15:16 madminer.utils.inter DEBUG     25000 / 25000 events pass required observable n_muons_veto
15:16 madminer.utils.inter DEBUG     17206 / 25000 events pass required observable j0_pt
15:16 madminer.utils.inter DEBUG     17206 / 25000 events pass required observable j0_eta
15:16 madminer.utils.inter DEBUG     17206 / 25000 events pass required observable j1_pt
15:16 madminer.utils.inter DEBUG     17206 / 25000 events pass required observable j1_eta
15:16 madminer.utils.inter DEBUG     17206 / 25000 events pass required observable j2_pt
15:16 madminer.utils.inter DEBUG     17206 / 25000 events pass required observable j2_eta
15:16 madminer.utils.inter DEBUG     17206 / 25000 events pass required observable j3_pt
15:16 madminer.utils.inter DEBUG     17206 / 25000 events pass required observable j3_eta
15:16 madminer.utils.inter DEBUG     2984 / 25000 events pass required observable b0_pt
15:16 madminer.utils.inter DEBUG     2984 / 25000 events pass required observable b0_eta
15:16 madminer.utils.inter DEBUG     2984 / 25000 events pass required observable b1_pt
15:16 madminer.utils.inter DEBUG     2984 / 25000 events pass required observable b1_eta
15:16 madminer.utils.inter DEBUG     2984 / 25000 events pass required observable b2_pt
15:16 madminer.utils.inter DEBUG     2984 / 25000 events pass required observable b2_eta
15:16 madminer.utils.inter DEBUG     2984 / 25000 events pass required observable b3_pt
15:16 madminer.utils.inter DEBUG     2984 / 25000 events pass required observable b3_eta
15:16 madminer.utils.inter DEBUG     2984 / 25000 events pass required observable bb1_deltaR
15:16 madminer.utils.inter DEBUG     2984 / 25000 events pass required observable bb2_deltaR
15:16 madminer.utils.inter DEBUG     2984 / 25000 events pass required observable m_bb1
15:16 madminer.utils.inter DEBUG     2984 / 25000 events pass required observable m_bb2
15:16 madminer.utils.inter DEBUG     2984 / 25000 events pass required observable pt_bb1
15:16 madminer.utils.inter DEBUG     2984 / 25000 events pass required observable pt_bb2
15:16 madminer.utils.inter DEBUG     0 / 25000 events pass required observable m_tot_4b
15:16 madminer.utils.inter DEBUG     2984 / 25000 events pass required observable RHH
15:16 madminer.utils.inter DEBUG     15 / 25000 events pass required observable n_additional_jets
15:16 madminer.utils.inter DEBUG     2984 / 25000 events pass cut Cut(name='CUT', val_expression='num_bjets>=4', is_required=False)
15:16 madminer.utils.inter DEBUG     24946 / 25000 events pass cut Cut(name='CUT', val_expression='n_electrons_veto==0', is_required=False)
15:16 madminer.utils.inter DEBUG     24883 / 25000 events pass cut Cut(name='CUT', val_expression='n_muons_veto==0', is_required=False)
15:16 madminer.utils.inter DEBUG     17201 / 25000 events pass cut Cut(name='CUT', val_expression='j0_pt>35', is_required=False)
15:16 madminer.utils.inter DEBUG     17125 / 25000 events pass cut Cut(name='CUT', val_expression='j1_pt>35', is_required=False)
15:16 madminer.utils.inter DEBUG     16256 / 25000 events pass cut Cut(name='CUT', val_expression='j2_pt>35', is_required=False)
15:16 madminer.utils.inter DEBUG     14862 / 25000 events pass cut Cut(name='CUT', val_expression='j3_pt>30', is_required=False)
15:16 madminer.utils.inter DEBUG     16369 / 25000 events pass cut Cut(name='CUT', val_expression='abs(j0_eta)<2.5', is_required=False)
15:16 madminer.utils.inter DEBUG     16106 / 25000 events pass cut Cut(name='CUT', val_expression='abs(j1_eta)<2.5', is_required=False)
15:16 madminer.utils.inter DEBUG     15565 / 25000 events pass cut Cut(name='CUT', val_expression='abs(j2_eta)<2.5', is_required=False)
15:16 madminer.utils.inter DEBUG     14913 / 25000 events pass cut Cut(name='CUT', val_expression='abs(j3_eta)<2.5', is_required=False)
15:16 madminer.utils.inter DEBUG     1578 / 25000 events pass cut Cut(name='CUT', val_expression='RHH<55', is_required=False)
15:16 madminer.utils.inter DEBUG     1204 / 25000 events pass cut Cut(name='CUT', val_expression='abs(m_bb1-125)<25', is_required=False)
15:16 madminer.utils.inter DEBUG     829 / 25000 events pass cut Cut(name='CUT', val_expression='abs(m_bb2-125)<25', is_required=False)
15:16 madminer.utils.inter WARNING   No observations remaining!
15:16 madminer.delphes.del WARNING No remaining events in this Delphes file, skipping it
15:16 madminer.delphes.del INFO    Analysing Delphes sample /vols/cms/us322/events_4b/02b_final_events_4b/signal_sm/batch_4/run_02_decayed_1/tag_1_pythia8_events_delphes.root: Calculating 28 observables, requiring 14 selection cuts, associated with no systematics
15:16 madminer.delphes.del DEBUG   Extracting nuisance parameter definitions from LHE file
15:16 madminer.utils.inter DEBUG   Parsing nuisance parameter setup from LHE file at /vols/cms/us322/events_4b/02b_final_events_4b/signal_sm/batch_4//run_02_decayed_1/unweighted_events.lhe.gz
15:16 madminer.utils.inter DEBUG   Systematics setup: OrderedDict()
15:16 madminer.utils.inter DEBUG   1 weight groups
15:16 madminer.delphes.del DEBUG   systematics_dict: OrderedDict()
15:16 madminer.utils.inter DEBUG   Parsing Delphes file /vols/cms/us322/events_4b/02b_final_events_4b/signal_sm/batch_4/run_02_decayed_1/tag_1_pythia8_events_delphes.root
15:16 madminer.utils.inter DEBUG   Not extracting weights
15:16 madminer.utils.inter DEBUG   Found 25000 events
15:18 madminer.utils.inter DEBUG     First 10 values for observable num_bjets:
[1. 3. 3. 2. 2. 3. 2. 2. 3. 4. 2. 3. 3. 3. 2. 1. 1. 1. 2. 1.]
15:19 madminer.utils.inter DEBUG     First 10 values for observable n_electrons_veto:
[0. 0. 0. 0. 0. 0. 0. 0. 0. 0. 0. 0. 0. 0. 0. 0. 0. 0. 0. 0.]
15:19 madminer.utils.inter DEBUG     First 10 values for observable n_muons_veto:
[0. 0. 0. 0. 0. 0. 0. 0. 0. 0. 0. 0. 0. 0. 0. 0. 0. 0. 0. 0.]
15:19 madminer.utils.inter DEBUG     First 10 values for observable j0_pt:
[135.35548401 214.99827576 276.2769165  321.98117065 241.29769897
 182.24650574 165.99240112 146.56689453  85.57498169 210.22296143
          nan 146.43688965  72.98945618 218.81260681 309.59606934
  96.81155396 172.7217865           nan 380.86181641          nan]
15:20 madminer.utils.inter DEBUG     First 10 values for observable j0_eta:
[ 2.60602665 -1.11115062 -1.6597532  -0.94030339  0.94112808  2.27681661
 -0.11835479  1.1392082   1.36999774  2.8467114          nan  0.61234242
 -0.70603889 -0.42298433  1.6612128   0.96264315  1.29492974         nan
 -1.1421057          nan]
15:20 madminer.utils.inter DEBUG     First 10 values for observable j1_pt:
[ 87.29234314 108.28553009 197.02680969 208.2038269  197.159729
 127.62199402 102.46676636 104.61706543  79.75463104 135.0990448
          nan  60.3669548   64.8052063  126.7724762  154.42834473
  69.4673233   78.0460968           nan 324.08172607          nan]
15:20 madminer.utils.inter DEBUG     First 10 values for observable j1_eta:
[-0.35137501 -1.36653244 -0.54808086 -2.25822353  2.43129826  1.65904737
 -1.37152147  0.83746994 -1.23270929  0.74285054         nan  0.19434674
  0.13958819 -0.34083453 -0.16362771  0.63879341  1.86350203         nan
  2.25529933         nan]
15:21 madminer.utils.inter DEBUG     First 10 values for observable j2_pt:
[ 41.96504593  50.53190231 137.14489746 109.76050568  94.13765717
 111.28623199  98.27138519  74.83530426  54.02231216 118.17302704
          nan  48.17391586  35.13298416  79.08210754  74.52352142
  42.3036232   72.5463562           nan 110.24253845          nan]
15:21 madminer.utils.inter DEBUG     First 10 values for observable j2_eta:
[ 0.66084468 -2.66522884 -2.81170201  2.28331685  0.45133728  1.0653007
 -0.72006124  0.31700537  0.49212107  0.44676444         nan -0.1018457
  0.44879791 -1.40956914  1.03680122 -4.31024408  2.75043058         nan
 -0.38783869         nan]
15:22 madminer.utils.inter DEBUG     First 10 values for observable j3_pt:
[ 35.42043686  38.81100845  61.20428848 100.09117889  25.02436447
 101.48758698  67.62127686  37.40747452  36.70965576  86.43531799
          nan  43.75906754  28.26618004  47.96025848  50.72879791
  39.61837387  64.18583679          nan  79.485672            nan]
15:22 madminer.utils.inter DEBUG     First 10 values for observable j3_eta:
[ 1.31895208 -2.4152329   2.16691351 -1.76426852  1.96044981  1.16029418
 -3.16301608  0.72242981 -0.56258625  1.09168029         nan -0.18022469
 -0.61160779 -0.10264523  0.58516502 -3.50260186  1.96433759         nan
 -0.84065229         nan]
15:22 madminer.utils.inter DEBUG     First 10 values for observable b0_pt:
[        nan         nan         nan         nan         nan         nan
         nan         nan         nan 135.0990448         nan         nan
         nan         nan         nan         nan         nan         nan
         nan         nan]
15:23 madminer.utils.inter DEBUG     First 10 values for observable b0_eta:
[       nan        nan        nan        nan        nan        nan
        nan        nan        nan 0.74285054        nan        nan
        nan        nan        nan        nan        nan        nan
        nan        nan]
15:23 madminer.utils.inter DEBUG     First 10 values for observable b1_pt:
[         nan          nan          nan          nan          nan
          nan          nan          nan          nan 118.17302704
          nan          nan          nan          nan          nan
          nan          nan          nan          nan          nan]
15:23 madminer.utils.inter DEBUG     First 10 values for observable b1_eta:
[       nan        nan        nan        nan        nan        nan
        nan        nan        nan 0.44676444        nan        nan
        nan        nan        nan        nan        nan        nan
        nan        nan]
15:24 madminer.utils.inter DEBUG     First 10 values for observable b2_pt:
[        nan         nan         nan         nan         nan         nan
         nan         nan         nan 86.43531799         nan         nan
         nan         nan         nan         nan         nan         nan
         nan         nan]
15:24 madminer.utils.inter DEBUG     First 10 values for observable b2_eta:
[       nan        nan        nan        nan        nan        nan
        nan        nan        nan 1.09168029        nan        nan
        nan        nan        nan        nan        nan        nan
        nan        nan]
15:24 madminer.utils.inter DEBUG     First 10 values for observable b3_pt:
[        nan         nan         nan         nan         nan         nan
         nan         nan         nan 81.23047638         nan         nan
         nan         nan         nan         nan         nan         nan
         nan         nan]
15:25 madminer.utils.inter DEBUG     First 10 values for observable b3_eta:
[       nan        nan        nan        nan        nan        nan
        nan        nan        nan 0.49399891        nan        nan
        nan        nan        nan        nan        nan        nan
        nan        nan]
15:25 madminer.utils.inter DEBUG     First 10 values for observable bb1_deltaR:
[       nan        nan        nan        nan        nan        nan
        nan        nan        nan 0.91137364        nan        nan
        nan        nan        nan        nan        nan        nan
        nan        nan]
15:26 madminer.utils.inter DEBUG     First 10 values for observable bb2_deltaR:
[      nan       nan       nan       nan       nan       nan       nan
       nan       nan 0.8948226       nan       nan       nan       nan
       nan       nan       nan       nan       nan       nan]
15:26 madminer.utils.inter DEBUG     First 10 values for observable m_bb1:
[        nan         nan         nan         nan         nan         nan
         nan         nan         nan 93.54699482         nan         nan
         nan         nan         nan         nan         nan         nan
         nan         nan]
15:26 madminer.utils.inter DEBUG     First 10 values for observable m_bb2:
[        nan         nan         nan         nan         nan         nan
         nan         nan         nan 91.57251825         nan         nan
         nan         nan         nan         nan         nan         nan
         nan         nan]
15:27 madminer.utils.inter DEBUG     First 10 values for observable pt_bb1:
[         nan          nan          nan          nan          nan
          nan          nan          nan          nan 197.20445084
          nan          nan          nan          nan          nan
          nan          nan          nan          nan          nan]
15:27 madminer.utils.inter DEBUG     First 10 values for observable pt_bb2:
[         nan          nan          nan          nan          nan
          nan          nan          nan          nan 195.08618772
          nan          nan          nan          nan          nan
          nan          nan          nan          nan          nan]
15:28 madminer.utils.inter DEBUG     First 10 values for observable m_tot_4b:
[nan nan nan nan nan nan nan nan nan nan nan nan nan nan nan nan nan nan
 nan nan]
15:28 madminer.utils.inter DEBUG     First 10 values for observable RHH:
[        nan         nan         nan         nan         nan         nan
         nan         nan         nan 42.39591081         nan         nan
         nan         nan         nan         nan         nan         nan
         nan         nan]
15:28 madminer.utils.inter DEBUG     First 10 values for observable n_additional_jets:
[nan nan nan nan nan nan nan nan nan nan nan nan nan nan nan nan nan nan
 nan nan]
15:34 madminer.utils.inter DEBUG     25000 / 25000 events pass required observable num_bjets
15:34 madminer.utils.inter DEBUG     25000 / 25000 events pass required observable n_electrons_veto
15:34 madminer.utils.inter DEBUG     25000 / 25000 events pass required observable n_muons_veto
15:34 madminer.utils.inter DEBUG     17362 / 25000 events pass required observable j0_pt
15:34 madminer.utils.inter DEBUG     17362 / 25000 events pass required observable j0_eta
15:34 madminer.utils.inter DEBUG     17362 / 25000 events pass required observable j1_pt
15:34 madminer.utils.inter DEBUG     17362 / 25000 events pass required observable j1_eta
15:34 madminer.utils.inter DEBUG     17362 / 25000 events pass required observable j2_pt
15:34 madminer.utils.inter DEBUG     17362 / 25000 events pass required observable j2_eta
15:34 madminer.utils.inter DEBUG     17362 / 25000 events pass required observable j3_pt
15:34 madminer.utils.inter DEBUG     17362 / 25000 events pass required observable j3_eta
15:34 madminer.utils.inter DEBUG     2924 / 25000 events pass required observable b0_pt
15:34 madminer.utils.inter DEBUG     2924 / 25000 events pass required observable b0_eta
15:34 madminer.utils.inter DEBUG     2924 / 25000 events pass required observable b1_pt
15:34 madminer.utils.inter DEBUG     2924 / 25000 events pass required observable b1_eta
15:34 madminer.utils.inter DEBUG     2924 / 25000 events pass required observable b2_pt
15:34 madminer.utils.inter DEBUG     2924 / 25000 events pass required observable b2_eta
15:34 madminer.utils.inter DEBUG     2924 / 25000 events pass required observable b3_pt
15:34 madminer.utils.inter DEBUG     2924 / 25000 events pass required observable b3_eta
15:34 madminer.utils.inter DEBUG     2924 / 25000 events pass required observable bb1_deltaR
15:34 madminer.utils.inter DEBUG     2924 / 25000 events pass required observable bb2_deltaR
15:34 madminer.utils.inter DEBUG     2924 / 25000 events pass required observable m_bb1
15:34 madminer.utils.inter DEBUG     2924 / 25000 events pass required observable m_bb2
15:34 madminer.utils.inter DEBUG     2924 / 25000 events pass required observable pt_bb1
15:34 madminer.utils.inter DEBUG     2924 / 25000 events pass required observable pt_bb2
15:34 madminer.utils.inter DEBUG     0 / 25000 events pass required observable m_tot_4b
15:34 madminer.utils.inter DEBUG     2924 / 25000 events pass required observable RHH
15:34 madminer.utils.inter DEBUG     17 / 25000 events pass required observable n_additional_jets
15:34 madminer.utils.inter DEBUG     2924 / 25000 events pass cut Cut(name='CUT', val_expression='num_bjets>=4', is_required=False)
15:34 madminer.utils.inter DEBUG     24960 / 25000 events pass cut Cut(name='CUT', val_expression='n_electrons_veto==0', is_required=False)
15:34 madminer.utils.inter DEBUG     24891 / 25000 events pass cut Cut(name='CUT', val_expression='n_muons_veto==0', is_required=False)
15:34 madminer.utils.inter DEBUG     17357 / 25000 events pass cut Cut(name='CUT', val_expression='j0_pt>35', is_required=False)
15:34 madminer.utils.inter DEBUG     17269 / 25000 events pass cut Cut(name='CUT', val_expression='j1_pt>35', is_required=False)
15:34 madminer.utils.inter DEBUG     16404 / 25000 events pass cut Cut(name='CUT', val_expression='j2_pt>35', is_required=False)
15:34 madminer.utils.inter DEBUG     14934 / 25000 events pass cut Cut(name='CUT', val_expression='j3_pt>30', is_required=False)
15:34 madminer.utils.inter DEBUG     16552 / 25000 events pass cut Cut(name='CUT', val_expression='abs(j0_eta)<2.5', is_required=False)
15:34 madminer.utils.inter DEBUG     16251 / 25000 events pass cut Cut(name='CUT', val_expression='abs(j1_eta)<2.5', is_required=False)
15:34 madminer.utils.inter DEBUG     15637 / 25000 events pass cut Cut(name='CUT', val_expression='abs(j2_eta)<2.5', is_required=False)
15:34 madminer.utils.inter DEBUG     15111 / 25000 events pass cut Cut(name='CUT', val_expression='abs(j3_eta)<2.5', is_required=False)
15:34 madminer.utils.inter DEBUG     1618 / 25000 events pass cut Cut(name='CUT', val_expression='RHH<55', is_required=False)
15:34 madminer.utils.inter DEBUG     1216 / 25000 events pass cut Cut(name='CUT', val_expression='abs(m_bb1-125)<25', is_required=False)
15:34 madminer.utils.inter DEBUG     828 / 25000 events pass cut Cut(name='CUT', val_expression='abs(m_bb2-125)<25', is_required=False)
15:34 madminer.utils.inter WARNING   No observations remaining!
15:34 madminer.delphes.del WARNING No remaining events in this Delphes file, skipping it
15:34 madminer.delphes.del INFO    Analysed number of events per sampling benchmark:
15:34 madminer.delphes.del WARNING No observations to save!
