************************************************************
*                                                          *
*                     W E L C O M E to                     *
*              M A D G R A P H 5 _ a M C @ N L O           *
*                                                          *
*                                                          *
*                 *                       *                *
*                   *        * *        *                  *
*                     * * * * 5 * * * *                    *
*                   *        * *        *                  *
*                 *                       *                *
*                                                          *
*         VERSION 3.5.1                 2023-07-11         *
*                                                          *
*    The MadGraph5_aMC@NLO Development Team - Find us at   *
*              http://madgraph.phys.ucl.ac.be/             *
*                            and                           *
*            http://amcatnlo.web.cern.ch/amcatnlo/         *
*                                                          *
*               Type 'help' for in-line help.              *
*           Type 'tutorial' to learn how MG5 works         *
*    Type 'tutorial aMCatNLO' to learn how aMC@NLO works   *
*    Type 'tutorial MadLoop' to learn how MadLoop works    *
*                                                          *
************************************************************
load MG5 configuration from ../../../../srv/localstage/condor/dir_2053891/mg5amcnlo/input/mg5_configuration.txt 
fastjet-config does not seem to correspond to a valid fastjet-config executable (v3+). We will use fjcore instead.
 Please set the 'fastjet'variable to the full (absolute) /PATH/TO/fastjet-config (including fastjet-config).
 MG5_aMC> set fastjet /PATH/TO/fastjet-config

eMELA-config does not seem to correspond to a valid eMELA-config executable.
 Please set the 'fastjet'variable to the full (absolute) /PATH/TO/eMELA-config (including eMELA-config).
 MG5_aMC> set eMELA /PATH/TO/eMELA-config

lhapdf-config does not seem to correspond to a valid lhapdf-config executable. 
Please set the 'lhapdf' variable to the (absolute) /PATH/TO/lhapdf-config (including lhapdf-config).
Note that you can still compile and run aMC@NLO with the built-in PDFs
 MG5_aMC> set lhapdf /PATH/TO/lhapdf-config

None does not seem to correspond to a valid lhapdf-config executable. 
Please set the 'lhapdf' variable to the (absolute) /PATH/TO/lhapdf-config (including lhapdf-config).
Note that you can still compile and run aMC@NLO with the built-in PDFs
 MG5_aMC> set lhapdf /PATH/TO/lhapdf-config

Using default text editor "vi". Set another one in ./input/mg5_configuration.txt
Using default eps viewer "evince". Set another one in ./input/mg5_configuration.txt
Using default web browser "firefox". Set another one in ./input/mg5_configuration.txt
import /vols/cms/us322/events_4b/02_event_generation_4b/mg_processes/signal_supp_4/morphing_basis_vector_3/madminer/cards/mg_commands_0.dat
The import format was not given, so we guess it as command
launch /vols/cms/us322/events_4b/02_event_generation_4b/mg_processes/signal_supp_4/morphing_basis_vector_3
************************************************************
*                                                          *
*                      W E L C O M E to                    *
*             M A D G R A P H 5 _ a M C @ N L O            *
*                      M A D E V E N T                     *
*                                                          *
*                 *                       *                *
*                   *        * *        *                  *
*                     * * * * 5 * * * *                    *
*                   *        * *        *                  *
*                 *                       *                *
*                                                          *
*         VERSION 3.5.1                 2023-07-11         *
*                                                          *
*    The MadGraph5_aMC@NLO Development Team - Find us at   *
*    https://server06.fynu.ucl.ac.be/projects/madgraph     *
*                                                          *
*               Type 'help' for in-line help.              *
*                                                          *
************************************************************
INFO: load configuration from /vols/cms/us322/events_4b/02_event_generation_4b/mg_processes/signal_supp_4/morphing_basis_vector_3/Cards/me5_configuration.txt  
INFO: load configuration from /srv/localstage/condor/dir_2053891/mg5amcnlo/input/mg5_configuration.txt  
INFO: load configuration from /vols/cms/us322/events_4b/02_event_generation_4b/mg_processes/signal_supp_4/morphing_basis_vector_3/Cards/me5_configuration.txt  
Using default text editor "vi". Set another one in ./input/mg5_configuration.txt
generate_events run_01
stty: 'standard input': Inappropriate ioctl for device
The following switches determine which programs are run:
/===========================================================================\
| 1. Choose the shower/hadronization program   [1m  shower[0m = [32mPythia8[0m           |
| 2. Choose the detector simulation program    [1mdetector[0m = [01mNot Avail.[0m        |
| 3. Choose an analysis package (plot/convert) [1manalysis[0m = [01mNot Avail.[0m        |
| 4. Decay onshell particles                   [1m madspin[0m = [32mON[0m                |
| 5. Add weights to events for new hypp.       [1mreweight[0m = [32mON[0m                |
\===========================================================================/
Either type the switch number (1 to 5) to change its setting,
Set any switch explicitly (e.g. type 'shower=OFF' at the prompt)
Type 'help' for the list of all valid option
Type '0', 'auto', 'done' or just press enter when you are done.
[1;34mfound line : order=LO[0m
[1;34mThis answer is not valid for current question. Keep it for next question and use here default: 0[0m
Do you want to edit a card (press enter to bypass editing)?
/------------------------------------------------------------\
|  [31m1[0m. param         : [32mparam_card.dat[0m                         |
|  [31m2[0m. run           : [32mrun_card.dat[0m                           |
|  [31m3[0m. pythia8       : [32mpythia8_card.dat[0m                       |
|  [31m4[0m. madspin       : [32mmadspin_card.dat[0m                       |
|  [31m5[0m. reweight      : [32mreweight_card.dat[0m                      |
|  [31m6[0m. MadLoopParams : [32mMadLoopParams.dat[0m                      |
\------------------------------------------------------------/
 you can also
   - enter the path to a valid card or banner.
   - use the 'set' command to modify a parameter directly.
     The set option works only for param_card and run_card.
     Type 'help set' for more information on this command.
   - call an external program (ASperGE/MadWidth/...).
     Type 'help' for the list of available command
 [[4m0[0m, done, 1, param, 2, run, 3, pythia8, 4, enter path, ... ]
[1;34mfound line : order=LO[0m
[1;34mThis answer is not valid for current question. Keep it for next question and use here default: 0[0m
INFO: Update the dependent parameter of the param_card.dat 
[1;34mWARNING: update the strong coupling value (alpha_s) to the value from the pdf selected: 0.119 [0m
[1;34mWARNING: Unknow type of information in the card: dim64f2l,dim64f,dim64f4l [0m
Generating 25000 events with run name run_01
survey  run_01 
INFO: compile directory 
initMadLoop -r -f
Error: no DISPLAY environment variable specified
Initializing MadLoop loop-induced matrix elements (this can take some time)...
MadLoop initialization finished.
compile Source Directory
Using random number seed offset = 12950
INFO: Running Survey 
Creating Jobs
Working on SubProcesses
INFO:     P0_gg_hh  
INFO:  Idle: 1,  Running: 3,  Completed: 0 [ current time: 20h59 ] 
INFO:  Idle: 0,  Running: 3,  Completed: 1 [  13.3s  ] 
INFO: P0_gg_hh/G1 is at 0.0466 +- 0.00162 pb. Now submitting iteration #2. 
INFO:  Idle: 0,  Running: 3,  Completed: 6 [  35s  ] 
INFO: P0_gg_hh/G1 is at 0.049 +- 0.000898 pb. Now submitting iteration #3. 
INFO:  Idle: 0,  Running: 3,  Completed: 11 [  1m 17s  ] 
INFO: Survey finished for P0_gg_hh/G1 at 0.04869 +- 0.000304 pb 
INFO:  Idle: 0,  Running: 0,  Completed: 15 [  1m 17s  ] 
INFO: End survey 
refine 25000
Creating Jobs
INFO: Refine results to 25000 
INFO: Generating 25000.0 unweighted events. 
sum of cpu time of last step: 0 second
INFO: Effective Luminosity 590486.1667385544 pb^-1 
INFO: need to improve 1 channels 
- Current estimate of cross-section: 0.048687 +- 0.00030445
INFO:  Idle: 0,  Running: 16,  Completed: 0 [ current time: 21h00 ] 
INFO:  Idle: 0,  Running: 15,  Completed: 1 [  58.5s  ] 
INFO: P0_gg_hh/G1 is at 7560/28744 (26%) event. Resubmit 15 job at iteration 1. 
INFO:  Idle: 0,  Running: 14,  Completed: 18 [  1m 53s  ] 
INFO: P0_gg_hh/G1 is at 14630/28747 (51%) event. Resubmit 30 job at iteration 2. 
INFO:  Idle: 13,  Running: 16,  Completed: 34 [  2m 54s  ] 
INFO:  Idle: 0,  Running: 13,  Completed: 50 [  3m 45s  ] 
INFO: found enough event for P0_gg_hh/G1 
INFO:  Idle: 0,  Running: 0,  Completed: 64 [  3m 47s  ] 
INFO: Combining runs 
sum of cpu time of last step: 0 second
INFO: finish refine 
refine 25000 --treshold=0.9
No need for second refine due to stability of cross-section
INFO: Combining Events 
 
 
 
  === Results Summary for run: run_01 tag: tag_1 ===

     Cumulative sequential time for this run: 4m59s
     Cross-section :   0.04872 +- 2.837e-05 pb
     Nb of events :  25000
 
store_events
INFO: Storing parton level results 
INFO: End Parton 
reweight -from_cards
INFO: Extracting the banner ... 
INFO: process: p p > H H QED=2 QCD=2  
INFO: options: NP=2  
INFO: Running Reweighting 
change output default
change helicity False
launch --rwgt_name=sm
INFO: detected model: SMEFTatNLO-LO. Loading... 
INFO: generating the square matrix element for reweighting 
INFO: generate p p > H H   QED=2 QCD=2 NP=2   --no_warning=duplicate;define pert_QCD = -5 -4 -3 -2 -1 1 2 3 4 5 21;add process p p > H H    pert_QCD QED=2 QCD=3 NP=2    --no_warning=duplicate; 
INFO: RETRY with generate p p > H H   QED=2 QCD=2 NP=2  [virt=QCD] ; 
INFO: Done 7.793 
Do you want to edit a card (press enter to bypass editing)?
/------------------------------------------------------------\
|  [31m1[0m. param : [32mparam_card.dat[0m                                 |
|  [31m9[0m. plot  : [32mplot_card.dat[0m                                  |
\------------------------------------------------------------/
 you can also
   - enter the path to a valid card or banner.
   - use the 'set' command to modify a parameter directly.
     The set option works only for param_card and run_card.
     Type 'help set' for more information on this command.
   - call an external program (ASperGE/MadWidth/...).
     Type 'help' for the list of available command
 [[4m0[0m, done, 1, param, 9, plot, enter path]
>INFO: starts to compute weight for events with the following modification to the param_card: 
INFO: set param_card dim6 4 0.0 # orig: -4.70413
KEEP:set param_card dim6 5 0.0 # orig: -2.237588
KEEP:set param_card dim62f 19 0.0 # orig: 4.219889
KEEP: 
INFO: Event nb 0 current time: 21h04 
INFO: Event nb 10  0.36s  
INFO: Event nb 20  0.44s  
INFO: Event nb 30  0.52s  
INFO: Event nb 40  0.6s  
INFO: Event nb 50  0.68s  
INFO: Event nb 60  0.76s  
INFO: Event nb 70  0.84s  
INFO: Event nb 80  0.93s  
INFO: Event nb 90  1s  
INFO: Event nb 100  1.1s  
INFO: Event nb 200  1.9s  
INFO: Event nb 300  2.7s  
INFO: Event nb 400  3.5s  
INFO: Event nb 500  4.3s  
INFO: Event nb 600  5.1s  
INFO: Event nb 700  5.9s  
INFO: Event nb 800  6.7s  
INFO: Event nb 900  7.5s  
INFO: Event nb 1000  8.3s  
INFO: Event nb 2000  16.4s  
INFO: Event nb 3000  24.5s  
INFO: Event nb 4000  32.6s  
INFO: Event nb 5000  40.9s  
INFO: Event nb 6000  49.2s  
INFO: Event nb 7000  57.2s  
INFO: Event nb 8000  1m 5s  
INFO: Event nb 9000  1m 13s  
INFO: Event nb 10000  1m 21s  
INFO: reducing number of print status. Next status update in 10000 events 
INFO: Event nb 20000  2m 42s  
INFO: All event done  (nb_event: 25000)  3m 22s  
INFO: Event /vols/cms/us322/events_4b/02_event_generation_4b/mg_processes/signal_supp_4/morphing_basis_vector_3/Events/run_01/unweighted_events.lhe have now the additional weight 
INFO: new cross-section is : 0.0159331 pb (indicative error: 0.000610654 pb) 
launch --rwgt_name=morphing_basis_vector_1
Do you want to edit a card (press enter to bypass editing)?
/------------------------------------------------------------\
|  [31m1[0m. param : [32mparam_card.dat[0m                                 |
|  [31m9[0m. plot  : [32mplot_card.dat[0m                                  |
\------------------------------------------------------------/
 you can also
   - enter the path to a valid card or banner.
   - use the 'set' command to modify a parameter directly.
     The set option works only for param_card and run_card.
     Type 'help set' for more information on this command.
   - call an external program (ASperGE/MadWidth/...).
     Type 'help' for the list of available command
 [[4m0[0m, done, 1, param, 9, plot, enter path]
>INFO: starts to compute weight for events with the following modification to the param_card: 
INFO: set param_card dim6 4 -4.270762 # orig: -4.70413
KEEP:set param_card dim6 5 -9.635791 # orig: -2.237588
KEEP:set param_card dim62f 19 -5.011696 # orig: 4.219889
KEEP: 
INFO: Event nb 0 current time: 21h08 
INFO: Event nb 10  0.088s  
INFO: Event nb 20  0.17s  
INFO: Event nb 30  0.26s  
INFO: Event nb 40  0.35s  
INFO: Event nb 50  0.43s  
INFO: Event nb 60  0.52s  
INFO: Event nb 70  0.6s  
INFO: Event nb 80  0.69s  
INFO: Event nb 90  0.78s  
INFO: Event nb 100  0.86s  
INFO: Event nb 200  1.7s  
INFO: Event nb 300  2.6s  
INFO: Event nb 400  3.5s  
INFO: Event nb 500  4.3s  
INFO: Event nb 600  5.2s  
INFO: Event nb 700  6.1s  
INFO: Event nb 800  6.9s  
INFO: Event nb 900  7.8s  
INFO: Event nb 1000  8.7s  
INFO: Event nb 2000  17.5s  
INFO: Event nb 3000  26.2s  
INFO: Event nb 4000  34.9s  
INFO: Event nb 5000  43.8s  
INFO: Event nb 6000  52.6s  
INFO: Event nb 7000  1m 1s  
INFO: Event nb 8000  1m 10s  
INFO: Event nb 9000  1m 19s  
INFO: Event nb 10000  1m 28s  
INFO: reducing number of print status. Next status update in 10000 events 
INFO: Event nb 20000  2m 57s  
INFO: All event done  (nb_event: 25000)  3m 41s  
INFO: Event /vols/cms/us322/events_4b/02_event_generation_4b/mg_processes/signal_supp_4/morphing_basis_vector_3/Events/run_01/unweighted_events.lhe have now the additional weight 
INFO: new cross-section is : 0.0482647 pb (indicative error: 0.0107127 pb) 
launch --rwgt_name=morphing_basis_vector_2
Do you want to edit a card (press enter to bypass editing)?
/------------------------------------------------------------\
|  [31m1[0m. param : [32mparam_card.dat[0m                                 |
|  [31m9[0m. plot  : [32mplot_card.dat[0m                                  |
\------------------------------------------------------------/
 you can also
   - enter the path to a valid card or banner.
   - use the 'set' command to modify a parameter directly.
     The set option works only for param_card and run_card.
     Type 'help set' for more information on this command.
   - call an external program (ASperGE/MadWidth/...).
     Type 'help' for the list of available command
 [[4m0[0m, done, 1, param, 9, plot, enter path]
>INFO: starts to compute weight for events with the following modification to the param_card: 
INFO: set param_card dim6 4 -3.509851 # orig: -4.70413
KEEP:set param_card dim6 5 -14.88657 # orig: -2.237588
KEEP:set param_card dim62f 19 6.650933 # orig: 4.219889
KEEP: 
INFO: Event nb 0 current time: 21h11 
INFO: Event nb 10  0.09s  
INFO: Event nb 20  0.18s  
INFO: Event nb 30  0.26s  
INFO: Event nb 40  0.35s  
INFO: Event nb 50  0.44s  
INFO: Event nb 60  0.53s  
INFO: Event nb 70  0.61s  
INFO: Event nb 80  0.7s  
INFO: Event nb 90  0.79s  
INFO: Event nb 100  0.87s  
INFO: Event nb 200  1.7s  
INFO: Event nb 300  2.6s  
INFO: Event nb 400  3.5s  
INFO: Event nb 500  4.4s  
INFO: Event nb 600  5.2s  
INFO: Event nb 700  6.1s  
INFO: Event nb 800  7s  
INFO: Event nb 900  7.9s  
INFO: Event nb 1000  8.8s  
INFO: Event nb 2000  17.8s  
INFO: Event nb 3000  26.6s  
INFO: Event nb 4000  35.6s  
INFO: Event nb 5000  44.4s  
INFO: Event nb 6000  53.5s  
INFO: Event nb 7000  1m 2s  
INFO: Event nb 8000  1m 11s  
INFO: Event nb 9000  1m 20s  
INFO: Event nb 10000  1m 28s  
INFO: reducing number of print status. Next status update in 10000 events 
INFO: Event nb 20000  2m 58s  
INFO: All event done  (nb_event: 25000)  3m 42s  
INFO: Event /vols/cms/us322/events_4b/02_event_generation_4b/mg_processes/signal_supp_4/morphing_basis_vector_3/Events/run_01/unweighted_events.lhe have now the additional weight 
INFO: new cross-section is : 0.0732788 pb (indicative error: 0.0183683 pb) 
launch --rwgt_name=morphing_basis_vector_4
Do you want to edit a card (press enter to bypass editing)?
/------------------------------------------------------------\
|  [31m1[0m. param : [32mparam_card.dat[0m                                 |
|  [31m9[0m. plot  : [32mplot_card.dat[0m                                  |
\------------------------------------------------------------/
 you can also
   - enter the path to a valid card or banner.
   - use the 'set' command to modify a parameter directly.
     The set option works only for param_card and run_card.
     Type 'help set' for more information on this command.
   - call an external program (ASperGE/MadWidth/...).
     Type 'help' for the list of available command
 [[4m0[0m, done, 1, param, 9, plot, enter path]
>INFO: starts to compute weight for events with the following modification to the param_card: 
INFO: set param_card dim6 4 0.1140347 # orig: -4.70413
KEEP:set param_card dim6 5 4.567852 # orig: -2.237588
KEEP:set param_card dim62f 19 5.437451 # orig: 4.219889
KEEP: 
INFO: Event nb 0 current time: 21h15 
INFO: Event nb 10  0.09s  
INFO: Event nb 20  0.18s  
INFO: Event nb 30  0.26s  
INFO: Event nb 40  0.35s  
INFO: Event nb 50  0.44s  
INFO: Event nb 60  0.53s  
INFO: Event nb 70  0.62s  
INFO: Event nb 80  0.7s  
INFO: Event nb 90  0.79s  
INFO: Event nb 100  0.88s  
INFO: Event nb 200  1.8s  
INFO: Event nb 300  2.6s  
INFO: Event nb 400  3.5s  
INFO: Event nb 500  4.4s  
INFO: Event nb 600  5.3s  
INFO: Event nb 700  6.2s  
INFO: Event nb 800  7s  
INFO: Event nb 900  7.9s  
INFO: Event nb 1000  8.8s  
INFO: Event nb 2000  17.8s  
INFO: Event nb 3000  26.7s  
INFO: Event nb 4000  35.9s  
INFO: Event nb 5000  44.8s  
INFO: Event nb 6000  53.6s  
INFO: Event nb 7000  1m 2s  
INFO: Event nb 8000  1m 11s  
INFO: Event nb 9000  1m 20s  
INFO: Event nb 10000  1m 29s  
INFO: reducing number of print status. Next status update in 10000 events 
INFO: Event nb 20000  2m 58s  
INFO: All event done  (nb_event: 25000)  3m 43s  
INFO: Event /vols/cms/us322/events_4b/02_event_generation_4b/mg_processes/signal_supp_4/morphing_basis_vector_3/Events/run_01/unweighted_events.lhe have now the additional weight 
INFO: new cross-section is : 0.119413 pb (indicative error: 0.00753103 pb) 
launch --rwgt_name=morphing_basis_vector_5
Do you want to edit a card (press enter to bypass editing)?
/------------------------------------------------------------\
|  [31m1[0m. param : [32mparam_card.dat[0m                                 |
|  [31m9[0m. plot  : [32mplot_card.dat[0m                                  |
\------------------------------------------------------------/
 you can also
   - enter the path to a valid card or banner.
   - use the 'set' command to modify a parameter directly.
     The set option works only for param_card and run_card.
     Type 'help set' for more information on this command.
   - call an external program (ASperGE/MadWidth/...).
     Type 'help' for the list of available command
 [[4m0[0m, done, 1, param, 9, plot, enter path]
>INFO: starts to compute weight for events with the following modification to the param_card: 
INFO: set param_card dim6 4 2.704957 # orig: -4.70413
KEEP:set param_card dim6 5 -11.77089 # orig: -2.237588
KEEP:set param_card dim62f 19 -5.938309 # orig: 4.219889
KEEP: 
INFO: Event nb 0 current time: 21h19 
INFO: Event nb 10  0.09s  
INFO: Event nb 20  0.18s  
INFO: Event nb 30  0.31s  
INFO: Event nb 40  0.4s  
INFO: Event nb 50  0.49s  
INFO: Event nb 60  0.58s  
INFO: Event nb 70  0.67s  
INFO: Event nb 80  0.76s  
INFO: Event nb 90  0.85s  
INFO: Event nb 100  0.94s  
INFO: Event nb 200  1.8s  
INFO: Event nb 300  2.8s  
INFO: Event nb 400  3.7s  
INFO: Event nb 500  4.6s  
INFO: Event nb 600  5.5s  
INFO: Event nb 700  6.5s  
INFO: Event nb 800  7.4s  
INFO: Event nb 900  8.3s  
INFO: Event nb 1000  9.2s  
INFO: Event nb 2000  18.1s  
INFO: Event nb 3000  27.1s  
INFO: Event nb 4000  36s  
INFO: Event nb 5000  45s  
INFO: Event nb 6000  54s  
INFO: Event nb 7000  1m 3s  
INFO: Event nb 8000  1m 11s  
INFO: Event nb 9000  1m 20s  
INFO: Event nb 10000  1m 29s  
INFO: reducing number of print status. Next status update in 10000 events 
INFO: Event nb 20000  2m 58s  
INFO: All event done  (nb_event: 25000)  3m 42s  
INFO: Event /vols/cms/us322/events_4b/02_event_generation_4b/mg_processes/signal_supp_4/morphing_basis_vector_3/Events/run_01/unweighted_events.lhe have now the additional weight 
INFO: new cross-section is : 0.181437 pb (indicative error: 0.0310795 pb) 
launch --rwgt_name=morphing_basis_vector_6
Do you want to edit a card (press enter to bypass editing)?
/------------------------------------------------------------\
|  [31m1[0m. param : [32mparam_card.dat[0m                                 |
|  [31m9[0m. plot  : [32mplot_card.dat[0m                                  |
\------------------------------------------------------------/
 you can also
   - enter the path to a valid card or banner.
   - use the 'set' command to modify a parameter directly.
     The set option works only for param_card and run_card.
     Type 'help set' for more information on this command.
   - call an external program (ASperGE/MadWidth/...).
     Type 'help' for the list of available command
 [[4m0[0m, done, 1, param, 9, plot, enter path]
>INFO: starts to compute weight for events with the following modification to the param_card: 
INFO: set param_card dim6 4 4.585811 # orig: -4.70413
KEEP:set param_card dim6 5 6.747472 # orig: -2.237588
KEEP:set param_card dim62f 19 -2.432281 # orig: 4.219889
KEEP: 
INFO: Event nb 0 current time: 21h23 
INFO: Event nb 10  0.09s  
INFO: Event nb 20  0.18s  
INFO: Event nb 30  0.27s  
INFO: Event nb 40  0.36s  
INFO: Event nb 50  0.45s  
INFO: Event nb 60  0.54s  
INFO: Event nb 70  0.63s  
INFO: Event nb 80  0.72s  
INFO: Event nb 90  0.81s  
INFO: Event nb 100  0.9s  
INFO: Event nb 200  1.8s  
INFO: Event nb 300  2.7s  
INFO: Event nb 400  3.6s  
INFO: Event nb 500  4.5s  
INFO: Event nb 600  5.4s  
INFO: Event nb 700  6.3s  
INFO: Event nb 800  7.1s  
INFO: Event nb 900  8.1s  
INFO: Event nb 1000  9s  
INFO: Event nb 2000  17.7s  
INFO: Event nb 3000  26.5s  
INFO: Event nb 4000  35.5s  
INFO: Event nb 5000  44.2s  
INFO: Event nb 6000  53.1s  
INFO: Event nb 7000  1m 1s  
INFO: Event nb 8000  1m 10s  
INFO: Event nb 9000  1m 19s  
INFO: Event nb 10000  1m 28s  
INFO: reducing number of print status. Next status update in 10000 events 
INFO: Event nb 20000  2m 58s  
INFO: All event done  (nb_event: 25000)  3m 43s  
INFO: Event /vols/cms/us322/events_4b/02_event_generation_4b/mg_processes/signal_supp_4/morphing_basis_vector_3/Events/run_01/unweighted_events.lhe have now the additional weight 
INFO: new cross-section is : 0.0495221 pb (indicative error: 0.00414284 pb) 
launch --rwgt_name=morphing_basis_vector_7
Do you want to edit a card (press enter to bypass editing)?
/------------------------------------------------------------\
|  [31m1[0m. param : [32mparam_card.dat[0m                                 |
|  [31m9[0m. plot  : [32mplot_card.dat[0m                                  |
\------------------------------------------------------------/
 you can also
   - enter the path to a valid card or banner.
   - use the 'set' command to modify a parameter directly.
     The set option works only for param_card and run_card.
     Type 'help set' for more information on this command.
   - call an external program (ASperGE/MadWidth/...).
     Type 'help' for the list of available command
 [[4m0[0m, done, 1, param, 9, plot, enter path]
>INFO: starts to compute weight for events with the following modification to the param_card: 
INFO: set param_card dim6 4 -1.246802 # orig: -4.70413
KEEP:set param_card dim6 5 -14.80999 # orig: -2.237588
KEEP:set param_card dim62f 19 0.4606651 # orig: 4.219889
KEEP: 
INFO: Event nb 0 current time: 21h26 
INFO: Event nb 10  0.09s  
INFO: Event nb 20  0.18s  
INFO: Event nb 30  0.27s  
INFO: Event nb 40  0.36s  
INFO: Event nb 50  0.44s  
INFO: Event nb 60  0.53s  
INFO: Event nb 70  0.62s  
INFO: Event nb 80  0.71s  
INFO: Event nb 90  0.8s  
INFO: Event nb 100  0.88s  
INFO: Event nb 200  1.8s  
INFO: Event nb 300  2.6s  
INFO: Event nb 400  3.6s  
INFO: Event nb 500  4.6s  
INFO: Event nb 600  5.5s  
INFO: Event nb 700  6.4s  
INFO: Event nb 800  7.2s  
INFO: Event nb 900  8.1s  
INFO: Event nb 1000  9.1s  
INFO: Event nb 2000  18s  
INFO: Event nb 3000  26.9s  
INFO: Event nb 4000  36s  
INFO: Event nb 5000  44.8s  
INFO: Event nb 6000  53.8s  
INFO: Event nb 7000  1m 2s  
INFO: Event nb 8000  1m 11s  
INFO: Event nb 9000  1m 20s  
INFO: Event nb 10000  1m 29s  
INFO: reducing number of print status. Next status update in 10000 events 
INFO: Event nb 20000  2m 59s  
INFO: All event done  (nb_event: 25000)  3m 44s  
INFO: Event /vols/cms/us322/events_4b/02_event_generation_4b/mg_processes/signal_supp_4/morphing_basis_vector_3/Events/run_01/unweighted_events.lhe have now the additional weight 
INFO: new cross-section is : 0.123664 pb (indicative error: 0.0290682 pb) 
launch --rwgt_name=morphing_basis_vector_8
Do you want to edit a card (press enter to bypass editing)?
/------------------------------------------------------------\
|  [31m1[0m. param : [32mparam_card.dat[0m                                 |
|  [31m9[0m. plot  : [32mplot_card.dat[0m                                  |
\------------------------------------------------------------/
 you can also
   - enter the path to a valid card or banner.
   - use the 'set' command to modify a parameter directly.
     The set option works only for param_card and run_card.
     Type 'help set' for more information on this command.
   - call an external program (ASperGE/MadWidth/...).
     Type 'help' for the list of available command
 [[4m0[0m, done, 1, param, 9, plot, enter path]
>INFO: starts to compute weight for events with the following modification to the param_card: 
INFO: set param_card dim6 4 -1.757994 # orig: -4.70413
KEEP:set param_card dim6 5 7.687006 # orig: -2.237588
KEEP:set param_card dim62f 19 -4.792287 # orig: 4.219889
KEEP: 
INFO: Event nb 0 current time: 21h30 
INFO: Event nb 10  0.089s  
INFO: Event nb 20  0.18s  
INFO: Event nb 30  0.27s  
INFO: Event nb 40  0.35s  
INFO: Event nb 50  0.44s  
INFO: Event nb 60  0.53s  
INFO: Event nb 70  0.61s  
INFO: Event nb 80  0.71s  
INFO: Event nb 90  0.79s  
INFO: Event nb 100  0.88s  
INFO: Event nb 200  1.8s  
INFO: Event nb 300  2.7s  
INFO: Event nb 400  3.6s  
INFO: Event nb 500  4.5s  
INFO: Event nb 600  5.4s  
INFO: Event nb 700  6.3s  
INFO: Event nb 800  7.2s  
INFO: Event nb 900  8.1s  
INFO: Event nb 1000  8.9s  
INFO: Event nb 2000  18s  
INFO: Event nb 3000  26.8s  
INFO: Event nb 4000  35.9s  
INFO: Event nb 5000  44.8s  
INFO: Event nb 6000  53.8s  
INFO: Event nb 7000  1m 2s  
INFO: Event nb 8000  1m 11s  
INFO: Event nb 9000  1m 20s  
INFO: Event nb 10000  1m 29s  
INFO: reducing number of print status. Next status update in 10000 events 
INFO: Event nb 20000  2m 58s  
INFO: All event done  (nb_event: 25000)  3m 43s  
INFO: Event /vols/cms/us322/events_4b/02_event_generation_4b/mg_processes/signal_supp_4/morphing_basis_vector_3/Events/run_01/unweighted_events.lhe have now the additional weight 
INFO: new cross-section is : 0.0941273 pb (indicative error: 0.0113015 pb) 
launch --rwgt_name=morphing_basis_vector_9
Do you want to edit a card (press enter to bypass editing)?
/------------------------------------------------------------\
|  [31m1[0m. param : [32mparam_card.dat[0m                                 |
|  [31m9[0m. plot  : [32mplot_card.dat[0m                                  |
\------------------------------------------------------------/
 you can also
   - enter the path to a valid card or banner.
   - use the 'set' command to modify a parameter directly.
     The set option works only for param_card and run_card.
     Type 'help set' for more information on this command.
   - call an external program (ASperGE/MadWidth/...).
     Type 'help' for the list of available command
 [[4m0[0m, done, 1, param, 9, plot, enter path]
>INFO: starts to compute weight for events with the following modification to the param_card: 
INFO: set param_card dim6 4 3.774042 # orig: -4.70413
KEEP:set param_card dim6 5 0.6799669 # orig: -2.237588
KEEP:set param_card dim62f 19 4.975328 # orig: 4.219889
KEEP: 
INFO: Event nb 0 current time: 21h34 
INFO: Event nb 10  0.09s  
INFO: Event nb 20  0.18s  
INFO: Event nb 30  0.27s  
INFO: Event nb 40  0.35s  
INFO: Event nb 50  0.44s  
INFO: Event nb 60  0.53s  
INFO: Event nb 70  0.62s  
INFO: Event nb 80  0.7s  
INFO: Event nb 90  0.79s  
INFO: Event nb 100  0.88s  
INFO: Event nb 200  1.8s  
INFO: Event nb 300  2.7s  
INFO: Event nb 400  3.5s  
INFO: Event nb 500  4.4s  
INFO: Event nb 600  5.3s  
INFO: Event nb 700  6.2s  
INFO: Event nb 800  7.1s  
INFO: Event nb 900  7.9s  
INFO: Event nb 1000  8.8s  
INFO: Event nb 2000  17.6s  
INFO: Event nb 3000  26.4s  
INFO: Event nb 4000  35.2s  
INFO: Event nb 5000  44.1s  
INFO: Event nb 6000  53s  
INFO: Event nb 7000  1m 1s  
INFO: Event nb 8000  1m 10s  
INFO: Event nb 9000  1m 19s  
INFO: Event nb 10000  1m 28s  
INFO: reducing number of print status. Next status update in 10000 events 
INFO: Event nb 20000  2m 56s  
INFO: All event done  (nb_event: 25000)  3m 41s  
INFO: Event /vols/cms/us322/events_4b/02_event_generation_4b/mg_processes/signal_supp_4/morphing_basis_vector_3/Events/run_01/unweighted_events.lhe have now the additional weight 
INFO: new cross-section is : 0.0288927 pb (indicative error: 0.000725771 pb) 
INFO: Original cross-section: 0.048722 +- 2.8374e-05 pb (cross-section from sum of weights: 0.048721999999998) 
INFO: Computed cross-section: 
INFO: morphing_basis_vector_1 : 0.048264726354031055 +- 0.010712698353282007 pb 
INFO: morphing_basis_vector_2 : 0.07327881328484605 +- 0.018368320000023898 pb 
INFO: morphing_basis_vector_4 : 0.11941292274882652 +- 0.0075310306356154415 pb 
INFO: morphing_basis_vector_5 : 0.18143684464357107 +- 0.03107954466357558 pb 
INFO: morphing_basis_vector_6 : 0.049522136692563896 +- 0.004142844114978773 pb 
INFO: morphing_basis_vector_7 : 0.12366429064180369 +- 0.029068184259632087 pb 
INFO: morphing_basis_vector_8 : 0.09412725223831074 +- 0.011301459481229261 pb 
INFO: morphing_basis_vector_9 : 0.02889266095683797 +- 0.0007257708873360866 pb 
INFO: sm : 0.015933140968946484 +- 0.0006106538979658159 pb 
INFO: quit rwgt 
decay_events -from_cards
INFO: Running MadSpin 
INFO: This functionality allows for the decay of resonances 
INFO: in a .lhe file, keeping track of the spin correlation effets. 
INFO: BE AWARE OF THE CURRENT LIMITATIONS: 
INFO:   (1) Only a succession of 2 body decay are currently allowed 
************************************************************
*                                                          *
*           W E L C O M E  to  M A D S P I N               *
*                                                          *
************************************************************
INFO: Extracting the banner ... 
INFO: process: p p > H H QED=2 QCD=2  
INFO: options: NP=2  
INFO: detected model: SMEFTatNLO-LO. Loading... 
lhapdf-config does not seem to correspond to a valid lhapdf-config executable. 
Please set the 'lhapdf' variable to the (absolute) /PATH/TO/lhapdf-config (including lhapdf-config).
Note that you can still compile and run aMC@NLO with the built-in PDFs
 MG5_aMC> set lhapdf /PATH/TO/lhapdf-config

Set group_subprocesses to Auto
Note that you need to regenerate all processes
import model heft --bypass_check
[1;34mWARNING: No param_card defined for the new model. We will use the default one but this might completely wrong. [0m
INFO: detected model: heft. Loading... 
INFO: reload from .py file 
INFO: load particles 
INFO: load vertices 
INFO: Restrict model heft with file ../../../../srv/localstage/condor/dir_2053891/mg5amcnlo/models/heft/restrict_default.dat . 
INFO: Run "set stdout_level DEBUG" before import for more information. 
[1;34mPass the definition of 'j' and 'p' to 4 flavour scheme.[0m
Kept definitions of multiparticles l+ / l- / vl / vl~ unchanged
Removed obsolete multiparticles all
Defined multiparticle all = g u c d s u~ c~ d~ s~ a ve vm vt e- m- ve~ vm~ vt~ e+ m+ t b t~ b~ z w+ h h1 w- tt- tt+
set spinmode None          # Use one of the madspin special mode
set max_weight_ps_point 400  # number of PS to estimate the maximum for each event
decay h > b b~
decay h > b b~
launch
INFO: Will use seed 437203948 
INFO: generate 25000 decay event for particle h 
INFO: Will use seed 722595447 
stty: 'standard input': Inappropriate ioctl for device
  0%|          | 0/691 [00:00<?, ?it/s]100%|██████████| 691/691 [00:00<00:00, 134496.45it/s]stty: 'standard input': Inappropriate ioctl for device

  0%|          | 0/691 [00:00<?, ?it/s]100%|██████████| 691/691 [00:00<00:00, 148659.42it/s]decaying event number 100 [0.0629889965057373 s]
decaying event number 200 [0.12471938133239746 s]
decaying event number 300 [0.18651247024536133 s]
decaying event number 400 [0.24853777885437012 s]
decaying event number 500 [0.3108499050140381 s]
decaying event number 600 [0.3725931644439697 s]
decaying event number 700 [0.4342784881591797 s]
decaying event number 800 [0.49568915367126465 s]
decaying event number 900 [0.556891679763794 s]
decaying event number 1000 [0.6184203624725342 s]
decaying event number 2000 [1.2320308685302734 s]
decaying event number 3000 [1.8477697372436523 s]
decaying event number 4000 [2.464804172515869 s]
decaying event number 5000 [3.0822761058807373 s]
decaying event number 6000 [3.70443058013916 s]
decaying event number 7000 [4.32035493850708 s]
decaying event number 8000 [4.933942079544067 s]
decaying event number 9000 [5.550891160964966 s]
decaying event number 10000 [6.172498941421509 s]
decaying event number 20000 [12.349705457687378 s]
INFO: The decayed event file has been moved to the following location:  
INFO: /vols/cms/us322/events_4b/02_event_generation_4b/mg_processes/signal_supp_4/morphing_basis_vector_3/Events/run_01_decayed_1/unweighted_events.lhe.gz 
INFO: MadSpin Done 
INFO: [92mRunning Pythia8 [arXiv:1410.3012][0m 

[1;31mCommand "generate_events run_01" interrupted with error:
EOFError : Compressed file ended before the end-of-stream marker was reached
Please report this bug on https://bugs.launchpad.net/mg5amcnlo
More information is found in '/vols/cms/us322/events_4b/02_event_generation_4b/mg_processes/signal_supp_4/morphing_basis_vector_3/run_01_decayed_1_tag_1_debug.log'.
Please attach this file to your report.[0m
INFO: storing files of previous run 
INFO: Done 
INFO:  
INFO:  
[1;34mcommand not executed:         shower=Pythia8[0m
[1;34mcommand not executed:         detector=OFF[0m
[1;34mcommand not executed:         analysis=OFF[0m
[1;34mcommand not executed:         madspin=ON[0m
[1;34mcommand not executed:         reweight=ON[0m
[1;34mcommand not executed:         done[0m
[1;34mcommand not executed:         [0m
quit
INFO:  
order=LO
[1;34mCommand "order=LO" not recognized, please try again[0m
quit
 mdl_vev0 =    246.22056907348588     
 mdl_vev0__exp__2 =    60624.568634871226     
 mdl_dlam =   0.45759933651977336     
 mdl_ee0 =   0.31345063981313520     
 mdl_cw =   0.87538656571726847     
 mdl_muH =    68.165123028343629     
 mdl_sw =   0.48342358295983689     
 mdl_g1 =   0.35807111062562641     
 mdl_gw =   0.64839749416853931     
 mdl_lam =    6.9897490058211470E-002
 mdl_vev =    246.22056907348588     
 mdl_ee =   0.31345063981313520     
 mdl_ee__exp__2 =    9.8251303599263817E-002
 mdl_aEW =    7.8185903165226816E-003
 aEWM1 =    127.90029398096792     
 mdl_ee0__exp__2 =    9.8251303599263817E-002
 mdl_ee0__exp__3 =    3.0796933975663836E-002
 mdl_vev0__exp__3 =    14927015.789112596     
  Internal Params evaluated point by point
  ----------------------------------------
  
 mdl_sqrt__aS =   0.34496376621320685     
 mdl_G__exp__2 =    1.4953981031087418     
 mdl_G__exp__3 =    1.8286695702272273     
 mdl_G__exp__4 =    2.2362154867812229     
 mdl_MU_R__exp__2 =    8315.2513440000002     
  Couplings of SMEFTatNLO-LO
  ---------------------------------
  
        GC_11 =   0.00000E+00   0.12229E+01
 R2GC_1297_467 =  0.00000E+00   0.98798E-02
 R2GC_1298_468 =  0.00000E+00   0.17412E+00
 R2GC_618_1801 = -0.00000E+00  -0.92422E-02
 R2GC_631_1814 = -0.00000E+00  -0.22756E+01
      GC_1822 =   0.00000E+00   0.25987E-02
      GC_1842 =   0.00000E+00   0.53452E-01
       GC_322 =  -0.00000E+00  -0.19038E+03
       GC_420 =   0.00000E+00   0.60899E+02
       GC_422 =   0.00000E+00   0.37170E-02
       GC_431 =   0.00000E+00  -0.43558E+02
       GC_546 =  -0.00000E+00  -0.69856E+00
